[ 2018-05-09T18:53:50+08:00 ] 127.0.0.1 /Admin/Goods/add.html
INFO: [ app_init ] --START--
INFO: Run Behavior\BuildLiteBehavior [ RunTime:0.000031s ]
INFO: [ app_init ] --END-- [ RunTime:0.023432s ]
INFO: [ app_begin ] --START--
INFO: Run Behavior\ReadHtmlCacheBehavior [ RunTime:0.009975s ]
INFO: [ app_begin ] --END-- [ RunTime:0.010178s ]
SQL: SHOW COLUMNS FROM `ecshop_admin` [ RunTime:0.1039s ]
SQL: SELECT `role_id` FROM `ecshop_admin` LIMIT 1   [ RunTime:0.0145s ]
SQL: SHOW COLUMNS FROM `ecshop_role` [ RunTime:0.0404s ]
SQL: SELECT `auth_id` FROM `ecshop_role` WHERE ( id in (1,2) )  [ RunTime:0.0302s ]
SQL: SHOW COLUMNS FROM `ecshop_auth` [ RunTime:0.0202s ]
SQL: SELECT * FROM `ecshop_auth` WHERE ( id in(1,2) )  [ RunTime:0.0008s ]
SQL: SHOW COLUMNS FROM `ecshop_type` [ RunTime:0.0264s ]
SQL: SELECT * FROM `ecshop_type`  [ RunTime:0.0007s ]
SQL: SHOW COLUMNS FROM `ecshop_category` [ RunTime:0.0183s ]
SQL: SELECT * FROM `ecshop_category`  [ RunTime:0.0008s ]
SQL: SHOW COLUMNS FROM `ecshop_brand` [ RunTime:0.0148s ]
SQL: SELECT `id`,`brand_name` FROM `ecshop_brand`  [ RunTime:0.0008s ]
INFO: [ view_parse ] --START--
INFO: [ template_filter ] --START--
INFO: Run Behavior\ContentReplaceBehavior [ RunTime:0.017138s ]
INFO: [ template_filter ] --END-- [ RunTime:0.017183s ]
NOTIC: [8] Undefined variable: type_id E:\WWW\myprotect\Shop\Runtime\Cache\Admin\bcf61832b5520a5ca7370143cfc75300.php 第 194 行.
NOTIC: [8] Undefined variable: type_id E:\WWW\myprotect\Shop\Runtime\Cache\Admin\bcf61832b5520a5ca7370143cfc75300.php 第 194 行.
INFO: Run Behavior\ParseTemplateBehavior [ RunTime:0.103108s ]
INFO: [ view_parse ] --END-- [ RunTime:0.103184s ]
INFO: [ view_filter ] --START--
INFO: Run Behavior\WriteHtmlCacheBehavior [ RunTime:0.014166s ]
INFO: [ view_filter ] --END-- [ RunTime:0.014203s ]
INFO: [ app_end ] --START--
INFO: Run Behavior\ShowPageTraceBehavior [ RunTime:0.000915s ]
INFO: [ app_end ] --END-- [ RunTime:0.000972s ]

[ 2018-05-09T19:25:40+08:00 ] 127.0.0.1 /Admin/Goods/add.html
INFO: [ app_init ] --START--
INFO: Run Behavior\BuildLiteBehavior [ RunTime:0.000010s ]
INFO: [ app_init ] --END-- [ RunTime:0.000320s ]
INFO: [ app_begin ] --START--
INFO: Run Behavior\ReadHtmlCacheBehavior [ RunTime:0.002264s ]
INFO: [ app_begin ] --END-- [ RunTime:0.002508s ]
SQL: SHOW COLUMNS FROM `ecshop_admin` [ RunTime:0.0188s ]
SQL: SELECT `role_id` FROM `ecshop_admin` LIMIT 1   [ RunTime:0.0007s ]
SQL: SHOW COLUMNS FROM `ecshop_role` [ RunTime:0.0090s ]
SQL: SELECT `auth_id` FROM `ecshop_role` WHERE ( id in (1,2) )  [ RunTime:0.0005s ]
SQL: SHOW COLUMNS FROM `ecshop_auth` [ RunTime:0.0073s ]
SQL: SELECT * FROM `ecshop_auth` WHERE ( id in(1,2) )  [ RunTime:0.0005s ]
SQL: SHOW COLUMNS FROM `ecshop_type` [ RunTime:0.0066s ]
SQL: SELECT * FROM `ecshop_type`  [ RunTime:0.0004s ]
SQL: SHOW COLUMNS FROM `ecshop_category` [ RunTime:0.0066s ]
SQL: SELECT * FROM `ecshop_category`  [ RunTime:0.0005s ]
SQL: SHOW COLUMNS FROM `ecshop_brand` [ RunTime:0.0044s ]
SQL: SELECT `id`,`brand_name` FROM `ecshop_brand`  [ RunTime:0.0002s ]
INFO: [ view_parse ] --START--
INFO: [ template_filter ] --START--
INFO: Run Behavior\ContentReplaceBehavior [ RunTime:0.000099s ]
INFO: [ template_filter ] --END-- [ RunTime:0.000128s ]
NOTIC: [8] Undefined variable: type_id E:\WWW\myprotect\Shop\Runtime\Cache\Admin\bcf61832b5520a5ca7370143cfc75300.php 第 194 行.
NOTIC: [8] Undefined variable: type_id E:\WWW\myprotect\Shop\Runtime\Cache\Admin\bcf61832b5520a5ca7370143cfc75300.php 第 194 行.
INFO: Run Behavior\ParseTemplateBehavior [ RunTime:0.007740s ]
INFO: [ view_parse ] --END-- [ RunTime:0.007793s ]
INFO: [ view_filter ] --START--
INFO: Run Behavior\WriteHtmlCacheBehavior [ RunTime:0.000373s ]
INFO: [ view_filter ] --END-- [ RunTime:0.000397s ]
INFO: [ app_end ] --START--
INFO: Run Behavior\ShowPageTraceBehavior [ RunTime:0.000572s ]
INFO: [ app_end ] --END-- [ RunTime:0.000603s ]

[ 2018-05-09T19:25:44+08:00 ] 127.0.0.1 /Admin/Auth/add.html
INFO: [ app_init ] --START--
INFO: Run Behavior\BuildLiteBehavior [ RunTime:0.000010s ]
INFO: [ app_init ] --END-- [ RunTime:0.000305s ]
INFO: [ app_begin ] --START--
INFO: Run Behavior\ReadHtmlCacheBehavior [ RunTime:0.000589s ]
INFO: [ app_begin ] --END-- [ RunTime:0.000679s ]
SQL: SHOW COLUMNS FROM `ecshop_admin` [ RunTime:0.0192s ]
SQL: SELECT `role_id` FROM `ecshop_admin` LIMIT 1   [ RunTime:0.0006s ]
SQL: SHOW COLUMNS FROM `ecshop_role` [ RunTime:0.0108s ]
SQL: SELECT `auth_id` FROM `ecshop_role` WHERE ( id in (1,2) )  [ RunTime:0.0007s ]
SQL: SHOW COLUMNS FROM `ecshop_auth` [ RunTime:0.0112s ]
SQL: SELECT * FROM `ecshop_auth` WHERE ( id in(1,2) )  [ RunTime:0.0008s ]
SQL: SELECT `id`,`auth_name`,`auth_level` FROM `ecshop_auth`  [ RunTime:0.0006s ]
INFO: [ view_parse ] --START--
INFO: [ template_filter ] --START--
INFO: Run Behavior\ContentReplaceBehavior [ RunTime:0.000190s ]
INFO: [ template_filter ] --END-- [ RunTime:0.000319s ]
INFO: Run Behavior\ParseTemplateBehavior [ RunTime:0.040649s ]
INFO: [ view_parse ] --END-- [ RunTime:0.040786s ]
INFO: [ view_filter ] --START--
INFO: Run Behavior\WriteHtmlCacheBehavior [ RunTime:0.000648s ]
INFO: [ view_filter ] --END-- [ RunTime:0.000779s ]
INFO: [ app_end ] --START--
INFO: Run Behavior\ShowPageTraceBehavior [ RunTime:0.001190s ]
INFO: [ app_end ] --END-- [ RunTime:0.001291s ]

[ 2018-05-09T19:26:02+08:00 ] 127.0.0.1 /Admin/MemberLevel/add.html
INFO: [ app_init ] --START--
INFO: Run Behavior\BuildLiteBehavior [ RunTime:0.000049s ]
INFO: [ app_init ] --END-- [ RunTime:0.000934s ]
INFO: [ app_begin ] --START--
INFO: Run Behavior\ReadHtmlCacheBehavior [ RunTime:0.000487s ]
INFO: [ app_begin ] --END-- [ RunTime:0.000534s ]
ERR: 无法加载控制器:MemberLevel

[ 2018-05-09T19:27:03+08:00 ] 127.0.0.1 /Admin/MemberLevel/add.html
INFO: [ app_init ] --START--
INFO: Run Behavior\BuildLiteBehavior [ RunTime:0.000012s ]
INFO: [ app_init ] --END-- [ RunTime:0.000600s ]
INFO: [ app_begin ] --START--
INFO: Run Behavior\ReadHtmlCacheBehavior [ RunTime:0.002544s ]
INFO: [ app_begin ] --END-- [ RunTime:0.002903s ]
SQL: SHOW COLUMNS FROM `ecshop_admin` [ RunTime:0.0156s ]
SQL: SELECT `role_id` FROM `ecshop_admin` LIMIT 1   [ RunTime:0.0007s ]
SQL: SHOW COLUMNS FROM `ecshop_role` [ RunTime:0.0103s ]
SQL: SELECT `auth_id` FROM `ecshop_role` WHERE ( id in (1,2) )  [ RunTime:0.0007s ]
SQL: SHOW COLUMNS FROM `ecshop_auth` [ RunTime:0.0085s ]
SQL: SELECT * FROM `ecshop_auth` WHERE ( id in(1,2) )  [ RunTime:0.0005s ]
INFO: [ view_parse ] --START--
INFO: [ template_filter ] --START--
INFO: Run Behavior\ContentReplaceBehavior [ RunTime:0.000114s ]
INFO: [ template_filter ] --END-- [ RunTime:0.000212s ]
INFO: Run Behavior\ParseTemplateBehavior [ RunTime:0.009857s ]
INFO: [ view_parse ] --END-- [ RunTime:0.009946s ]
INFO: [ view_filter ] --START--
INFO: Run Behavior\WriteHtmlCacheBehavior [ RunTime:0.000577s ]
INFO: [ view_filter ] --END-- [ RunTime:0.000639s ]
INFO: [ app_end ] --START--
INFO: Run Behavior\ShowPageTraceBehavior [ RunTime:0.000906s ]
INFO: [ app_end ] --END-- [ RunTime:0.000977s ]

[ 2018-05-09T19:31:49+08:00 ] 127.0.0.1 /Admin/MemberLevel/add.html
INFO: [ app_init ] --START--
INFO: Run Behavior\BuildLiteBehavior [ RunTime:0.000008s ]
INFO: [ app_init ] --END-- [ RunTime:0.000323s ]
INFO: [ app_begin ] --START--
INFO: Run Behavior\ReadHtmlCacheBehavior [ RunTime:0.000457s ]
INFO: [ app_begin ] --END-- [ RunTime:0.000500s ]
SQL: SHOW COLUMNS FROM `ecshop_admin` [ RunTime:0.0167s ]
SQL: SELECT `role_id` FROM `ecshop_admin` LIMIT 1   [ RunTime:0.0006s ]
SQL: SHOW COLUMNS FROM `ecshop_role` [ RunTime:0.0122s ]
SQL: SELECT `auth_id` FROM `ecshop_role` WHERE ( id in (1,2) )  [ RunTime:0.0008s ]
SQL: SHOW COLUMNS FROM `ecshop_auth` [ RunTime:0.0096s ]
SQL: SELECT * FROM `ecshop_auth` WHERE ( id in(1,2) )  [ RunTime:0.0006s ]
INFO: [ view_parse ] --START--
INFO: [ template_filter ] --START--
INFO: Run Behavior\ContentReplaceBehavior [ RunTime:0.000103s ]
INFO: [ template_filter ] --END-- [ RunTime:0.000214s ]
INFO: Run Behavior\ParseTemplateBehavior [ RunTime:0.011133s ]
INFO: [ view_parse ] --END-- [ RunTime:0.011230s ]
INFO: [ view_filter ] --START--
INFO: Run Behavior\WriteHtmlCacheBehavior [ RunTime:0.000682s ]
INFO: [ view_filter ] --END-- [ RunTime:0.000747s ]
INFO: [ app_end ] --START--
INFO: Run Behavior\ShowPageTraceBehavior [ RunTime:0.000968s ]
INFO: [ app_end ] --END-- [ RunTime:0.001041s ]

