[ 2018-05-05T19:12:43+08:00 ] 127.0.0.1 /Admin/Auth/lst
INFO: [ app_init ] --START--
INFO: Run Behavior\BuildLiteBehavior [ RunTime:0.000010s ]
INFO: [ app_init ] --END-- [ RunTime:0.000483s ]
INFO: [ app_begin ] --START--
INFO: Run Behavior\ReadHtmlCacheBehavior [ RunTime:0.000618s ]
INFO: [ app_begin ] --END-- [ RunTime:0.000655s ]
SQL: SHOW COLUMNS FROM `ecshop_admin` [ RunTime:0.0160s ]
SQL: SELECT `role_id` FROM `ecshop_admin` LIMIT 1   [ RunTime:0.0006s ]
SQL: SHOW COLUMNS FROM `ecshop_role` [ RunTime:0.0096s ]
SQL: SELECT `auth_id` FROM `ecshop_role` WHERE ( id in (1,2) )  [ RunTime:0.0005s ]
SQL: SHOW COLUMNS FROM `ecshop_auth` [ RunTime:0.0070s ]
SQL: SELECT * FROM `ecshop_auth` WHERE ( id in(1,2) )  [ RunTime:0.0004s ]
SQL: SHOW COLUMNS FROM `ecshop_auth` [ RunTime:0.0068s ]
SQL: SELECT COUNT(*) AS tp_count FROM `ecshop_auth` LIMIT 1   [ RunTime:0.0004s ]
SQL: SELECT * FROM `ecshop_auth` LIMIT 0,14   [ RunTime:0.0004s ]
INFO: [ view_parse ] --START--
INFO: [ template_filter ] --START--
INFO: Run Behavior\ContentReplaceBehavior [ RunTime:0.000091s ]
INFO: [ template_filter ] --END-- [ RunTime:0.000181s ]
INFO: Run Behavior\ParseTemplateBehavior [ RunTime:0.010785s ]
INFO: [ view_parse ] --END-- [ RunTime:0.010877s ]
INFO: [ view_filter ] --START--
INFO: Run Behavior\WriteHtmlCacheBehavior [ RunTime:0.000558s ]
INFO: [ view_filter ] --END-- [ RunTime:0.000607s ]
INFO: [ app_end ] --START--
INFO: Run Behavior\ShowPageTraceBehavior [ RunTime:0.000587s ]
INFO: [ app_end ] --END-- [ RunTime:0.000627s ]

[ 2018-05-05T19:12:47+08:00 ] 127.0.0.1 /Admin/Auth/add.html?pid=1
INFO: [ app_init ] --START--
INFO: Run Behavior\BuildLiteBehavior [ RunTime:0.000009s ]
INFO: [ app_init ] --END-- [ RunTime:0.000293s ]
INFO: [ app_begin ] --START--
INFO: Run Behavior\ReadHtmlCacheBehavior [ RunTime:0.000293s ]
INFO: [ app_begin ] --END-- [ RunTime:0.000326s ]
SQL: SHOW COLUMNS FROM `ecshop_admin` [ RunTime:0.0088s ]
SQL: SELECT `role_id` FROM `ecshop_admin` LIMIT 1   [ RunTime:0.0002s ]
SQL: SHOW COLUMNS FROM `ecshop_role` [ RunTime:0.0033s ]
SQL: SELECT `auth_id` FROM `ecshop_role` WHERE ( id in (1,2) )  [ RunTime:0.0002s ]
SQL: SHOW COLUMNS FROM `ecshop_auth` [ RunTime:0.0035s ]
SQL: SELECT * FROM `ecshop_auth` WHERE ( id in(1,2) )  [ RunTime:0.0002s ]
SQL: SELECT `id`,`auth_name`,`auth_level` FROM `ecshop_auth`  [ RunTime:0.0001s ]
INFO: [ view_parse ] --START--
INFO: [ template_filter ] --START--
INFO: Run Behavior\ContentReplaceBehavior [ RunTime:0.000048s ]
INFO: [ template_filter ] --END-- [ RunTime:0.000076s ]
INFO: Run Behavior\ParseTemplateBehavior [ RunTime:0.004523s ]
INFO: [ view_parse ] --END-- [ RunTime:0.004567s ]
INFO: [ view_filter ] --START--
INFO: Run Behavior\WriteHtmlCacheBehavior [ RunTime:0.000273s ]
INFO: [ view_filter ] --END-- [ RunTime:0.000299s ]
INFO: [ app_end ] --START--
INFO: Run Behavior\ShowPageTraceBehavior [ RunTime:0.000434s ]
INFO: [ app_end ] --END-- [ RunTime:0.000471s ]

[ 2018-05-05T19:17:07+08:00 ] 127.0.0.1 /Admin/Admin
INFO: [ app_init ] --START--
INFO: Run Behavior\BuildLiteBehavior [ RunTime:0.000023s ]
INFO: [ app_init ] --END-- [ RunTime:0.000480s ]
INFO: [ app_begin ] --START--
INFO: Run Behavior\ReadHtmlCacheBehavior [ RunTime:0.000412s ]
INFO: [ app_begin ] --END-- [ RunTime:0.000447s ]
SQL: SHOW COLUMNS FROM `ecshop_admin` [ RunTime:0.0088s ]
SQL: SELECT `role_id` FROM `ecshop_admin` LIMIT 1   [ RunTime:0.0002s ]
SQL: SHOW COLUMNS FROM `ecshop_role` [ RunTime:0.0027s ]
SQL: SELECT `auth_id` FROM `ecshop_role` WHERE ( id in (1,2) )  [ RunTime:0.0002s ]
SQL: SHOW COLUMNS FROM `ecshop_auth` [ RunTime:0.0038s ]
SQL: SELECT * FROM `ecshop_auth` WHERE ( id in(1,2) )  [ RunTime:0.0004s ]
ERR: 非法操作:index

[ 2018-05-05T19:17:13+08:00 ] 127.0.0.1 /Admin/Admin/index
INFO: [ app_init ] --START--
INFO: Run Behavior\BuildLiteBehavior [ RunTime:0.000008s ]
INFO: [ app_init ] --END-- [ RunTime:0.000275s ]
INFO: [ app_begin ] --START--
INFO: Run Behavior\ReadHtmlCacheBehavior [ RunTime:0.000667s ]
INFO: [ app_begin ] --END-- [ RunTime:0.000909s ]
SQL: SHOW COLUMNS FROM `ecshop_admin` [ RunTime:0.0032s ]
SQL: SELECT `role_id` FROM `ecshop_admin` LIMIT 1   [ RunTime:0.0002s ]
SQL: SHOW COLUMNS FROM `ecshop_role` [ RunTime:0.0028s ]
SQL: SELECT `auth_id` FROM `ecshop_role` WHERE ( id in (1,2) )  [ RunTime:0.0002s ]
SQL: SHOW COLUMNS FROM `ecshop_auth` [ RunTime:0.0031s ]
SQL: SELECT * FROM `ecshop_auth` WHERE ( id in(1,2) )  [ RunTime:0.0002s ]
ERR: 非法操作:index

[ 2018-05-05T19:17:21+08:00 ] 127.0.0.1 /Admin/Admin/lst
INFO: [ app_init ] --START--
INFO: Run Behavior\BuildLiteBehavior [ RunTime:0.000010s ]
INFO: [ app_init ] --END-- [ RunTime:0.000332s ]
INFO: [ app_begin ] --START--
INFO: Run Behavior\ReadHtmlCacheBehavior [ RunTime:0.000301s ]
INFO: [ app_begin ] --END-- [ RunTime:0.000349s ]
SQL: SHOW COLUMNS FROM `ecshop_admin` [ RunTime:0.0084s ]
SQL: SELECT `role_id` FROM `ecshop_admin` LIMIT 1   [ RunTime:0.0003s ]
SQL: SHOW COLUMNS FROM `ecshop_role` [ RunTime:0.0033s ]
SQL: SELECT `auth_id` FROM `ecshop_role` WHERE ( id in (1,2) )  [ RunTime:0.0002s ]
SQL: SHOW COLUMNS FROM `ecshop_auth` [ RunTime:0.0047s ]
SQL: SELECT * FROM `ecshop_auth` WHERE ( id in(1,2) )  [ RunTime:0.0002s ]
SQL: SHOW COLUMNS FROM `ecshop_admin` [ RunTime:0.0040s ]
SQL: SELECT * FROM `ecshop_admin`  [ RunTime:0.0002s ]
SQL: SELECT `id`,`role_name` FROM `ecshop_role`  [ RunTime:0.0002s ]
INFO: [ view_parse ] --START--
INFO: [ template_filter ] --START--
INFO: Run Behavior\ContentReplaceBehavior [ RunTime:0.000070s ]
INFO: [ template_filter ] --END-- [ RunTime:0.000137s ]
INFO: Run Behavior\ParseTemplateBehavior [ RunTime:0.008155s ]
INFO: [ view_parse ] --END-- [ RunTime:0.008191s ]
INFO: [ view_filter ] --START--
INFO: Run Behavior\WriteHtmlCacheBehavior [ RunTime:0.000257s ]
INFO: [ view_filter ] --END-- [ RunTime:0.000282s ]
INFO: [ app_end ] --START--
INFO: Run Behavior\ShowPageTraceBehavior [ RunTime:0.000371s ]
INFO: [ app_end ] --END-- [ RunTime:0.000398s ]

[ 2018-05-05T19:18:11+08:00 ] 127.0.0.1 /Admin/Admin/edit/id/2.html
INFO: [ app_init ] --START--
INFO: Run Behavior\BuildLiteBehavior [ RunTime:0.000008s ]
INFO: [ app_init ] --END-- [ RunTime:0.000268s ]
INFO: [ app_begin ] --START--
INFO: Run Behavior\ReadHtmlCacheBehavior [ RunTime:0.000783s ]
INFO: [ app_begin ] --END-- [ RunTime:0.000872s ]
SQL: SHOW COLUMNS FROM `ecshop_admin` [ RunTime:0.0086s ]
SQL: SELECT `role_id` FROM `ecshop_admin` LIMIT 1   [ RunTime:0.0002s ]
SQL: SHOW COLUMNS FROM `ecshop_role` [ RunTime:0.0029s ]
SQL: SELECT `auth_id` FROM `ecshop_role` WHERE ( id in (1,2) )  [ RunTime:0.0003s ]
SQL: SHOW COLUMNS FROM `ecshop_auth` [ RunTime:0.0032s ]
SQL: SELECT * FROM `ecshop_auth` WHERE ( id in(1,2) )  [ RunTime:0.0002s ]
SQL: SELECT * FROM `ecshop_admin` WHERE `id` = 2 LIMIT 1   [ RunTime:0.0003s ]
SQL: SELECT `id`,`role_name` FROM `ecshop_role`  [ RunTime:0.0001s ]
NOTIC: [8] Undefined variable: roleDataadmin E:\WWW\myprotect\Shop\Admin\Controller\AdminController.class.php 第 62 行.
INFO: [ view_parse ] --START--
INFO: [ template_filter ] --START--
INFO: Run Behavior\ContentReplaceBehavior [ RunTime:0.000074s ]
INFO: [ template_filter ] --END-- [ RunTime:0.000122s ]
INFO: Run Behavior\ParseTemplateBehavior [ RunTime:0.006356s ]
INFO: [ view_parse ] --END-- [ RunTime:0.006394s ]
INFO: [ view_filter ] --START--
INFO: Run Behavior\WriteHtmlCacheBehavior [ RunTime:0.000320s ]
INFO: [ view_filter ] --END-- [ RunTime:0.000346s ]
INFO: [ app_end ] --START--
INFO: Run Behavior\ShowPageTraceBehavior [ RunTime:0.000529s ]
INFO: [ app_end ] --END-- [ RunTime:0.000574s ]

[ 2018-05-05T19:19:07+08:00 ] 127.0.0.1 /Admin/Admin/edit/id/2.html
INFO: [ app_init ] --START--
INFO: Run Behavior\BuildLiteBehavior [ RunTime:0.000023s ]
INFO: [ app_init ] --END-- [ RunTime:0.000279s ]
INFO: [ app_begin ] --START--
INFO: Run Behavior\ReadHtmlCacheBehavior [ RunTime:0.000480s ]
INFO: [ app_begin ] --END-- [ RunTime:0.000525s ]
SQL: SHOW COLUMNS FROM `ecshop_admin` [ RunTime:0.0125s ]
SQL: SELECT `role_id` FROM `ecshop_admin` LIMIT 1   [ RunTime:0.0004s ]
SQL: SHOW COLUMNS FROM `ecshop_role` [ RunTime:0.0061s ]
SQL: SELECT `auth_id` FROM `ecshop_role` WHERE ( id in (1,2) )  [ RunTime:0.0005s ]
SQL: SHOW COLUMNS FROM `ecshop_auth` [ RunTime:0.0068s ]
SQL: SELECT * FROM `ecshop_auth` WHERE ( id in(1,2) )  [ RunTime:0.0005s ]
SQL: SELECT * FROM `ecshop_admin` WHERE `id` = 2 LIMIT 1   [ RunTime:0.0003s ]
SQL: SELECT `id`,`role_name` FROM `ecshop_role`  [ RunTime:0.0002s ]
NOTIC: [8] Undefined variable: roleDataadmin E:\WWW\myprotect\Shop\Admin\Controller\AdminController.class.php 第 62 行.
INFO: [ view_parse ] --START--
INFO: [ template_filter ] --START--
INFO: Run Behavior\ContentReplaceBehavior [ RunTime:0.000049s ]
INFO: [ template_filter ] --END-- [ RunTime:0.000101s ]
INFO: Run Behavior\ParseTemplateBehavior [ RunTime:0.005950s ]
INFO: [ view_parse ] --END-- [ RunTime:0.005989s ]
INFO: [ view_filter ] --START--
INFO: Run Behavior\WriteHtmlCacheBehavior [ RunTime:0.000308s ]
INFO: [ view_filter ] --END-- [ RunTime:0.000334s ]
INFO: [ app_end ] --START--
INFO: Run Behavior\ShowPageTraceBehavior [ RunTime:0.000658s ]
INFO: [ app_end ] --END-- [ RunTime:0.000704s ]

[ 2018-05-05T19:19:10+08:00 ] 127.0.0.1 /Admin/Admin/edit/id/2.html
INFO: [ app_init ] --START--
INFO: Run Behavior\BuildLiteBehavior [ RunTime:0.000008s ]
INFO: [ app_init ] --END-- [ RunTime:0.000239s ]
INFO: [ app_begin ] --START--
INFO: Run Behavior\ReadHtmlCacheBehavior [ RunTime:0.000287s ]
INFO: [ app_begin ] --END-- [ RunTime:0.000320s ]
SQL: SHOW COLUMNS FROM `ecshop_admin` [ RunTime:0.0089s ]
SQL: SELECT `role_id` FROM `ecshop_admin` LIMIT 1   [ RunTime:0.0002s ]
SQL: SHOW COLUMNS FROM `ecshop_role` [ RunTime:0.0033s ]
SQL: SELECT `auth_id` FROM `ecshop_role` WHERE ( id in (1,2) )  [ RunTime:0.0003s ]
SQL: SHOW COLUMNS FROM `ecshop_auth` [ RunTime:0.0035s ]
SQL: SELECT * FROM `ecshop_auth` WHERE ( id in(1,2) )  [ RunTime:0.0003s ]
SQL: SELECT * FROM `ecshop_admin` WHERE `id` = 2 LIMIT 1   [ RunTime:0.0003s ]
SQL: SELECT `id`,`role_name` FROM `ecshop_role`  [ RunTime:0.0002s ]
NOTIC: [8] Undefined variable: roleDataadmin E:\WWW\myprotect\Shop\Admin\Controller\AdminController.class.php 第 62 行.
INFO: [ view_parse ] --START--
INFO: [ template_filter ] --START--
INFO: Run Behavior\ContentReplaceBehavior [ RunTime:0.000044s ]
INFO: [ template_filter ] --END-- [ RunTime:0.000092s ]
INFO: Run Behavior\ParseTemplateBehavior [ RunTime:0.006479s ]
INFO: [ view_parse ] --END-- [ RunTime:0.006522s ]
INFO: [ view_filter ] --START--
INFO: Run Behavior\WriteHtmlCacheBehavior [ RunTime:0.000306s ]
INFO: [ view_filter ] --END-- [ RunTime:0.000331s ]
INFO: [ app_end ] --START--
INFO: Run Behavior\ShowPageTraceBehavior [ RunTime:0.000430s ]
INFO: [ app_end ] --END-- [ RunTime:0.000457s ]

[ 2018-05-05T19:20:22+08:00 ] 127.0.0.1 /Admin/Admin/edit/id/2.html
INFO: [ app_init ] --START--
INFO: Run Behavior\BuildLiteBehavior [ RunTime:0.000018s ]
INFO: [ app_init ] --END-- [ RunTime:0.000359s ]
INFO: [ app_begin ] --START--
INFO: Run Behavior\ReadHtmlCacheBehavior [ RunTime:0.000557s ]
INFO: [ app_begin ] --END-- [ RunTime:0.000604s ]
SQL: SHOW COLUMNS FROM `ecshop_admin` [ RunTime:0.0162s ]
SQL: SELECT `role_id` FROM `ecshop_admin` LIMIT 1   [ RunTime:0.0006s ]
SQL: SHOW COLUMNS FROM `ecshop_role` [ RunTime:0.0100s ]
SQL: SELECT `auth_id` FROM `ecshop_role` WHERE ( id in (1,2) )  [ RunTime:0.0008s ]
SQL: SHOW COLUMNS FROM `ecshop_auth` [ RunTime:0.0113s ]
SQL: SELECT * FROM `ecshop_auth` WHERE ( id in(1,2) )  [ RunTime:0.0007s ]
SQL: SELECT * FROM `ecshop_admin` WHERE `id` = 2 LIMIT 1   [ RunTime:0.0003s ]
SQL: SELECT `id`,`role_name` FROM `ecshop_role`  [ RunTime:0.0002s ]
NOTIC: [8] Undefined variable: roleDataadmin E:\WWW\myprotect\Shop\Admin\Controller\AdminController.class.php 第 62 行.
INFO: [ view_parse ] --START--
INFO: [ template_filter ] --START--
INFO: Run Behavior\ContentReplaceBehavior [ RunTime:0.000046s ]
INFO: [ template_filter ] --END-- [ RunTime:0.000091s ]
INFO: Run Behavior\ParseTemplateBehavior [ RunTime:0.006090s ]
INFO: [ view_parse ] --END-- [ RunTime:0.006126s ]
INFO: [ view_filter ] --START--
INFO: Run Behavior\WriteHtmlCacheBehavior [ RunTime:0.000302s ]
INFO: [ view_filter ] --END-- [ RunTime:0.000328s ]
INFO: [ app_end ] --START--
INFO: Run Behavior\ShowPageTraceBehavior [ RunTime:0.000488s ]
INFO: [ app_end ] --END-- [ RunTime:0.000515s ]

[ 2018-05-05T19:22:12+08:00 ] 127.0.0.1 /Admin/Admin/edit/id/2.html
INFO: [ app_init ] --START--
INFO: Run Behavior\BuildLiteBehavior [ RunTime:0.000015s ]
INFO: [ app_init ] --END-- [ RunTime:0.001100s ]
INFO: [ app_begin ] --START--
INFO: Run Behavior\ReadHtmlCacheBehavior [ RunTime:0.000341s ]
INFO: [ app_begin ] --END-- [ RunTime:0.000390s ]
SQL: SHOW COLUMNS FROM `ecshop_admin` [ RunTime:0.0091s ]
SQL: SELECT `role_id` FROM `ecshop_admin` LIMIT 1   [ RunTime:0.0002s ]
SQL: SHOW COLUMNS FROM `ecshop_role` [ RunTime:0.0033s ]
SQL: SELECT `auth_id` FROM `ecshop_role` WHERE ( id in (1,2) )  [ RunTime:0.0003s ]
SQL: SHOW COLUMNS FROM `ecshop_auth` [ RunTime:0.0035s ]
SQL: SELECT * FROM `ecshop_auth` WHERE ( id in(1,2) )  [ RunTime:0.0002s ]
SQL: SELECT * FROM `ecshop_admin` WHERE `id` = 2 LIMIT 1   [ RunTime:0.0003s ]
SQL: SELECT `id`,`role_name` FROM `ecshop_role`  [ RunTime:0.0002s ]
NOTIC: [8] Undefined variable: roleDataadmin E:\WWW\myprotect\Shop\Admin\Controller\AdminController.class.php 第 63 行.
INFO: [ view_parse ] --START--
INFO: [ template_filter ] --START--
INFO: Run Behavior\ContentReplaceBehavior [ RunTime:0.000046s ]
INFO: [ template_filter ] --END-- [ RunTime:0.000095s ]
INFO: Run Behavior\ParseTemplateBehavior [ RunTime:0.008357s ]
INFO: [ view_parse ] --END-- [ RunTime:0.008414s ]
INFO: [ view_filter ] --START--
INFO: Run Behavior\WriteHtmlCacheBehavior [ RunTime:0.000306s ]
INFO: [ view_filter ] --END-- [ RunTime:0.000344s ]
INFO: [ app_end ] --START--
INFO: Run Behavior\ShowPageTraceBehavior [ RunTime:0.000480s ]
INFO: [ app_end ] --END-- [ RunTime:0.000507s ]

[ 2018-05-05T19:24:52+08:00 ] 127.0.0.1 /Admin/Admin/edit/id/2.html
INFO: [ app_init ] --START--
INFO: Run Behavior\BuildLiteBehavior [ RunTime:0.000015s ]
INFO: [ app_init ] --END-- [ RunTime:0.000479s ]
INFO: [ app_begin ] --START--
INFO: Run Behavior\ReadHtmlCacheBehavior [ RunTime:0.001153s ]
INFO: [ app_begin ] --END-- [ RunTime:0.001235s ]
SQL: SHOW COLUMNS FROM `ecshop_admin` [ RunTime:0.0069s ]
SQL: SELECT `role_id` FROM `ecshop_admin` LIMIT 1   [ RunTime:0.0003s ]
SQL: SHOW COLUMNS FROM `ecshop_role` [ RunTime:0.0062s ]
SQL: SELECT `auth_id` FROM `ecshop_role` WHERE ( id in (1,2) )  [ RunTime:0.0005s ]
SQL: SHOW COLUMNS FROM `ecshop_auth` [ RunTime:0.0078s ]
SQL: SELECT * FROM `ecshop_auth` WHERE ( id in(1,2) )  [ RunTime:0.0005s ]
SQL: SELECT * FROM `ecshop_admin` WHERE `id` = 2 LIMIT 1   [ RunTime:0.0003s ]
SQL: SELECT `id`,`role_name` FROM `ecshop_role`  [ RunTime:0.0002s ]
NOTIC: [8] Undefined variable: roleDataadmin E:\WWW\myprotect\Shop\Admin\Controller\AdminController.class.php 第 64 行.
INFO: [ view_parse ] --START--
INFO: [ template_filter ] --START--
INFO: Run Behavior\ContentReplaceBehavior [ RunTime:0.000049s ]
INFO: [ template_filter ] --END-- [ RunTime:0.000110s ]
INFO: Run Behavior\ParseTemplateBehavior [ RunTime:0.006404s ]
INFO: [ view_parse ] --END-- [ RunTime:0.006439s ]
INFO: [ view_filter ] --START--
INFO: Run Behavior\WriteHtmlCacheBehavior [ RunTime:0.000301s ]
INFO: [ view_filter ] --END-- [ RunTime:0.000327s ]
INFO: [ app_end ] --START--
INFO: Run Behavior\ShowPageTraceBehavior [ RunTime:0.000450s ]
INFO: [ app_end ] --END-- [ RunTime:0.000477s ]

[ 2018-05-05T19:26:30+08:00 ] 127.0.0.1 /Admin/Admin/edit/id/2.html
INFO: [ app_init ] --START--
INFO: Run Behavior\BuildLiteBehavior [ RunTime:0.000008s ]
INFO: [ app_init ] --END-- [ RunTime:0.000237s ]
INFO: [ app_begin ] --START--
INFO: Run Behavior\ReadHtmlCacheBehavior [ RunTime:0.000326s ]
INFO: [ app_begin ] --END-- [ RunTime:0.000360s ]
SQL: SHOW COLUMNS FROM `ecshop_admin` [ RunTime:0.0088s ]
SQL: SELECT `role_id` FROM `ecshop_admin` LIMIT 1   [ RunTime:0.0002s ]
SQL: SHOW COLUMNS FROM `ecshop_role` [ RunTime:0.0037s ]
SQL: SELECT `auth_id` FROM `ecshop_role` WHERE ( id in (1,2) )  [ RunTime:0.0005s ]
SQL: SHOW COLUMNS FROM `ecshop_auth` [ RunTime:0.0047s ]
SQL: SELECT * FROM `ecshop_auth` WHERE ( id in(1,2) )  [ RunTime:0.0002s ]
SQL: SELECT * FROM `ecshop_admin` WHERE `id` = 2 LIMIT 1   [ RunTime:0.0003s ]
SQL: SELECT `id`,`role_name` FROM `ecshop_role`  [ RunTime:0.0002s ]
NOTIC: [8] Undefined variable: roleDataadmin E:\WWW\myprotect\Shop\Admin\Controller\AdminController.class.php 第 64 行.
INFO: [ view_parse ] --START--
INFO: [ template_filter ] --START--
INFO: Run Behavior\ContentReplaceBehavior [ RunTime:0.000102s ]
INFO: [ template_filter ] --END-- [ RunTime:0.000148s ]
INFO: Run Behavior\ParseTemplateBehavior [ RunTime:0.006348s ]
INFO: [ view_parse ] --END-- [ RunTime:0.006425s ]
INFO: [ view_filter ] --START--
INFO: Run Behavior\WriteHtmlCacheBehavior [ RunTime:0.000577s ]
INFO: [ view_filter ] --END-- [ RunTime:0.000636s ]
INFO: [ app_end ] --START--
INFO: Run Behavior\ShowPageTraceBehavior [ RunTime:0.000514s ]
INFO: [ app_end ] --END-- [ RunTime:0.000557s ]

[ 2018-05-05T19:26:56+08:00 ] 127.0.0.1 /Admin/Admin/edit/id/2.html
INFO: [ app_init ] --START--
INFO: Run Behavior\BuildLiteBehavior [ RunTime:0.000026s ]
INFO: [ app_init ] --END-- [ RunTime:0.000443s ]
INFO: [ app_begin ] --START--
INFO: Run Behavior\ReadHtmlCacheBehavior [ RunTime:0.001733s ]
INFO: [ app_begin ] --END-- [ RunTime:0.001999s ]
SQL: SHOW COLUMNS FROM `ecshop_admin` [ RunTime:0.0087s ]
SQL: SELECT `role_id` FROM `ecshop_admin` LIMIT 1   [ RunTime:0.0002s ]
SQL: SHOW COLUMNS FROM `ecshop_role` [ RunTime:0.0033s ]
SQL: SELECT `auth_id` FROM `ecshop_role` WHERE ( id in (1,2) )  [ RunTime:0.0004s ]
SQL: SHOW COLUMNS FROM `ecshop_auth` [ RunTime:0.0040s ]
SQL: SELECT * FROM `ecshop_auth` WHERE ( id in(1,2) )  [ RunTime:0.0005s ]
SQL: SELECT * FROM `ecshop_admin` WHERE `id` = 2 LIMIT 1   [ RunTime:0.0003s ]
SQL: SELECT `id`,`role_name` FROM `ecshop_role`  [ RunTime:0.0002s ]
NOTIC: [8] Undefined variable: roleDataadmin E:\WWW\myprotect\Shop\Admin\Controller\AdminController.class.php 第 64 行.
INFO: [ view_parse ] --START--
INFO: [ template_filter ] --START--
INFO: Run Behavior\ContentReplaceBehavior [ RunTime:0.000045s ]
INFO: [ template_filter ] --END-- [ RunTime:0.000088s ]
INFO: Run Behavior\ParseTemplateBehavior [ RunTime:0.005654s ]
INFO: [ view_parse ] --END-- [ RunTime:0.005691s ]
INFO: [ view_filter ] --START--
INFO: Run Behavior\WriteHtmlCacheBehavior [ RunTime:0.000388s ]
INFO: [ view_filter ] --END-- [ RunTime:0.000430s ]
INFO: [ app_end ] --START--
INFO: Run Behavior\ShowPageTraceBehavior [ RunTime:0.000546s ]
INFO: [ app_end ] --END-- [ RunTime:0.000589s ]

[ 2018-05-05T19:29:14+08:00 ] 127.0.0.1 /Admin/Admin/edit/id/2.html
INFO: [ app_init ] --START--
INFO: Run Behavior\BuildLiteBehavior [ RunTime:0.000008s ]
INFO: [ app_init ] --END-- [ RunTime:0.000275s ]
INFO: [ app_begin ] --START--
INFO: Run Behavior\ReadHtmlCacheBehavior [ RunTime:0.000406s ]
INFO: [ app_begin ] --END-- [ RunTime:0.000442s ]
SQL: SHOW COLUMNS FROM `ecshop_admin` [ RunTime:0.0088s ]
SQL: SELECT `role_id` FROM `ecshop_admin` LIMIT 1   [ RunTime:0.0002s ]
SQL: SHOW COLUMNS FROM `ecshop_role` [ RunTime:0.0037s ]
SQL: SELECT `auth_id` FROM `ecshop_role` WHERE ( id in (1,2) )  [ RunTime:0.0003s ]
SQL: SHOW COLUMNS FROM `ecshop_auth` [ RunTime:0.0036s ]
SQL: SELECT * FROM `ecshop_auth` WHERE ( id in(1,2) )  [ RunTime:0.0003s ]
SQL: SELECT * FROM `ecshop_admin` WHERE `id` = 2 LIMIT 1   [ RunTime:0.0003s ]
SQL: SELECT `id`,`role_name` FROM `ecshop_role`  [ RunTime:0.0002s ]
NOTIC: [8] Undefined variable: roleDataadmin E:\WWW\myprotect\Shop\Admin\Controller\AdminController.class.php 第 64 行.
INFO: [ view_parse ] --START--
INFO: [ template_filter ] --START--
INFO: Run Behavior\ContentReplaceBehavior [ RunTime:0.000044s ]
INFO: [ template_filter ] --END-- [ RunTime:0.000091s ]
INFO: Run Behavior\ParseTemplateBehavior [ RunTime:0.005750s ]
INFO: [ view_parse ] --END-- [ RunTime:0.005787s ]
INFO: [ view_filter ] --START--
INFO: Run Behavior\WriteHtmlCacheBehavior [ RunTime:0.000318s ]
INFO: [ view_filter ] --END-- [ RunTime:0.000345s ]
INFO: [ app_end ] --START--
INFO: Run Behavior\ShowPageTraceBehavior [ RunTime:0.000482s ]
INFO: [ app_end ] --END-- [ RunTime:0.000513s ]

[ 2018-05-05T19:30:19+08:00 ] 127.0.0.1 /Admin/Admin/edit/id/2.html
INFO: [ app_init ] --START--
INFO: Run Behavior\BuildLiteBehavior [ RunTime:0.000008s ]
INFO: [ app_init ] --END-- [ RunTime:0.000248s ]
INFO: [ app_begin ] --START--
INFO: Run Behavior\ReadHtmlCacheBehavior [ RunTime:0.000594s ]
INFO: [ app_begin ] --END-- [ RunTime:0.000706s ]
SQL: SHOW COLUMNS FROM `ecshop_admin` [ RunTime:0.0114s ]
SQL: SELECT `role_id` FROM `ecshop_admin` LIMIT 1   [ RunTime:0.0003s ]
SQL: SHOW COLUMNS FROM `ecshop_role` [ RunTime:0.0057s ]
SQL: SELECT `auth_id` FROM `ecshop_role` WHERE ( id in (1,2) )  [ RunTime:0.0004s ]
SQL: SHOW COLUMNS FROM `ecshop_auth` [ RunTime:0.0067s ]
SQL: SELECT * FROM `ecshop_auth` WHERE ( id in(1,2) )  [ RunTime:0.0004s ]
SQL: SELECT * FROM `ecshop_admin` WHERE `id` = 2 LIMIT 1   [ RunTime:0.0003s ]
SQL: SELECT `id`,`role_name` FROM `ecshop_role`  [ RunTime:0.0002s ]
NOTIC: [8] Undefined variable: roleDataadmin E:\WWW\myprotect\Shop\Admin\Controller\AdminController.class.php 第 64 行.
INFO: [ view_parse ] --START--
INFO: [ template_filter ] --START--
INFO: Run Behavior\ContentReplaceBehavior [ RunTime:0.000045s ]
INFO: [ template_filter ] --END-- [ RunTime:0.000090s ]
INFO: Run Behavior\ParseTemplateBehavior [ RunTime:0.006571s ]
INFO: [ view_parse ] --END-- [ RunTime:0.006624s ]
INFO: [ view_filter ] --START--
INFO: Run Behavior\WriteHtmlCacheBehavior [ RunTime:0.000351s ]
INFO: [ view_filter ] --END-- [ RunTime:0.000381s ]
INFO: [ app_end ] --START--
INFO: Run Behavior\ShowPageTraceBehavior [ RunTime:0.000504s ]
INFO: [ app_end ] --END-- [ RunTime:0.000531s ]

[ 2018-05-05T21:03:15+08:00 ] 127.0.0.1 /Admin/Admin/edit/id/2.html
INFO: [ app_init ] --START--
INFO: Run Behavior\BuildLiteBehavior [ RunTime:0.000009s ]
INFO: [ app_init ] --END-- [ RunTime:0.000287s ]
INFO: [ app_begin ] --START--
INFO: Run Behavior\ReadHtmlCacheBehavior [ RunTime:0.000453s ]
INFO: [ app_begin ] --END-- [ RunTime:0.000489s ]
SQL: SHOW COLUMNS FROM `ecshop_admin` [ RunTime:0.0216s ]
SQL: SELECT `role_id` FROM `ecshop_admin` LIMIT 1   [ RunTime:0.0013s ]
SQL: SHOW COLUMNS FROM `ecshop_role` [ RunTime:0.0110s ]
SQL: SELECT `auth_id` FROM `ecshop_role` WHERE ( id in (1,2) )  [ RunTime:0.0006s ]
SQL: SHOW COLUMNS FROM `ecshop_auth` [ RunTime:0.0102s ]
SQL: SELECT * FROM `ecshop_auth` WHERE ( id in(1,2) )  [ RunTime:0.0005s ]
SQL: SELECT * FROM `ecshop_admin` WHERE `id` = 2 LIMIT 1   [ RunTime:0.0004s ]
SQL: SELECT `id`,`role_name` FROM `ecshop_role`  [ RunTime:0.0002s ]
NOTIC: [8] Undefined variable: roleDataadmin E:\WWW\myprotect\Shop\Admin\Controller\AdminController.class.php 第 64 行.
INFO: [ view_parse ] --START--
INFO: [ template_filter ] --START--
INFO: Run Behavior\ContentReplaceBehavior [ RunTime:0.000047s ]
INFO: [ template_filter ] --END-- [ RunTime:0.000092s ]
INFO: Run Behavior\ParseTemplateBehavior [ RunTime:0.005933s ]
INFO: [ view_parse ] --END-- [ RunTime:0.006002s ]
INFO: [ view_filter ] --START--
INFO: Run Behavior\WriteHtmlCacheBehavior [ RunTime:0.000422s ]
INFO: [ view_filter ] --END-- [ RunTime:0.000483s ]
INFO: [ app_end ] --START--
INFO: Run Behavior\ShowPageTraceBehavior [ RunTime:0.000534s ]
INFO: [ app_end ] --END-- [ RunTime:0.000560s ]

[ 2018-05-05T21:07:08+08:00 ] 127.0.0.1 /Admin/Admin/setUnuse/id/2.html
INFO: [ app_init ] --START--
INFO: Run Behavior\BuildLiteBehavior [ RunTime:0.000010s ]
INFO: [ app_init ] --END-- [ RunTime:0.000308s ]
INFO: [ app_begin ] --START--
INFO: Run Behavior\ReadHtmlCacheBehavior [ RunTime:0.000446s ]
INFO: [ app_begin ] --END-- [ RunTime:0.000478s ]
SQL: SHOW COLUMNS FROM `ecshop_admin` [ RunTime:0.0089s ]
SQL: SELECT `role_id` FROM `ecshop_admin` LIMIT 1   [ RunTime:0.0002s ]
SQL: SHOW COLUMNS FROM `ecshop_role` [ RunTime:0.0033s ]
SQL: SELECT `auth_id` FROM `ecshop_role` WHERE ( id in (1,2) )  [ RunTime:0.0004s ]
SQL: SHOW COLUMNS FROM `ecshop_auth` [ RunTime:0.0036s ]
SQL: SELECT * FROM `ecshop_auth` WHERE ( id in(1,2) )  [ RunTime:0.0002s ]
SQL: SELECT `is_use` FROM `ecshop_admin` WHERE `id` = 2 LIMIT 1   [ RunTime:0.0003s ]
SQL: UPDATE `ecshop_admin` SET `is_use`='0' WHERE `id` = 2 [ RunTime:0.2967s ]
INFO: [ app_end ] --START--
INFO: Run Behavior\ShowPageTraceBehavior [ RunTime:0.000467s ]
INFO: [ app_end ] --END-- [ RunTime:0.000497s ]

[ 2018-05-05T21:07:10+08:00 ] 127.0.0.1 /Admin/Admin/setUnuse/id/2.html
INFO: [ app_init ] --START--
INFO: Run Behavior\BuildLiteBehavior [ RunTime:0.000007s ]
INFO: [ app_init ] --END-- [ RunTime:0.000235s ]
INFO: [ app_begin ] --START--
INFO: Run Behavior\ReadHtmlCacheBehavior [ RunTime:0.000334s ]
INFO: [ app_begin ] --END-- [ RunTime:0.000365s ]
SQL: SHOW COLUMNS FROM `ecshop_admin` [ RunTime:0.0085s ]
SQL: SELECT `role_id` FROM `ecshop_admin` LIMIT 1   [ RunTime:0.0002s ]
SQL: SHOW COLUMNS FROM `ecshop_role` [ RunTime:0.0075s ]
SQL: SELECT `auth_id` FROM `ecshop_role` WHERE ( id in (1,2) )  [ RunTime:0.0006s ]
SQL: SHOW COLUMNS FROM `ecshop_auth` [ RunTime:0.0105s ]
SQL: SELECT * FROM `ecshop_auth` WHERE ( id in(1,2) )  [ RunTime:0.0006s ]
SQL: SELECT `is_use` FROM `ecshop_admin` WHERE `id` = 2 LIMIT 1   [ RunTime:0.0003s ]
SQL: UPDATE `ecshop_admin` SET `is_use`='1' WHERE `id` = 2 [ RunTime:0.0002s ]
INFO: [ app_end ] --START--
INFO: Run Behavior\ShowPageTraceBehavior [ RunTime:0.000412s ]
INFO: [ app_end ] --END-- [ RunTime:0.000440s ]

[ 2018-05-05T21:49:59+08:00 ] 127.0.0.1 /Admin/Type/lst
INFO: [ app_init ] --START--
INFO: Run Behavior\BuildLiteBehavior [ RunTime:0.000019s ]
INFO: [ app_init ] --END-- [ RunTime:0.000447s ]
INFO: [ app_begin ] --START--
INFO: Run Behavior\ReadHtmlCacheBehavior [ RunTime:0.000596s ]
INFO: [ app_begin ] --END-- [ RunTime:0.000663s ]
SQL: SHOW COLUMNS FROM `ecshop_admin` [ RunTime:0.0092s ]
SQL: SELECT `role_id` FROM `ecshop_admin` LIMIT 1   [ RunTime:0.0003s ]
SQL: SHOW COLUMNS FROM `ecshop_role` [ RunTime:0.0048s ]
SQL: SELECT `auth_id` FROM `ecshop_role` WHERE ( id in (1,2) )  [ RunTime:0.0003s ]
SQL: SHOW COLUMNS FROM `ecshop_auth` [ RunTime:0.0033s ]
SQL: SELECT * FROM `ecshop_auth` WHERE ( id in(1,2) )  [ RunTime:0.0003s ]
INFO: [ view_parse ] --START--
INFO: [ template_filter ] --START--
INFO: Run Behavior\ContentReplaceBehavior [ RunTime:0.000061s ]
INFO: [ template_filter ] --END-- [ RunTime:0.000091s ]
NOTIC: [8] Undefined variable: data E:\WWW\myprotect\Shop\Runtime\Cache\Admin\2ed92825eac858d0c44bdbd8b612223f.php 第 87 行.
NOTIC: [8] Undefined variable: page E:\WWW\myprotect\Shop\Runtime\Cache\Admin\2ed92825eac858d0c44bdbd8b612223f.php 第 101 行.
INFO: Run Behavior\ParseTemplateBehavior [ RunTime:0.009820s ]
INFO: [ view_parse ] --END-- [ RunTime:0.009892s ]
INFO: [ view_filter ] --START--
INFO: Run Behavior\WriteHtmlCacheBehavior [ RunTime:0.000728s ]
INFO: [ view_filter ] --END-- [ RunTime:0.000776s ]
INFO: [ app_end ] --START--
INFO: Run Behavior\ShowPageTraceBehavior [ RunTime:0.000489s ]
INFO: [ app_end ] --END-- [ RunTime:0.000516s ]

[ 2018-05-05T21:50:25+08:00 ] 127.0.0.1 /Admin/Type/add
INFO: [ app_init ] --START--
INFO: Run Behavior\BuildLiteBehavior [ RunTime:0.000079s ]
INFO: [ app_init ] --END-- [ RunTime:0.001723s ]
INFO: [ app_begin ] --START--
INFO: Run Behavior\ReadHtmlCacheBehavior [ RunTime:0.000795s ]
INFO: [ app_begin ] --END-- [ RunTime:0.000856s ]
SQL: SHOW COLUMNS FROM `ecshop_admin` [ RunTime:0.0094s ]
SQL: SELECT `role_id` FROM `ecshop_admin` LIMIT 1   [ RunTime:0.0002s ]
SQL: SHOW COLUMNS FROM `ecshop_role` [ RunTime:0.0031s ]
SQL: SELECT `auth_id` FROM `ecshop_role` WHERE ( id in (1,2) )  [ RunTime:0.0002s ]
SQL: SHOW COLUMNS FROM `ecshop_auth` [ RunTime:0.0035s ]
SQL: SELECT * FROM `ecshop_auth` WHERE ( id in(1,2) )  [ RunTime:0.0004s ]
INFO: [ view_parse ] --START--
INFO: [ template_filter ] --START--
INFO: Run Behavior\ContentReplaceBehavior [ RunTime:0.000043s ]
INFO: [ template_filter ] --END-- [ RunTime:0.000084s ]
INFO: Run Behavior\ParseTemplateBehavior [ RunTime:0.005357s ]
INFO: [ view_parse ] --END-- [ RunTime:0.005406s ]
INFO: [ view_filter ] --START--
INFO: Run Behavior\WriteHtmlCacheBehavior [ RunTime:0.000466s ]
INFO: [ view_filter ] --END-- [ RunTime:0.000494s ]
INFO: [ app_end ] --START--
INFO: Run Behavior\ShowPageTraceBehavior [ RunTime:0.000473s ]
INFO: [ app_end ] --END-- [ RunTime:0.000501s ]

[ 2018-05-05T21:58:34+08:00 ] 127.0.0.1 /Admin/Type/add
INFO: [ app_init ] --START--
INFO: Run Behavior\BuildLiteBehavior [ RunTime:0.000009s ]
INFO: [ app_init ] --END-- [ RunTime:0.000412s ]
INFO: [ app_begin ] --START--
INFO: Run Behavior\ReadHtmlCacheBehavior [ RunTime:0.001602s ]
INFO: [ app_begin ] --END-- [ RunTime:0.001764s ]
SQL: SHOW COLUMNS FROM `ecshop_admin` [ RunTime:0.0088s ]
SQL: SELECT `role_id` FROM `ecshop_admin` LIMIT 1   [ RunTime:0.0002s ]
SQL: SHOW COLUMNS FROM `ecshop_role` [ RunTime:0.0048s ]
SQL: SELECT `auth_id` FROM `ecshop_role` WHERE ( id in (1,2) )  [ RunTime:0.0002s ]
SQL: SHOW COLUMNS FROM `ecshop_auth` [ RunTime:0.0038s ]
SQL: SELECT * FROM `ecshop_auth` WHERE ( id in(1,2) )  [ RunTime:0.0003s ]
INFO: [ view_parse ] --START--
INFO: [ template_filter ] --START--
INFO: Run Behavior\ContentReplaceBehavior [ RunTime:0.000073s ]
INFO: [ template_filter ] --END-- [ RunTime:0.000137s ]
INFO: Run Behavior\ParseTemplateBehavior [ RunTime:0.004500s ]
INFO: [ view_parse ] --END-- [ RunTime:0.004543s ]
INFO: [ view_filter ] --START--
INFO: Run Behavior\WriteHtmlCacheBehavior [ RunTime:0.000240s ]
INFO: [ view_filter ] --END-- [ RunTime:0.000264s ]
INFO: [ app_end ] --START--
INFO: Run Behavior\ShowPageTraceBehavior [ RunTime:0.000422s ]
INFO: [ app_end ] --END-- [ RunTime:0.000449s ]

[ 2018-05-05T22:36:12+08:00 ] 127.0.0.1 /Admin/Type/add
INFO: [ app_init ] --START--
INFO: Run Behavior\BuildLiteBehavior [ RunTime:0.000009s ]
INFO: [ app_init ] --END-- [ RunTime:0.000345s ]
INFO: [ app_begin ] --START--
INFO: Run Behavior\ReadHtmlCacheBehavior [ RunTime:0.000413s ]
INFO: [ app_begin ] --END-- [ RunTime:0.000449s ]
SQL: SHOW COLUMNS FROM `ecshop_admin` [ RunTime:0.0090s ]
SQL: SELECT `role_id` FROM `ecshop_admin` LIMIT 1   [ RunTime:0.0002s ]
SQL: SHOW COLUMNS FROM `ecshop_role` [ RunTime:0.0041s ]
SQL: SELECT `auth_id` FROM `ecshop_role` WHERE ( id in (1,2) )  [ RunTime:0.0003s ]
SQL: SHOW COLUMNS FROM `ecshop_auth` [ RunTime:0.0034s ]
SQL: SELECT * FROM `ecshop_auth` WHERE ( id in(1,2) )  [ RunTime:0.0002s ]
INFO: [ view_parse ] --START--
INFO: [ template_filter ] --START--
INFO: Run Behavior\ContentReplaceBehavior [ RunTime:0.000088s ]
INFO: [ template_filter ] --END-- [ RunTime:0.000168s ]
INFO: Run Behavior\ParseTemplateBehavior [ RunTime:0.008198s ]
INFO: [ view_parse ] --END-- [ RunTime:0.008305s ]
INFO: [ view_filter ] --START--
INFO: Run Behavior\WriteHtmlCacheBehavior [ RunTime:0.000772s ]
INFO: [ view_filter ] --END-- [ RunTime:0.000844s ]
INFO: [ app_end ] --START--
INFO: Run Behavior\ShowPageTraceBehavior [ RunTime:0.001105s ]
INFO: [ app_end ] --END-- [ RunTime:0.001174s ]

[ 2018-05-05T22:36:18+08:00 ] 127.0.0.1 /Admin/Type/lst
INFO: [ app_init ] --START--
INFO: Run Behavior\BuildLiteBehavior [ RunTime:0.000010s ]
INFO: [ app_init ] --END-- [ RunTime:0.000267s ]
INFO: [ app_begin ] --START--
INFO: Run Behavior\ReadHtmlCacheBehavior [ RunTime:0.000304s ]
INFO: [ app_begin ] --END-- [ RunTime:0.000338s ]
SQL: SHOW COLUMNS FROM `ecshop_admin` [ RunTime:0.0091s ]
SQL: SELECT `role_id` FROM `ecshop_admin` LIMIT 1   [ RunTime:0.0003s ]
SQL: SHOW COLUMNS FROM `ecshop_role` [ RunTime:0.0033s ]
SQL: SELECT `auth_id` FROM `ecshop_role` WHERE ( id in (1,2) )  [ RunTime:0.0002s ]
SQL: SHOW COLUMNS FROM `ecshop_auth` [ RunTime:0.0045s ]
SQL: SELECT * FROM `ecshop_auth` WHERE ( id in(1,2) )  [ RunTime:0.0002s ]
INFO: [ view_parse ] --START--
INFO: [ template_filter ] --START--
INFO: Run Behavior\ContentReplaceBehavior [ RunTime:0.000040s ]
INFO: [ template_filter ] --END-- [ RunTime:0.000073s ]
NOTIC: [8] Undefined variable: data E:\WWW\myprotect\Shop\Runtime\Cache\Admin\2ed92825eac858d0c44bdbd8b612223f.php 第 54 行.
INFO: Run Behavior\ParseTemplateBehavior [ RunTime:0.004623s ]
INFO: [ view_parse ] --END-- [ RunTime:0.004655s ]
INFO: [ view_filter ] --START--
INFO: Run Behavior\WriteHtmlCacheBehavior [ RunTime:0.000435s ]
INFO: [ view_filter ] --END-- [ RunTime:0.000462s ]
INFO: [ app_end ] --START--
INFO: Run Behavior\ShowPageTraceBehavior [ RunTime:0.000506s ]
INFO: [ app_end ] --END-- [ RunTime:0.000536s ]

[ 2018-05-05T22:37:16+08:00 ] 127.0.0.1 /Admin/Type/lst
INFO: [ app_init ] --START--
INFO: Run Behavior\BuildLiteBehavior [ RunTime:0.000010s ]
INFO: [ app_init ] --END-- [ RunTime:0.000329s ]
INFO: [ app_begin ] --START--
INFO: Run Behavior\ReadHtmlCacheBehavior [ RunTime:0.000677s ]
INFO: [ app_begin ] --END-- [ RunTime:0.000811s ]
SQL: SHOW COLUMNS FROM `ecshop_admin` [ RunTime:0.0073s ]
SQL: SELECT `role_id` FROM `ecshop_admin` LIMIT 1   [ RunTime:0.0003s ]
SQL: SHOW COLUMNS FROM `ecshop_role` [ RunTime:0.0058s ]
SQL: SELECT `auth_id` FROM `ecshop_role` WHERE ( id in (1,2) )  [ RunTime:0.0004s ]
SQL: SHOW COLUMNS FROM `ecshop_auth` [ RunTime:0.0071s ]
SQL: SELECT * FROM `ecshop_auth` WHERE ( id in(1,2) )  [ RunTime:0.0004s ]
INFO: [ view_parse ] --START--
INFO: [ template_filter ] --START--
INFO: Run Behavior\ContentReplaceBehavior [ RunTime:0.000056s ]
INFO: [ template_filter ] --END-- [ RunTime:0.000119s ]
INFO: Run Behavior\ParseTemplateBehavior [ RunTime:0.006185s ]
INFO: [ view_parse ] --END-- [ RunTime:0.006250s ]
INFO: [ view_filter ] --START--
INFO: Run Behavior\WriteHtmlCacheBehavior [ RunTime:0.000494s ]
INFO: [ view_filter ] --END-- [ RunTime:0.000532s ]
INFO: [ app_end ] --START--
INFO: Run Behavior\ShowPageTraceBehavior [ RunTime:0.000656s ]
INFO: [ app_end ] --END-- [ RunTime:0.000702s ]

[ 2018-05-05T22:47:42+08:00 ] 127.0.0.1 /Admin/Attr/add
INFO: [ app_init ] --START--
INFO: Run Behavior\BuildLiteBehavior [ RunTime:0.000037s ]
INFO: [ app_init ] --END-- [ RunTime:0.000898s ]
INFO: [ app_begin ] --START--
INFO: Run Behavior\ReadHtmlCacheBehavior [ RunTime:0.000571s ]
INFO: [ app_begin ] --END-- [ RunTime:0.000625s ]
SQL: SHOW COLUMNS FROM `ecshop_admin` [ RunTime:0.0102s ]
SQL: SELECT `role_id` FROM `ecshop_admin` LIMIT 1   [ RunTime:0.0002s ]
SQL: SHOW COLUMNS FROM `ecshop_role` [ RunTime:0.0032s ]
SQL: SELECT `auth_id` FROM `ecshop_role` WHERE ( id in (1,2) )  [ RunTime:0.0003s ]
SQL: SHOW COLUMNS FROM `ecshop_auth` [ RunTime:0.0032s ]
SQL: SELECT * FROM `ecshop_auth` WHERE ( id in(1,2) )  [ RunTime:0.0002s ]
INFO: [ view_parse ] --START--
INFO: [ template_filter ] --START--
INFO: Run Behavior\ContentReplaceBehavior [ RunTime:0.000043s ]
INFO: [ template_filter ] --END-- [ RunTime:0.000077s ]
INFO: Run Behavior\ParseTemplateBehavior [ RunTime:0.004503s ]
INFO: [ view_parse ] --END-- [ RunTime:0.004555s ]
INFO: [ view_filter ] --START--
INFO: Run Behavior\WriteHtmlCacheBehavior [ RunTime:0.000236s ]
INFO: [ view_filter ] --END-- [ RunTime:0.000261s ]
INFO: [ app_end ] --START--
INFO: Run Behavior\ShowPageTraceBehavior [ RunTime:0.000371s ]
INFO: [ app_end ] --END-- [ RunTime:0.000397s ]

[ 2018-05-05T23:14:33+08:00 ] 127.0.0.1 /Admin/Attr/lst
INFO: [ app_init ] --START--
INFO: Run Behavior\BuildLiteBehavior [ RunTime:0.000013s ]
INFO: [ app_init ] --END-- [ RunTime:0.000435s ]
INFO: [ app_begin ] --START--
INFO: Run Behavior\ReadHtmlCacheBehavior [ RunTime:0.000486s ]
INFO: [ app_begin ] --END-- [ RunTime:0.000543s ]
SQL: SHOW COLUMNS FROM `ecshop_admin` [ RunTime:0.0091s ]
SQL: SELECT `role_id` FROM `ecshop_admin` LIMIT 1   [ RunTime:0.0002s ]
SQL: SHOW COLUMNS FROM `ecshop_role` [ RunTime:0.0031s ]
SQL: SELECT `auth_id` FROM `ecshop_role` WHERE ( id in (1,2) )  [ RunTime:0.0002s ]
SQL: SHOW COLUMNS FROM `ecshop_auth` [ RunTime:0.0037s ]
SQL: SELECT * FROM `ecshop_auth` WHERE ( id in(1,2) )  [ RunTime:0.0002s ]
INFO: [ view_parse ] --START--
INFO: [ template_filter ] --START--
INFO: Run Behavior\ContentReplaceBehavior [ RunTime:0.000048s ]
INFO: [ template_filter ] --END-- [ RunTime:0.000086s ]
INFO: Run Behavior\ParseTemplateBehavior [ RunTime:0.006931s ]
INFO: [ view_parse ] --END-- [ RunTime:0.006969s ]
INFO: [ view_filter ] --START--
INFO: Run Behavior\WriteHtmlCacheBehavior [ RunTime:0.000327s ]
INFO: [ view_filter ] --END-- [ RunTime:0.000353s ]
INFO: [ app_end ] --START--
INFO: Run Behavior\ShowPageTraceBehavior [ RunTime:0.000490s ]
INFO: [ app_end ] --END-- [ RunTime:0.000518s ]

