[ 2018-05-10T18:45:14+08:00 ] 127.0.0.1 /Admin/Goods/add.html
INFO: [ app_init ] --START--
INFO: Run Behavior\BuildLiteBehavior [ RunTime:0.000015s ]
INFO: [ app_init ] --END-- [ RunTime:0.013698s ]
INFO: [ app_begin ] --START--
INFO: Run Behavior\ReadHtmlCacheBehavior [ RunTime:0.007192s ]
INFO: [ app_begin ] --END-- [ RunTime:0.007246s ]
SQL: SHOW COLUMNS FROM `ecshop_admin` [ RunTime:0.0095s ]
SQL: SELECT `role_id` FROM `ecshop_admin` LIMIT 1   [ RunTime:0.0002s ]
SQL: SHOW COLUMNS FROM `ecshop_role` [ RunTime:0.0033s ]
SQL: SELECT `auth_id` FROM `ecshop_role` WHERE ( id in (1,2) )  [ RunTime:0.0003s ]
SQL: SHOW COLUMNS FROM `ecshop_auth` [ RunTime:0.0054s ]
SQL: SELECT * FROM `ecshop_auth` WHERE ( id in(1,2) )  [ RunTime:0.0003s ]
SQL: SHOW COLUMNS FROM `ecshop_type` [ RunTime:0.0028s ]
SQL: SELECT * FROM `ecshop_type`  [ RunTime:0.0002s ]
SQL: SHOW COLUMNS FROM `ecshop_category` [ RunTime:0.0044s ]
SQL: SELECT * FROM `ecshop_category`  [ RunTime:0.0003s ]
SQL: SHOW COLUMNS FROM `ecshop_brand` [ RunTime:0.0054s ]
SQL: SELECT `id`,`brand_name` FROM `ecshop_brand`  [ RunTime:0.0002s ]
SQL: SHOW COLUMNS FROM `ecshop_member_level` [ RunTime:0.0035s ]
SQL: SELECT * FROM `ecshop_member_level`  [ RunTime:0.0002s ]
INFO: [ view_parse ] --START--
INFO: [ template_filter ] --START--
INFO: Run Behavior\ContentReplaceBehavior [ RunTime:0.009870s ]
INFO: [ template_filter ] --END-- [ RunTime:0.009951s ]
NOTIC: [8] Undefined variable: type_id E:\WWW\myprotect\Shop\Runtime\Cache\Admin\bcf61832b5520a5ca7370143cfc75300.php 第 210 行.
NOTIC: [8] Undefined variable: type_id E:\WWW\myprotect\Shop\Runtime\Cache\Admin\bcf61832b5520a5ca7370143cfc75300.php 第 210 行.
INFO: Run Behavior\ParseTemplateBehavior [ RunTime:0.047578s ]
INFO: [ view_parse ] --END-- [ RunTime:0.047612s ]
INFO: [ view_filter ] --START--
INFO: Run Behavior\WriteHtmlCacheBehavior [ RunTime:0.015006s ]
INFO: [ view_filter ] --END-- [ RunTime:0.015043s ]
INFO: [ app_end ] --START--
INFO: Run Behavior\ShowPageTraceBehavior [ RunTime:0.008736s ]
INFO: [ app_end ] --END-- [ RunTime:0.008793s ]

[ 2018-05-10T18:45:17+08:00 ] 127.0.0.1 /Admin/Goods/add.html
INFO: [ app_init ] --START--
INFO: Run Behavior\BuildLiteBehavior [ RunTime:0.000014s ]
INFO: [ app_init ] --END-- [ RunTime:0.000535s ]
INFO: [ app_begin ] --START--
INFO: Run Behavior\ReadHtmlCacheBehavior [ RunTime:0.000297s ]
INFO: [ app_begin ] --END-- [ RunTime:0.000332s ]
SQL: SHOW COLUMNS FROM `ecshop_admin` [ RunTime:0.0060s ]
SQL: SELECT `role_id` FROM `ecshop_admin` LIMIT 1   [ RunTime:0.0002s ]
SQL: SHOW COLUMNS FROM `ecshop_role` [ RunTime:0.0029s ]
SQL: SELECT `auth_id` FROM `ecshop_role` WHERE ( id in (1,2) )  [ RunTime:0.0002s ]
SQL: SHOW COLUMNS FROM `ecshop_auth` [ RunTime:0.0039s ]
SQL: SELECT * FROM `ecshop_auth` WHERE ( id in(1,2) )  [ RunTime:0.0004s ]
SQL: SHOW COLUMNS FROM `ecshop_type` [ RunTime:0.0049s ]
SQL: SELECT * FROM `ecshop_type`  [ RunTime:0.0002s ]
SQL: SHOW COLUMNS FROM `ecshop_category` [ RunTime:0.0033s ]
SQL: SELECT * FROM `ecshop_category`  [ RunTime:0.0002s ]
SQL: SHOW COLUMNS FROM `ecshop_brand` [ RunTime:0.0032s ]
SQL: SELECT `id`,`brand_name` FROM `ecshop_brand`  [ RunTime:0.0002s ]
SQL: SHOW COLUMNS FROM `ecshop_member_level` [ RunTime:0.0050s ]
SQL: SELECT * FROM `ecshop_member_level`  [ RunTime:0.0003s ]
INFO: [ view_parse ] --START--
INFO: [ template_filter ] --START--
INFO: Run Behavior\ContentReplaceBehavior [ RunTime:0.000103s ]
INFO: [ template_filter ] --END-- [ RunTime:0.000137s ]
NOTIC: [8] Undefined variable: type_id E:\WWW\myprotect\Shop\Runtime\Cache\Admin\bcf61832b5520a5ca7370143cfc75300.php 第 210 行.
NOTIC: [8] Undefined variable: type_id E:\WWW\myprotect\Shop\Runtime\Cache\Admin\bcf61832b5520a5ca7370143cfc75300.php 第 210 行.
INFO: Run Behavior\ParseTemplateBehavior [ RunTime:0.008429s ]
INFO: [ view_parse ] --END-- [ RunTime:0.008460s ]
INFO: [ view_filter ] --START--
INFO: Run Behavior\WriteHtmlCacheBehavior [ RunTime:0.000163s ]
INFO: [ view_filter ] --END-- [ RunTime:0.000188s ]
INFO: [ app_end ] --START--
INFO: Run Behavior\ShowPageTraceBehavior [ RunTime:0.000292s ]
INFO: [ app_end ] --END-- [ RunTime:0.000321s ]

[ 2018-05-10T18:45:20+08:00 ] 127.0.0.1 /Admin/MemberLevel/lst.html
INFO: [ app_init ] --START--
INFO: Run Behavior\BuildLiteBehavior [ RunTime:0.000008s ]
INFO: [ app_init ] --END-- [ RunTime:0.000230s ]
INFO: [ app_begin ] --START--
INFO: Run Behavior\ReadHtmlCacheBehavior [ RunTime:0.000488s ]
INFO: [ app_begin ] --END-- [ RunTime:0.000529s ]
SQL: SHOW COLUMNS FROM `ecshop_admin` [ RunTime:0.0094s ]
SQL: SELECT `role_id` FROM `ecshop_admin` LIMIT 1   [ RunTime:0.0002s ]
SQL: SHOW COLUMNS FROM `ecshop_role` [ RunTime:0.0031s ]
SQL: SELECT `auth_id` FROM `ecshop_role` WHERE ( id in (1,2) )  [ RunTime:0.0002s ]
SQL: SHOW COLUMNS FROM `ecshop_auth` [ RunTime:0.0034s ]
SQL: SELECT * FROM `ecshop_auth` WHERE ( id in(1,2) )  [ RunTime:0.0003s ]
SQL: SHOW COLUMNS FROM `ecshop_member_level` [ RunTime:0.0053s ]
SQL: SELECT COUNT(*) AS tp_count FROM ecshop_member_level a LIMIT 1   [ RunTime:0.0002s ]
SQL: SELECT * FROM ecshop_member_level a GROUP BY a.id LIMIT 0,10   [ RunTime:0.0003s ]
INFO: [ view_parse ] --START--
INFO: [ template_filter ] --START--
INFO: Run Behavior\ContentReplaceBehavior [ RunTime:0.000041s ]
INFO: [ template_filter ] --END-- [ RunTime:0.000079s ]
INFO: Run Behavior\ParseTemplateBehavior [ RunTime:0.028655s ]
INFO: [ view_parse ] --END-- [ RunTime:0.028696s ]
INFO: [ view_filter ] --START--
INFO: Run Behavior\WriteHtmlCacheBehavior [ RunTime:0.000169s ]
INFO: [ view_filter ] --END-- [ RunTime:0.000196s ]
INFO: [ app_end ] --START--
INFO: Run Behavior\ShowPageTraceBehavior [ RunTime:0.000341s ]
INFO: [ app_end ] --END-- [ RunTime:0.000369s ]

[ 2018-05-10T18:45:23+08:00 ] 127.0.0.1 /Admin/Brand/lst/p/1.html
INFO: [ app_init ] --START--
INFO: Run Behavior\BuildLiteBehavior [ RunTime:0.000017s ]
INFO: [ app_init ] --END-- [ RunTime:0.000319s ]
INFO: [ app_begin ] --START--
INFO: Run Behavior\ReadHtmlCacheBehavior [ RunTime:0.000780s ]
INFO: [ app_begin ] --END-- [ RunTime:0.000931s ]
SQL: SHOW COLUMNS FROM `ecshop_admin` [ RunTime:0.0125s ]
SQL: SELECT `role_id` FROM `ecshop_admin` LIMIT 1   [ RunTime:0.0012s ]
SQL: SHOW COLUMNS FROM `ecshop_role` [ RunTime:0.0126s ]
SQL: SELECT `auth_id` FROM `ecshop_role` WHERE ( id in (1,2) )  [ RunTime:0.0020s ]
SQL: SHOW COLUMNS FROM `ecshop_auth` [ RunTime:0.0117s ]
SQL: SELECT * FROM `ecshop_auth` WHERE ( id in(1,2) )  [ RunTime:0.0005s ]
SQL: SHOW COLUMNS FROM `ecshop_brand` [ RunTime:0.0085s ]
SQL: SELECT COUNT(*) AS tp_count FROM ecshop_brand a LIMIT 1   [ RunTime:0.0004s ]
SQL: SELECT * FROM ecshop_brand a GROUP BY a.id LIMIT 0,10   [ RunTime:0.0003s ]
INFO: [ view_parse ] --START--
INFO: [ template_filter ] --START--
INFO: Run Behavior\ContentReplaceBehavior [ RunTime:0.000045s ]
INFO: [ template_filter ] --END-- [ RunTime:0.000086s ]
INFO: Run Behavior\ParseTemplateBehavior [ RunTime:0.238435s ]
INFO: [ view_parse ] --END-- [ RunTime:0.238546s ]
INFO: [ view_filter ] --START--
INFO: Run Behavior\WriteHtmlCacheBehavior [ RunTime:0.000364s ]
INFO: [ view_filter ] --END-- [ RunTime:0.000400s ]
INFO: [ app_end ] --START--
INFO: Run Behavior\ShowPageTraceBehavior [ RunTime:0.000668s ]
INFO: [ app_end ] --END-- [ RunTime:0.000709s ]

[ 2018-05-10T20:08:17+08:00 ] 127.0.0.1 /Admin/Goods/add.html
INFO: [ app_init ] --START--
INFO: Run Behavior\BuildLiteBehavior [ RunTime:0.000008s ]
INFO: [ app_init ] --END-- [ RunTime:0.000275s ]
INFO: [ app_begin ] --START--
INFO: Run Behavior\ReadHtmlCacheBehavior [ RunTime:0.000394s ]
INFO: [ app_begin ] --END-- [ RunTime:0.000431s ]
SQL: SHOW COLUMNS FROM `ecshop_admin` [ RunTime:0.0094s ]
SQL: SELECT `role_id` FROM `ecshop_admin` LIMIT 1   [ RunTime:0.0002s ]
SQL: SHOW COLUMNS FROM `ecshop_role` [ RunTime:0.0032s ]
SQL: SELECT `auth_id` FROM `ecshop_role` WHERE ( id in (1,2) )  [ RunTime:0.0003s ]
SQL: SHOW COLUMNS FROM `ecshop_auth` [ RunTime:0.0038s ]
SQL: SELECT * FROM `ecshop_auth` WHERE ( id in(1,2) )  [ RunTime:0.0002s ]
SQL: SHOW COLUMNS FROM `ecshop_type` [ RunTime:0.0039s ]
SQL: SELECT * FROM `ecshop_type`  [ RunTime:0.0003s ]
SQL: SHOW COLUMNS FROM `ecshop_category` [ RunTime:0.0030s ]
SQL: SELECT * FROM `ecshop_category`  [ RunTime:0.0003s ]
SQL: SHOW COLUMNS FROM `ecshop_brand` [ RunTime:0.0036s ]
SQL: SELECT `id`,`brand_name` FROM `ecshop_brand`  [ RunTime:0.0002s ]
SQL: SHOW COLUMNS FROM `ecshop_member_level` [ RunTime:0.0038s ]
SQL: SELECT * FROM `ecshop_member_level`  [ RunTime:0.0002s ]
INFO: [ view_parse ] --START--
INFO: [ template_filter ] --START--
INFO: Run Behavior\ContentReplaceBehavior [ RunTime:0.000109s ]
INFO: [ template_filter ] --END-- [ RunTime:0.000141s ]
NOTIC: [8] Undefined variable: type_id E:\WWW\myprotect\Shop\Runtime\Cache\Admin\bcf61832b5520a5ca7370143cfc75300.php 第 210 行.
NOTIC: [8] Undefined variable: type_id E:\WWW\myprotect\Shop\Runtime\Cache\Admin\bcf61832b5520a5ca7370143cfc75300.php 第 210 行.
INFO: Run Behavior\ParseTemplateBehavior [ RunTime:0.008352s ]
INFO: [ view_parse ] --END-- [ RunTime:0.008383s ]
INFO: [ view_filter ] --START--
INFO: Run Behavior\WriteHtmlCacheBehavior [ RunTime:0.000244s ]
INFO: [ view_filter ] --END-- [ RunTime:0.000268s ]
INFO: [ app_end ] --START--
INFO: Run Behavior\ShowPageTraceBehavior [ RunTime:0.000567s ]
INFO: [ app_end ] --END-- [ RunTime:0.000598s ]

[ 2018-05-10T20:19:23+08:00 ] 127.0.0.1 /Admin/Goods/add.html
INFO: [ app_init ] --START--
INFO: Run Behavior\BuildLiteBehavior [ RunTime:0.000008s ]
INFO: [ app_init ] --END-- [ RunTime:0.000272s ]
INFO: [ app_begin ] --START--
INFO: Run Behavior\ReadHtmlCacheBehavior [ RunTime:0.000378s ]
INFO: [ app_begin ] --END-- [ RunTime:0.000415s ]
SQL: SHOW COLUMNS FROM `ecshop_admin` [ RunTime:0.0171s ]
SQL: SELECT `role_id` FROM `ecshop_admin` LIMIT 1   [ RunTime:0.0007s ]
SQL: SHOW COLUMNS FROM `ecshop_role` [ RunTime:0.0106s ]
SQL: SELECT `auth_id` FROM `ecshop_role` WHERE ( id in (1,2) )  [ RunTime:0.0007s ]
SQL: SHOW COLUMNS FROM `ecshop_auth` [ RunTime:0.0113s ]
SQL: SELECT * FROM `ecshop_auth` WHERE ( id in(1,2) )  [ RunTime:0.0008s ]

[ 2018-05-10T20:19:48+08:00 ] 127.0.0.1 /Admin/Goods/add.html
INFO: [ app_init ] --START--
INFO: Run Behavior\BuildLiteBehavior [ RunTime:0.000029s ]
INFO: [ app_init ] --END-- [ RunTime:0.000343s ]
INFO: [ app_begin ] --START--
INFO: Run Behavior\ReadHtmlCacheBehavior [ RunTime:0.000754s ]
INFO: [ app_begin ] --END-- [ RunTime:0.000904s ]
SQL: SHOW COLUMNS FROM `ecshop_admin` [ RunTime:0.0159s ]
SQL: SELECT `role_id` FROM `ecshop_admin` LIMIT 1   [ RunTime:0.0007s ]
SQL: SHOW COLUMNS FROM `ecshop_role` [ RunTime:0.0098s ]
SQL: SELECT `auth_id` FROM `ecshop_role` WHERE ( id in (1,2) )  [ RunTime:0.0004s ]
SQL: SHOW COLUMNS FROM `ecshop_auth` [ RunTime:0.0061s ]
SQL: SELECT * FROM `ecshop_auth` WHERE ( id in(1,2) )  [ RunTime:0.0004s ]
SQL: SHOW COLUMNS FROM `ecshop_type` [ RunTime:0.0068s ]
SQL: SELECT * FROM `ecshop_type`  [ RunTime:0.0008s ]
SQL: SHOW COLUMNS FROM `ecshop_category` [ RunTime:0.0062s ]
SQL: SELECT * FROM `ecshop_category`  [ RunTime:0.0004s ]
SQL: SHOW COLUMNS FROM `ecshop_brand` [ RunTime:0.0058s ]
SQL: SELECT `id`,`brand_name` FROM `ecshop_brand`  [ RunTime:0.0003s ]
SQL: SHOW COLUMNS FROM `ecshop_member_level` [ RunTime:0.0047s ]
SQL: SELECT * FROM `ecshop_member_level`  [ RunTime:0.0003s ]
INFO: [ view_parse ] --START--
INFO: [ template_filter ] --START--
INFO: Run Behavior\ContentReplaceBehavior [ RunTime:0.000142s ]
INFO: [ template_filter ] --END-- [ RunTime:0.000185s ]
NOTIC: [8] Undefined variable: type_id E:\WWW\myprotect\Shop\Runtime\Cache\Admin\bcf61832b5520a5ca7370143cfc75300.php 第 210 行.
NOTIC: [8] Undefined variable: type_id E:\WWW\myprotect\Shop\Runtime\Cache\Admin\bcf61832b5520a5ca7370143cfc75300.php 第 210 行.
INFO: Run Behavior\ParseTemplateBehavior [ RunTime:0.010468s ]
INFO: [ view_parse ] --END-- [ RunTime:0.010510s ]
INFO: [ view_filter ] --START--
INFO: Run Behavior\WriteHtmlCacheBehavior [ RunTime:0.000343s ]
INFO: [ view_filter ] --END-- [ RunTime:0.000381s ]
INFO: [ app_end ] --START--
INFO: Run Behavior\ShowPageTraceBehavior [ RunTime:0.000665s ]
INFO: [ app_end ] --END-- [ RunTime:0.000718s ]

[ 2018-05-10T20:20:17+08:00 ] 127.0.0.1 /Admin/Goods/add.html
INFO: [ app_init ] --START--
INFO: Run Behavior\BuildLiteBehavior [ RunTime:0.000021s ]
INFO: [ app_init ] --END-- [ RunTime:0.000355s ]
INFO: [ app_begin ] --START--
INFO: Run Behavior\ReadHtmlCacheBehavior [ RunTime:0.000407s ]
INFO: [ app_begin ] --END-- [ RunTime:0.000452s ]
SQL: SHOW COLUMNS FROM `ecshop_admin` [ RunTime:0.0087s ]
SQL: SELECT `role_id` FROM `ecshop_admin` LIMIT 1   [ RunTime:0.0002s ]
SQL: SHOW COLUMNS FROM `ecshop_role` [ RunTime:0.0032s ]
SQL: SELECT `auth_id` FROM `ecshop_role` WHERE ( id in (1,2) )  [ RunTime:0.0002s ]
SQL: SHOW COLUMNS FROM `ecshop_auth` [ RunTime:0.0033s ]
SQL: SELECT * FROM `ecshop_auth` WHERE ( id in(1,2) )  [ RunTime:0.0002s ]

[ 2018-05-10T20:20:36+08:00 ] 127.0.0.1 /Admin/Goods/add.html
INFO: [ app_init ] --START--
INFO: Run Behavior\BuildLiteBehavior [ RunTime:0.000010s ]
INFO: [ app_init ] --END-- [ RunTime:0.000366s ]
INFO: [ app_begin ] --START--
INFO: Run Behavior\ReadHtmlCacheBehavior [ RunTime:0.000340s ]
INFO: [ app_begin ] --END-- [ RunTime:0.000379s ]
SQL: SHOW COLUMNS FROM `ecshop_admin` [ RunTime:0.0163s ]
SQL: SELECT `role_id` FROM `ecshop_admin` LIMIT 1   [ RunTime:0.0006s ]
SQL: SHOW COLUMNS FROM `ecshop_role` [ RunTime:0.0091s ]
SQL: SELECT `auth_id` FROM `ecshop_role` WHERE ( id in (1,2) )  [ RunTime:0.0007s ]
SQL: SHOW COLUMNS FROM `ecshop_auth` [ RunTime:0.0105s ]
SQL: SELECT * FROM `ecshop_auth` WHERE ( id in(1,2) )  [ RunTime:0.0007s ]
SQL: SHOW COLUMNS FROM `ecshop_type` [ RunTime:0.0094s ]
SQL: SELECT * FROM `ecshop_type`  [ RunTime:0.0007s ]
SQL: SHOW COLUMNS FROM `ecshop_category` [ RunTime:0.0080s ]
SQL: SELECT * FROM `ecshop_category`  [ RunTime:0.0004s ]
SQL: SHOW COLUMNS FROM `ecshop_brand` [ RunTime:0.0064s ]
SQL: SELECT `id`,`brand_name` FROM `ecshop_brand`  [ RunTime:0.0004s ]
SQL: SHOW COLUMNS FROM `ecshop_member_level` [ RunTime:0.0060s ]
SQL: SELECT * FROM `ecshop_member_level`  [ RunTime:0.0004s ]
INFO: [ view_parse ] --START--
INFO: [ template_filter ] --START--
INFO: Run Behavior\ContentReplaceBehavior [ RunTime:0.000140s ]
INFO: [ template_filter ] --END-- [ RunTime:0.000185s ]
NOTIC: [8] Undefined variable: type_id E:\WWW\myprotect\Shop\Runtime\Cache\Admin\bcf61832b5520a5ca7370143cfc75300.php 第 210 行.
NOTIC: [8] Undefined variable: type_id E:\WWW\myprotect\Shop\Runtime\Cache\Admin\bcf61832b5520a5ca7370143cfc75300.php 第 210 行.
INFO: Run Behavior\ParseTemplateBehavior [ RunTime:0.014317s ]
INFO: [ view_parse ] --END-- [ RunTime:0.014375s ]
INFO: [ view_filter ] --START--
INFO: Run Behavior\WriteHtmlCacheBehavior [ RunTime:0.000212s ]
INFO: [ view_filter ] --END-- [ RunTime:0.000243s ]
INFO: [ app_end ] --START--
INFO: Run Behavior\ShowPageTraceBehavior [ RunTime:0.000383s ]
INFO: [ app_end ] --END-- [ RunTime:0.000422s ]

[ 2018-05-10T20:20:56+08:00 ] 127.0.0.1 /Admin/Goods/add.html
INFO: [ app_init ] --START--
INFO: Run Behavior\BuildLiteBehavior [ RunTime:0.000008s ]
INFO: [ app_init ] --END-- [ RunTime:0.000239s ]
INFO: [ app_begin ] --START--
INFO: Run Behavior\ReadHtmlCacheBehavior [ RunTime:0.000369s ]
INFO: [ app_begin ] --END-- [ RunTime:0.000416s ]
SQL: SHOW COLUMNS FROM `ecshop_admin` [ RunTime:0.0087s ]
SQL: SELECT `role_id` FROM `ecshop_admin` LIMIT 1   [ RunTime:0.0002s ]
SQL: SHOW COLUMNS FROM `ecshop_role` [ RunTime:0.0031s ]
SQL: SELECT `auth_id` FROM `ecshop_role` WHERE ( id in (1,2) )  [ RunTime:0.0002s ]
SQL: SHOW COLUMNS FROM `ecshop_auth` [ RunTime:0.0032s ]
SQL: SELECT * FROM `ecshop_auth` WHERE ( id in(1,2) )  [ RunTime:0.0003s ]

[ 2018-05-10T20:21:25+08:00 ] 127.0.0.1 /Admin/Goods/add.html
INFO: [ app_init ] --START--
INFO: Run Behavior\BuildLiteBehavior [ RunTime:0.000009s ]
INFO: [ app_init ] --END-- [ RunTime:0.000286s ]
INFO: [ app_begin ] --START--
INFO: Run Behavior\ReadHtmlCacheBehavior [ RunTime:0.000511s ]
INFO: [ app_begin ] --END-- [ RunTime:0.000607s ]
SQL: SHOW COLUMNS FROM `ecshop_admin` [ RunTime:0.0087s ]
SQL: SELECT `role_id` FROM `ecshop_admin` LIMIT 1   [ RunTime:0.0002s ]
SQL: SHOW COLUMNS FROM `ecshop_role` [ RunTime:0.0027s ]
SQL: SELECT `auth_id` FROM `ecshop_role` WHERE ( id in (1,2) )  [ RunTime:0.0002s ]
SQL: SHOW COLUMNS FROM `ecshop_auth` [ RunTime:0.0037s ]
SQL: SELECT * FROM `ecshop_auth` WHERE ( id in(1,2) )  [ RunTime:0.0006s ]
SQL: SHOW COLUMNS FROM `ecshop_type` [ RunTime:0.0031s ]
SQL: SELECT * FROM `ecshop_type`  [ RunTime:0.0002s ]
SQL: SHOW COLUMNS FROM `ecshop_category` [ RunTime:0.0027s ]
SQL: SELECT * FROM `ecshop_category`  [ RunTime:0.0002s ]
SQL: SHOW COLUMNS FROM `ecshop_brand` [ RunTime:0.0033s ]
SQL: SELECT `id`,`brand_name` FROM `ecshop_brand`  [ RunTime:0.0002s ]
SQL: SHOW COLUMNS FROM `ecshop_member_level` [ RunTime:0.0035s ]
SQL: SELECT * FROM `ecshop_member_level`  [ RunTime:0.0002s ]
INFO: [ view_parse ] --START--
INFO: [ template_filter ] --START--
INFO: Run Behavior\ContentReplaceBehavior [ RunTime:0.000108s ]
INFO: [ template_filter ] --END-- [ RunTime:0.000147s ]
NOTIC: [8] Undefined variable: type_id E:\WWW\myprotect\Shop\Runtime\Cache\Admin\bcf61832b5520a5ca7370143cfc75300.php 第 210 行.
NOTIC: [8] Undefined variable: type_id E:\WWW\myprotect\Shop\Runtime\Cache\Admin\bcf61832b5520a5ca7370143cfc75300.php 第 210 行.
INFO: Run Behavior\ParseTemplateBehavior [ RunTime:0.008071s ]
INFO: [ view_parse ] --END-- [ RunTime:0.008099s ]
INFO: [ view_filter ] --START--
INFO: Run Behavior\WriteHtmlCacheBehavior [ RunTime:0.000209s ]
INFO: [ view_filter ] --END-- [ RunTime:0.000235s ]
INFO: [ app_end ] --START--
INFO: Run Behavior\ShowPageTraceBehavior [ RunTime:0.000379s ]
INFO: [ app_end ] --END-- [ RunTime:0.000413s ]

[ 2018-05-10T20:21:47+08:00 ] 127.0.0.1 /Admin/Goods/add.html
INFO: [ app_init ] --START--
INFO: Run Behavior\BuildLiteBehavior [ RunTime:0.000008s ]
INFO: [ app_init ] --END-- [ RunTime:0.000232s ]
INFO: [ app_begin ] --START--
INFO: Run Behavior\ReadHtmlCacheBehavior [ RunTime:0.000284s ]
INFO: [ app_begin ] --END-- [ RunTime:0.000319s ]
SQL: SHOW COLUMNS FROM `ecshop_admin` [ RunTime:0.0113s ]
SQL: SELECT `role_id` FROM `ecshop_admin` LIMIT 1   [ RunTime:0.0004s ]
SQL: SHOW COLUMNS FROM `ecshop_role` [ RunTime:0.0062s ]
SQL: SELECT `auth_id` FROM `ecshop_role` WHERE ( id in (1,2) )  [ RunTime:0.0004s ]
SQL: SHOW COLUMNS FROM `ecshop_auth` [ RunTime:0.0064s ]
SQL: SELECT * FROM `ecshop_auth` WHERE ( id in(1,2) )  [ RunTime:0.0006s ]
NOTIC: [2048] Declaration of Admin\Model\GoodsModel::_after_insert() should be compatible with Think\Model::_after_insert($data, $options) E:\WWW\myprotect\Shop\Admin\Model\GoodsModel.class.php 第 227 行.
SQL: SHOW COLUMNS FROM `ecshop_goods` [ RunTime:0.0087s ]
NOTIC: [8] Undefined index: validate E:\WWW\myprotect\ThinkPHP\Library\Think\Model.class.php 第 1185 行.
NOTIC: [8] Undefined index: promote_price E:\WWW\myprotect\ThinkPHP\Library\Think\Model.class.php 第 1217 行.
NOTIC: [8] Undefined index: is_delete E:\WWW\myprotect\ThinkPHP\Library\Think\Model.class.php 第 1217 行.
NOTIC: [8] Undefined index: auto E:\WWW\myprotect\ThinkPHP\Library\Think\Model.class.php 第 1128 行.
NOTIC: [8] Undefined index: promote_start_time E:\WWW\myprotect\Shop\Admin\Model\GoodsModel.class.php 第 88 行.
NOTIC: [8] Undefined index: promote_end_time E:\WWW\myprotect\Shop\Admin\Model\GoodsModel.class.php 第 89 行.
NOTIC: [2] call_user_func() expects parameter 1 to be a valid callback, no array or string given E:\WWW\myprotect\ThinkPHP\Library\Think\Upload.class.php 第 170 行.
SQL: INSERT INTO `ecshop_goods` (`goods_name`,`cat_id`,`brand_id`,`market_price`,`shop_price`,`jifen`,`jyz`,`jifen_price`,`is_promote`,`is_hot`,`is_new`,`is_best`,`is_on_sale`,`seo_keyword`,`seo_description`,`sort_num`,`goods_desc`,`type_id`,`addtime`,`promote_start_time`,`promote_end_time`,`logo`,`sm_logo`) VALUES ('小米3','2','2','2000','1888','120','200','1000','1','0','0','0','1','小米3','小米3','100','<p>小米3描述</p>','1','1525954907','','','Goods/2018-05-10/5af4395b25992.gif','Goods/2018-05-10/thumb_0_5af4395b25992.gif') [ RunTime:0.0007s ]
SQL: SHOW COLUMNS FROM `ecshop_goods_cat` [ RunTime:0.0088s ]
SQL: INSERT INTO `ecshop_goods_cat` (`goods_id`,`cat_id`) VALUES ('6','8') [ RunTime:0.0003s ]
SQL: SHOW COLUMNS FROM `ecshop_member_price` [ RunTime:0.0038s ]
SQL: SHOW COLUMNS FROM `ecshop_goods_pics` [ RunTime:0.0047s ]
NOTIC: [2] call_user_func() expects parameter 1 to be a valid callback, no array or string given E:\WWW\myprotect\ThinkPHP\Library\Think\Upload.class.php 第 170 行.
SQL: INSERT INTO `ecshop_goods_pics` (`goods_id`,`pic`,`sm_pic`) VALUES ('6','Goods/2018-05-10/5af4395b3139d.gif','Goods/2018-05-10/thumb_0_5af4395b3139d.gif') [ RunTime:0.0355s ]
NOTIC: [2] call_user_func() expects parameter 1 to be a valid callback, no array or string given E:\WWW\myprotect\ThinkPHP\Library\Think\Upload.class.php 第 170 行.
SQL: INSERT INTO `ecshop_goods_pics` (`goods_id`,`pic`,`sm_pic`) VALUES ('6','Goods/2018-05-10/5af4395b3cc4e.gif','Goods/2018-05-10/thumb_0_5af4395b3cc4e.gif') [ RunTime:0.0429s ]
NOTIC: [2] call_user_func() expects parameter 1 to be a valid callback, no array or string given E:\WWW\myprotect\ThinkPHP\Library\Think\Upload.class.php 第 170 行.
SQL: INSERT INTO `ecshop_goods_pics` (`goods_id`,`pic`,`sm_pic`) VALUES ('6','Goods/2018-05-10/5af4395b5129a.gif','Goods/2018-05-10/thumb_0_5af4395b5129a.gif') [ RunTime:0.0382s ]
INFO: [ view_parse ] --START--
INFO: [ template_filter ] --START--
INFO: Run Behavior\ContentReplaceBehavior [ RunTime:0.000037s ]
INFO: [ template_filter ] --END-- [ RunTime:0.000078s ]
INFO: Run Behavior\ParseTemplateBehavior [ RunTime:0.015857s ]
INFO: [ view_parse ] --END-- [ RunTime:0.015897s ]
INFO: [ view_filter ] --START--
INFO: Run Behavior\WriteHtmlCacheBehavior [ RunTime:0.000883s ]
INFO: [ view_filter ] --END-- [ RunTime:0.000911s ]
INFO: [ app_end ] --START--
INFO: Run Behavior\ShowPageTraceBehavior [ RunTime:0.001016s ]
INFO: [ app_end ] --END-- [ RunTime:0.001047s ]

[ 2018-05-10T20:21:49+08:00 ] 127.0.0.1 /Admin/Goods/lst.html
INFO: [ app_init ] --START--
INFO: Run Behavior\BuildLiteBehavior [ RunTime:0.000009s ]
INFO: [ app_init ] --END-- [ RunTime:0.000447s ]
INFO: [ app_begin ] --START--
INFO: Run Behavior\ReadHtmlCacheBehavior [ RunTime:0.001015s ]
INFO: [ app_begin ] --END-- [ RunTime:0.001055s ]
SQL: SHOW COLUMNS FROM `ecshop_admin` [ RunTime:0.0087s ]
SQL: SELECT `role_id` FROM `ecshop_admin` LIMIT 1   [ RunTime:0.0002s ]
SQL: SHOW COLUMNS FROM `ecshop_role` [ RunTime:0.0032s ]
SQL: SELECT `auth_id` FROM `ecshop_role` WHERE ( id in (1,2) )  [ RunTime:0.0002s ]
SQL: SHOW COLUMNS FROM `ecshop_auth` [ RunTime:0.0032s ]
SQL: SELECT * FROM `ecshop_auth` WHERE ( id in(1,2) )  [ RunTime:0.0003s ]
NOTIC: [2048] Declaration of Admin\Model\GoodsModel::_after_insert() should be compatible with Think\Model::_after_insert($data, $options) E:\WWW\myprotect\Shop\Admin\Model\GoodsModel.class.php 第 227 行.
SQL: SHOW COLUMNS FROM `ecshop_goods` [ RunTime:0.0038s ]
SQL: SELECT COUNT(*) AS tp_count FROM ecshop_goods a LIMIT 1   [ RunTime:0.0003s ]
SQL: SELECT * FROM ecshop_goods a GROUP BY a.id LIMIT 0,10   [ RunTime:0.0003s ]
INFO: [ view_parse ] --START--
INFO: [ template_filter ] --START--
INFO: Run Behavior\ContentReplaceBehavior [ RunTime:0.000070s ]
INFO: [ template_filter ] --END-- [ RunTime:0.000103s ]
NOTIC: [2] preg_match(): No ending delimiter '/' found E:\WWW\myprotect\Shop\Runtime\Cache\Admin\67f1dcabc3e6067f8bb395be64aeedd4.php 第 148 行.
INFO: Run Behavior\ParseTemplateBehavior [ RunTime:0.030072s ]
INFO: [ view_parse ] --END-- [ RunTime:0.030106s ]
INFO: [ view_filter ] --START--
INFO: Run Behavior\WriteHtmlCacheBehavior [ RunTime:0.000519s ]
INFO: [ view_filter ] --END-- [ RunTime:0.000546s ]
INFO: [ app_end ] --START--
INFO: Run Behavior\ShowPageTraceBehavior [ RunTime:0.000677s ]
INFO: [ app_end ] --END-- [ RunTime:0.000709s ]

[ 2018-05-10T20:25:01+08:00 ] 127.0.0.1 /Admin/Goods/lst.html
INFO: [ app_init ] --START--
INFO: Run Behavior\BuildLiteBehavior [ RunTime:0.000018s ]
INFO: [ app_init ] --END-- [ RunTime:0.000407s ]
INFO: [ app_begin ] --START--
INFO: Run Behavior\ReadHtmlCacheBehavior [ RunTime:0.000512s ]
INFO: [ app_begin ] --END-- [ RunTime:0.000549s ]
SQL: SHOW COLUMNS FROM `ecshop_admin` [ RunTime:0.0091s ]
SQL: SELECT `role_id` FROM `ecshop_admin` LIMIT 1   [ RunTime:0.0002s ]
SQL: SHOW COLUMNS FROM `ecshop_role` [ RunTime:0.0030s ]
SQL: SELECT `auth_id` FROM `ecshop_role` WHERE ( id in (1,2) )  [ RunTime:0.0003s ]
SQL: SHOW COLUMNS FROM `ecshop_auth` [ RunTime:0.0034s ]
SQL: SELECT * FROM `ecshop_auth` WHERE ( id in(1,2) )  [ RunTime:0.0002s ]
NOTIC: [2048] Declaration of Admin\Model\GoodsModel::_after_insert() should be compatible with Think\Model::_after_insert($data, $options) E:\WWW\myprotect\Shop\Admin\Model\GoodsModel.class.php 第 227 行.
SQL: SHOW COLUMNS FROM `ecshop_goods` [ RunTime:0.0038s ]
SQL: SELECT COUNT(*) AS tp_count FROM ecshop_goods a LIMIT 1   [ RunTime:0.0002s ]
SQL: SELECT * FROM ecshop_goods a GROUP BY a.id LIMIT 0,10   [ RunTime:0.0003s ]
INFO: [ view_parse ] --START--
INFO: [ template_filter ] --START--
INFO: Run Behavior\ContentReplaceBehavior [ RunTime:0.000143s ]
INFO: [ template_filter ] --END-- [ RunTime:0.000206s ]
NOTIC: [2] preg_match(): No ending delimiter '/' found E:\WWW\myprotect\Shop\Runtime\Cache\Admin\67f1dcabc3e6067f8bb395be64aeedd4.php 第 148 行.
INFO: Run Behavior\ParseTemplateBehavior [ RunTime:0.008808s ]
INFO: [ view_parse ] --END-- [ RunTime:0.008841s ]
INFO: [ view_filter ] --START--
INFO: Run Behavior\WriteHtmlCacheBehavior [ RunTime:0.000354s ]
INFO: [ view_filter ] --END-- [ RunTime:0.000380s ]
INFO: [ app_end ] --START--
INFO: Run Behavior\ShowPageTraceBehavior [ RunTime:0.000563s ]
INFO: [ app_end ] --END-- [ RunTime:0.000593s ]

[ 2018-05-10T20:25:22+08:00 ] 127.0.0.1 /Admin/Goods/edit/id/6/p/1.html
INFO: [ app_init ] --START--
INFO: Run Behavior\BuildLiteBehavior [ RunTime:0.000013s ]
INFO: [ app_init ] --END-- [ RunTime:0.000346s ]
INFO: [ app_begin ] --START--
INFO: Run Behavior\ReadHtmlCacheBehavior [ RunTime:0.000500s ]
INFO: [ app_begin ] --END-- [ RunTime:0.000537s ]
SQL: SHOW COLUMNS FROM `ecshop_admin` [ RunTime:0.0091s ]
SQL: SELECT `role_id` FROM `ecshop_admin` LIMIT 1   [ RunTime:0.0002s ]
SQL: SHOW COLUMNS FROM `ecshop_role` [ RunTime:0.0036s ]
SQL: SELECT `auth_id` FROM `ecshop_role` WHERE ( id in (1,2) )  [ RunTime:0.0006s ]
SQL: SHOW COLUMNS FROM `ecshop_auth` [ RunTime:0.0035s ]
SQL: SELECT * FROM `ecshop_auth` WHERE ( id in(1,2) )  [ RunTime:0.0002s ]
SQL: SHOW COLUMNS FROM `ecshop_goods` [ RunTime:0.0089s ]
SQL: SELECT * FROM `ecshop_goods` WHERE `id` = 6 LIMIT 1   [ RunTime:0.0003s ]
INFO: [ view_parse ] --START--
INFO: [ template_filter ] --START--
INFO: Run Behavior\ContentReplaceBehavior [ RunTime:0.000148s ]
INFO: [ template_filter ] --END-- [ RunTime:0.000184s ]
NOTIC: [8] Undefined variable: categoryData E:\WWW\myprotect\Shop\Runtime\Cache\Admin\ec780326c3ca7c316905c353f51ce5be.php 第 142 行.
NOTIC: [8] Undefined variable: categoryData E:\WWW\myprotect\Shop\Runtime\Cache\Admin\ec780326c3ca7c316905c353f51ce5be.php 第 149 行.
NOTIC: [8] Undefined variable: brandData E:\WWW\myprotect\Shop\Runtime\Cache\Admin\ec780326c3ca7c316905c353f51ce5be.php 第 155 行.
NOTIC: [8] Undefined variable: memberLevelData E:\WWW\myprotect\Shop\Runtime\Cache\Admin\ec780326c3ca7c316905c353f51ce5be.php 第 202 行.
NOTIC: [8] Undefined variable: typeData E:\WWW\myprotect\Shop\Runtime\Cache\Admin\ec780326c3ca7c316905c353f51ce5be.php 第 210 行.
INFO: Run Behavior\ParseTemplateBehavior [ RunTime:0.009789s ]
INFO: [ view_parse ] --END-- [ RunTime:0.009861s ]
INFO: [ view_filter ] --START--
INFO: Run Behavior\WriteHtmlCacheBehavior [ RunTime:0.000552s ]
INFO: [ view_filter ] --END-- [ RunTime:0.000589s ]
INFO: [ app_end ] --START--
INFO: Run Behavior\ShowPageTraceBehavior [ RunTime:0.000725s ]
INFO: [ app_end ] --END-- [ RunTime:0.000783s ]

[ 2018-05-10T20:35:15+08:00 ] 127.0.0.1 /Admin/Goods/edit/id/6/p/1.html
INFO: [ app_init ] --START--
INFO: Run Behavior\BuildLiteBehavior [ RunTime:0.000018s ]
INFO: [ app_init ] --END-- [ RunTime:0.000647s ]
INFO: [ app_begin ] --START--
INFO: Run Behavior\ReadHtmlCacheBehavior [ RunTime:0.001027s ]
INFO: [ app_begin ] --END-- [ RunTime:0.001108s ]
SQL: SHOW COLUMNS FROM `ecshop_admin` [ RunTime:0.0088s ]
SQL: SELECT `role_id` FROM `ecshop_admin` LIMIT 1   [ RunTime:0.0002s ]
SQL: SHOW COLUMNS FROM `ecshop_role` [ RunTime:0.0033s ]
SQL: SELECT `auth_id` FROM `ecshop_role` WHERE ( id in (1,2) )  [ RunTime:0.0003s ]
SQL: SHOW COLUMNS FROM `ecshop_auth` [ RunTime:0.0038s ]
SQL: SELECT * FROM `ecshop_auth` WHERE ( id in(1,2) )  [ RunTime:0.0003s ]
SQL: SHOW COLUMNS FROM `ecshop_goods` [ RunTime:0.0097s ]
SQL: SELECT * FROM `ecshop_goods` WHERE `id` = 6 LIMIT 1   [ RunTime:0.0003s ]
INFO: [ view_parse ] --START--
INFO: [ template_filter ] --START--
INFO: Run Behavior\ContentReplaceBehavior [ RunTime:0.000147s ]
INFO: [ template_filter ] --END-- [ RunTime:0.000215s ]
NOTIC: [8] Undefined variable: categoryData E:\WWW\myprotect\Shop\Runtime\Cache\Admin\ec780326c3ca7c316905c353f51ce5be.php 第 143 行.
NOTIC: [8] Undefined variable: categoryData E:\WWW\myprotect\Shop\Runtime\Cache\Admin\ec780326c3ca7c316905c353f51ce5be.php 第 150 行.
NOTIC: [8] Undefined variable: brandData E:\WWW\myprotect\Shop\Runtime\Cache\Admin\ec780326c3ca7c316905c353f51ce5be.php 第 156 行.
NOTIC: [8] Undefined variable: memberLevelData E:\WWW\myprotect\Shop\Runtime\Cache\Admin\ec780326c3ca7c316905c353f51ce5be.php 第 203 行.
NOTIC: [8] Undefined variable: typeData E:\WWW\myprotect\Shop\Runtime\Cache\Admin\ec780326c3ca7c316905c353f51ce5be.php 第 211 行.
INFO: Run Behavior\ParseTemplateBehavior [ RunTime:0.009252s ]
INFO: [ view_parse ] --END-- [ RunTime:0.009284s ]
INFO: [ view_filter ] --START--
INFO: Run Behavior\WriteHtmlCacheBehavior [ RunTime:0.000394s ]
INFO: [ view_filter ] --END-- [ RunTime:0.000419s ]
INFO: [ app_end ] --START--
INFO: Run Behavior\ShowPageTraceBehavior [ RunTime:0.000528s ]
INFO: [ app_end ] --END-- [ RunTime:0.000559s ]

[ 2018-05-10T20:36:00+08:00 ] 127.0.0.1 /Admin/Goods/edit/id/6/p/1.html
INFO: [ app_init ] --START--
INFO: Run Behavior\BuildLiteBehavior [ RunTime:0.000010s ]
INFO: [ app_init ] --END-- [ RunTime:0.000522s ]
INFO: [ app_begin ] --START--
INFO: Run Behavior\ReadHtmlCacheBehavior [ RunTime:0.000564s ]
INFO: [ app_begin ] --END-- [ RunTime:0.000607s ]
SQL: SHOW COLUMNS FROM `ecshop_admin` [ RunTime:0.0176s ]
SQL: SELECT `role_id` FROM `ecshop_admin` LIMIT 1   [ RunTime:0.0009s ]
SQL: SHOW COLUMNS FROM `ecshop_role` [ RunTime:0.0068s ]
SQL: SELECT `auth_id` FROM `ecshop_role` WHERE ( id in (1,2) )  [ RunTime:0.0003s ]
SQL: SHOW COLUMNS FROM `ecshop_auth` [ RunTime:0.0041s ]
SQL: SELECT * FROM `ecshop_auth` WHERE ( id in(1,2) )  [ RunTime:0.0003s ]
SQL: SHOW COLUMNS FROM `ecshop_goods` [ RunTime:0.0099s ]
SQL: SELECT * FROM `ecshop_goods` WHERE `id` = 6 LIMIT 1   [ RunTime:0.0003s ]
INFO: [ view_parse ] --START--
INFO: [ template_filter ] --START--
INFO: Run Behavior\ContentReplaceBehavior [ RunTime:0.000175s ]
INFO: [ template_filter ] --END-- [ RunTime:0.000231s ]
NOTIC: [8] Undefined variable: categoryData E:\WWW\myprotect\Shop\Runtime\Cache\Admin\ec780326c3ca7c316905c353f51ce5be.php 第 143 行.
NOTIC: [8] Undefined variable: categoryData E:\WWW\myprotect\Shop\Runtime\Cache\Admin\ec780326c3ca7c316905c353f51ce5be.php 第 150 行.
NOTIC: [8] Undefined variable: brandData E:\WWW\myprotect\Shop\Runtime\Cache\Admin\ec780326c3ca7c316905c353f51ce5be.php 第 156 行.
NOTIC: [8] Undefined variable: memberLevelData E:\WWW\myprotect\Shop\Runtime\Cache\Admin\ec780326c3ca7c316905c353f51ce5be.php 第 203 行.
NOTIC: [8] Undefined variable: typeData E:\WWW\myprotect\Shop\Runtime\Cache\Admin\ec780326c3ca7c316905c353f51ce5be.php 第 211 行.
INFO: Run Behavior\ParseTemplateBehavior [ RunTime:0.009227s ]
INFO: [ view_parse ] --END-- [ RunTime:0.009261s ]
INFO: [ view_filter ] --START--
INFO: Run Behavior\WriteHtmlCacheBehavior [ RunTime:0.000399s ]
INFO: [ view_filter ] --END-- [ RunTime:0.000423s ]
INFO: [ app_end ] --START--
INFO: Run Behavior\ShowPageTraceBehavior [ RunTime:0.000536s ]
INFO: [ app_end ] --END-- [ RunTime:0.000572s ]

[ 2018-05-10T20:38:51+08:00 ] 127.0.0.1 /Admin/Goods/edit/id/6/p/1.html
INFO: [ app_init ] --START--
INFO: Run Behavior\BuildLiteBehavior [ RunTime:0.000050s ]
INFO: [ app_init ] --END-- [ RunTime:0.001019s ]
INFO: [ app_begin ] --START--
INFO: Run Behavior\ReadHtmlCacheBehavior [ RunTime:0.000614s ]
INFO: [ app_begin ] --END-- [ RunTime:0.000656s ]
SQL: SHOW COLUMNS FROM `ecshop_admin` [ RunTime:0.0086s ]
SQL: SELECT `role_id` FROM `ecshop_admin` LIMIT 1   [ RunTime:0.0002s ]
SQL: SHOW COLUMNS FROM `ecshop_role` [ RunTime:0.0032s ]
SQL: SELECT `auth_id` FROM `ecshop_role` WHERE ( id in (1,2) )  [ RunTime:0.0002s ]
SQL: SHOW COLUMNS FROM `ecshop_auth` [ RunTime:0.0038s ]
SQL: SELECT * FROM `ecshop_auth` WHERE ( id in(1,2) )  [ RunTime:0.0003s ]
SQL: SHOW COLUMNS FROM `ecshop_goods` [ RunTime:0.0096s ]
SQL: SELECT * FROM `ecshop_goods` WHERE `id` = 6 LIMIT 1   [ RunTime:0.0003s ]
INFO: [ view_parse ] --START--
INFO: [ template_filter ] --START--
INFO: Run Behavior\ContentReplaceBehavior [ RunTime:0.000111s ]
INFO: [ template_filter ] --END-- [ RunTime:0.000147s ]
NOTIC: [8] Undefined variable: categoryData E:\WWW\myprotect\Shop\Runtime\Cache\Admin\ec780326c3ca7c316905c353f51ce5be.php 第 144 行.
NOTIC: [8] Undefined variable: categoryData E:\WWW\myprotect\Shop\Runtime\Cache\Admin\ec780326c3ca7c316905c353f51ce5be.php 第 151 行.
NOTIC: [8] Undefined variable: brandData E:\WWW\myprotect\Shop\Runtime\Cache\Admin\ec780326c3ca7c316905c353f51ce5be.php 第 157 行.
NOTIC: [8] Undefined variable: memberLevelData E:\WWW\myprotect\Shop\Runtime\Cache\Admin\ec780326c3ca7c316905c353f51ce5be.php 第 204 行.
NOTIC: [8] Undefined variable: typeData E:\WWW\myprotect\Shop\Runtime\Cache\Admin\ec780326c3ca7c316905c353f51ce5be.php 第 212 行.
INFO: Run Behavior\ParseTemplateBehavior [ RunTime:0.011024s ]
INFO: [ view_parse ] --END-- [ RunTime:0.011061s ]
INFO: [ view_filter ] --START--
INFO: Run Behavior\WriteHtmlCacheBehavior [ RunTime:0.000355s ]
INFO: [ view_filter ] --END-- [ RunTime:0.000381s ]
INFO: [ app_end ] --START--
INFO: Run Behavior\ShowPageTraceBehavior [ RunTime:0.000848s ]
INFO: [ app_end ] --END-- [ RunTime:0.000882s ]

[ 2018-05-10T20:48:10+08:00 ] 127.0.0.1 /Admin/Goods/edit/id/6/p/1.html
INFO: [ app_init ] --START--
INFO: Run Behavior\BuildLiteBehavior [ RunTime:0.000010s ]
INFO: [ app_init ] --END-- [ RunTime:0.000444s ]
INFO: [ app_begin ] --START--
INFO: Run Behavior\ReadHtmlCacheBehavior [ RunTime:0.001191s ]
INFO: [ app_begin ] --END-- [ RunTime:0.001312s ]
SQL: SHOW COLUMNS FROM `ecshop_admin` [ RunTime:0.0128s ]
SQL: SELECT `role_id` FROM `ecshop_admin` LIMIT 1   [ RunTime:0.0004s ]
SQL: SHOW COLUMNS FROM `ecshop_role` [ RunTime:0.0063s ]
SQL: SELECT `auth_id` FROM `ecshop_role` WHERE ( id in (1,2) )  [ RunTime:0.0005s ]
SQL: SHOW COLUMNS FROM `ecshop_auth` [ RunTime:0.0074s ]
SQL: SELECT * FROM `ecshop_auth` WHERE ( id in(1,2) )  [ RunTime:0.0005s ]
SQL: SHOW COLUMNS FROM `ecshop_goods` [ RunTime:0.0092s ]
SQL: SELECT * FROM `ecshop_goods` WHERE `id` = 6 LIMIT 1   [ RunTime:0.0003s ]
INFO: [ view_parse ] --START--
INFO: [ template_filter ] --START--
INFO: Run Behavior\ContentReplaceBehavior [ RunTime:0.000116s ]
INFO: [ template_filter ] --END-- [ RunTime:0.000155s ]

[ 2018-05-10T20:48:35+08:00 ] 127.0.0.1 /Admin/Goods/edit/id/6/p/1.html
INFO: [ app_init ] --START--
INFO: Run Behavior\BuildLiteBehavior [ RunTime:0.000008s ]
INFO: [ app_init ] --END-- [ RunTime:0.000275s ]
INFO: [ app_begin ] --START--
INFO: Run Behavior\ReadHtmlCacheBehavior [ RunTime:0.000467s ]
INFO: [ app_begin ] --END-- [ RunTime:0.000505s ]
SQL: SHOW COLUMNS FROM `ecshop_admin` [ RunTime:0.0039s ]
SQL: SELECT `role_id` FROM `ecshop_admin` LIMIT 1   [ RunTime:0.0002s ]
SQL: SHOW COLUMNS FROM `ecshop_role` [ RunTime:0.0031s ]
SQL: SELECT `auth_id` FROM `ecshop_role` WHERE ( id in (1,2) )  [ RunTime:0.0002s ]
SQL: SHOW COLUMNS FROM `ecshop_auth` [ RunTime:0.0034s ]
SQL: SELECT * FROM `ecshop_auth` WHERE ( id in(1,2) )  [ RunTime:0.0002s ]
SQL: SHOW COLUMNS FROM `ecshop_goods` [ RunTime:0.0095s ]
SQL: SELECT * FROM `ecshop_goods` WHERE `id` = 6 LIMIT 1   [ RunTime:0.0004s ]
INFO: [ view_parse ] --START--
INFO: [ template_filter ] --START--
INFO: Run Behavior\ContentReplaceBehavior [ RunTime:0.000111s ]
INFO: [ template_filter ] --END-- [ RunTime:0.000147s ]

[ 2018-05-10T20:48:37+08:00 ] 127.0.0.1 /Admin/Goods/edit/id/6/p/1.html
INFO: [ app_init ] --START--
INFO: Run Behavior\BuildLiteBehavior [ RunTime:0.000030s ]
INFO: [ app_init ] --END-- [ RunTime:0.001084s ]
INFO: [ app_begin ] --START--
INFO: Run Behavior\ReadHtmlCacheBehavior [ RunTime:0.001285s ]
INFO: [ app_begin ] --END-- [ RunTime:0.001399s ]
SQL: SHOW COLUMNS FROM `ecshop_admin` [ RunTime:0.0085s ]
SQL: SELECT `role_id` FROM `ecshop_admin` LIMIT 1   [ RunTime:0.0002s ]
SQL: SHOW COLUMNS FROM `ecshop_role` [ RunTime:0.0030s ]
SQL: SELECT `auth_id` FROM `ecshop_role` WHERE ( id in (1,2) )  [ RunTime:0.0002s ]
SQL: SHOW COLUMNS FROM `ecshop_auth` [ RunTime:0.0032s ]
SQL: SELECT * FROM `ecshop_auth` WHERE ( id in(1,2) )  [ RunTime:0.0003s ]
SQL: SHOW COLUMNS FROM `ecshop_goods` [ RunTime:0.0091s ]
SQL: SELECT * FROM `ecshop_goods` WHERE `id` = 6 LIMIT 1   [ RunTime:0.0003s ]
INFO: [ view_parse ] --START--
INFO: [ template_filter ] --START--
INFO: Run Behavior\ContentReplaceBehavior [ RunTime:0.000111s ]
INFO: [ template_filter ] --END-- [ RunTime:0.000147s ]

[ 2018-05-10T20:55:03+08:00 ] 127.0.0.1 /Admin/Goods/edit/id/6/p/1.html
INFO: [ app_init ] --START--
INFO: Run Behavior\BuildLiteBehavior [ RunTime:0.000010s ]
INFO: [ app_init ] --END-- [ RunTime:0.000359s ]
INFO: [ app_begin ] --START--
INFO: Run Behavior\ReadHtmlCacheBehavior [ RunTime:0.001129s ]
INFO: [ app_begin ] --END-- [ RunTime:0.001192s ]
SQL: SHOW COLUMNS FROM `ecshop_admin` [ RunTime:0.0094s ]
SQL: SELECT `role_id` FROM `ecshop_admin` LIMIT 1   [ RunTime:0.0002s ]
SQL: SHOW COLUMNS FROM `ecshop_role` [ RunTime:0.0032s ]
SQL: SELECT `auth_id` FROM `ecshop_role` WHERE ( id in (1,2) )  [ RunTime:0.0003s ]
SQL: SHOW COLUMNS FROM `ecshop_auth` [ RunTime:0.0039s ]
SQL: SELECT * FROM `ecshop_auth` WHERE ( id in(1,2) )  [ RunTime:0.0002s ]
SQL: SHOW COLUMNS FROM `ecshop_goods` [ RunTime:0.0096s ]
SQL: SELECT * FROM `ecshop_goods` WHERE `id` = 6 LIMIT 1   [ RunTime:0.0003s ]
INFO: [ view_parse ] --START--
INFO: [ template_filter ] --START--
INFO: Run Behavior\ContentReplaceBehavior [ RunTime:0.000135s ]
INFO: [ template_filter ] --END-- [ RunTime:0.000188s ]

[ 2018-05-10T21:01:14+08:00 ] 127.0.0.1 /Admin/Goods/edit/id/6/p/1.html
INFO: [ app_init ] --START--
INFO: Run Behavior\BuildLiteBehavior [ RunTime:0.000009s ]
INFO: [ app_init ] --END-- [ RunTime:0.000409s ]
INFO: [ app_begin ] --START--
INFO: Run Behavior\ReadHtmlCacheBehavior [ RunTime:0.000456s ]
INFO: [ app_begin ] --END-- [ RunTime:0.000491s ]
SQL: SHOW COLUMNS FROM `ecshop_admin` [ RunTime:0.0091s ]
SQL: SELECT `role_id` FROM `ecshop_admin` LIMIT 1   [ RunTime:0.0002s ]
SQL: SHOW COLUMNS FROM `ecshop_role` [ RunTime:0.0028s ]
SQL: SELECT `auth_id` FROM `ecshop_role` WHERE ( id in (1,2) )  [ RunTime:0.0002s ]
SQL: SHOW COLUMNS FROM `ecshop_auth` [ RunTime:0.0035s ]
SQL: SELECT * FROM `ecshop_auth` WHERE ( id in(1,2) )  [ RunTime:0.0002s ]
SQL: SHOW COLUMNS FROM `ecshop_goods` [ RunTime:0.0090s ]
SQL: SELECT * FROM `ecshop_goods` WHERE `id` = 6 LIMIT 1   [ RunTime:0.0002s ]
INFO: [ view_parse ] --START--
INFO: [ template_filter ] --START--
INFO: Run Behavior\ContentReplaceBehavior [ RunTime:0.000110s ]
INFO: [ template_filter ] --END-- [ RunTime:0.000142s ]

[ 2018-05-10T21:01:49+08:00 ] 127.0.0.1 /Admin/Goods/edit/id/6/p/1.html
INFO: [ app_init ] --START--
INFO: Run Behavior\BuildLiteBehavior [ RunTime:0.000015s ]
INFO: [ app_init ] --END-- [ RunTime:0.000491s ]
INFO: [ app_begin ] --START--
INFO: Run Behavior\ReadHtmlCacheBehavior [ RunTime:0.001058s ]
INFO: [ app_begin ] --END-- [ RunTime:0.001269s ]
SQL: SHOW COLUMNS FROM `ecshop_admin` [ RunTime:0.0090s ]
SQL: SELECT `role_id` FROM `ecshop_admin` LIMIT 1   [ RunTime:0.0002s ]
SQL: SHOW COLUMNS FROM `ecshop_role` [ RunTime:0.0031s ]
SQL: SELECT `auth_id` FROM `ecshop_role` WHERE ( id in (1,2) )  [ RunTime:0.0002s ]
SQL: SHOW COLUMNS FROM `ecshop_auth` [ RunTime:0.0045s ]
SQL: SELECT * FROM `ecshop_auth` WHERE ( id in(1,2) )  [ RunTime:0.0003s ]
SQL: SHOW COLUMNS FROM `ecshop_goods` [ RunTime:0.0093s ]
SQL: SELECT * FROM `ecshop_goods` WHERE `id` = 6 LIMIT 1   [ RunTime:0.0003s ]
INFO: [ view_parse ] --START--
INFO: [ template_filter ] --START--
INFO: Run Behavior\ContentReplaceBehavior [ RunTime:0.000108s ]
INFO: [ template_filter ] --END-- [ RunTime:0.000144s ]
NOTIC: [8] Undefined variable: catData E:\WWW\myprotect\Shop\Runtime\Cache\Admin\ec780326c3ca7c316905c353f51ce5be.php 第 144 行.
NOTIC: [2] Invalid argument supplied for foreach() E:\WWW\myprotect\Shop\Runtime\Cache\Admin\ec780326c3ca7c316905c353f51ce5be.php 第 144 行.
NOTIC: [8] Undefined variable: extCatId E:\WWW\myprotect\Shop\Runtime\Cache\Admin\ec780326c3ca7c316905c353f51ce5be.php 第 151 行.
NOTIC: [2] Invalid argument supplied for foreach() E:\WWW\myprotect\Shop\Runtime\Cache\Admin\ec780326c3ca7c316905c353f51ce5be.php 第 151 行.
NOTIC: [8] Undefined variable: brandData E:\WWW\myprotect\Shop\Runtime\Cache\Admin\ec780326c3ca7c316905c353f51ce5be.php 第 163 行.
NOTIC: [2] Invalid argument supplied for foreach() E:\WWW\myprotect\Shop\Runtime\Cache\Admin\ec780326c3ca7c316905c353f51ce5be.php 第 163 行.
NOTIC: [8] Undefined variable: memberLevelData E:\WWW\myprotect\Shop\Runtime\Cache\Admin\ec780326c3ca7c316905c353f51ce5be.php 第 217 行.
NOTIC: [8] Undefined variable: typeData E:\WWW\myprotect\Shop\Runtime\Cache\Admin\ec780326c3ca7c316905c353f51ce5be.php 第 225 行.
INFO: Run Behavior\ParseTemplateBehavior [ RunTime:0.008431s ]
INFO: [ view_parse ] --END-- [ RunTime:0.008465s ]
INFO: [ view_filter ] --START--
INFO: Run Behavior\WriteHtmlCacheBehavior [ RunTime:0.000387s ]
INFO: [ view_filter ] --END-- [ RunTime:0.000413s ]
INFO: [ app_end ] --START--
INFO: Run Behavior\ShowPageTraceBehavior [ RunTime:0.000508s ]
INFO: [ app_end ] --END-- [ RunTime:0.000547s ]

[ 2018-05-10T21:18:20+08:00 ] 127.0.0.1 /Admin/Goods/edit/id/6/p/1.html
INFO: [ app_init ] --START--
INFO: Run Behavior\BuildLiteBehavior [ RunTime:0.000011s ]
INFO: [ app_init ] --END-- [ RunTime:0.000395s ]
INFO: [ app_begin ] --START--
INFO: Run Behavior\ReadHtmlCacheBehavior [ RunTime:0.000471s ]
INFO: [ app_begin ] --END-- [ RunTime:0.000515s ]
SQL: SHOW COLUMNS FROM `ecshop_admin` [ RunTime:0.0091s ]
SQL: SELECT `role_id` FROM `ecshop_admin` LIMIT 1   [ RunTime:0.0011s ]
SQL: SHOW COLUMNS FROM `ecshop_role` [ RunTime:0.0134s ]
SQL: SELECT `auth_id` FROM `ecshop_role` WHERE ( id in (1,2) )  [ RunTime:0.0016s ]
SQL: SHOW COLUMNS FROM `ecshop_auth` [ RunTime:0.0129s ]
SQL: SELECT * FROM `ecshop_auth` WHERE ( id in(1,2) )  [ RunTime:0.0003s ]
SQL: SHOW COLUMNS FROM `ecshop_goods` [ RunTime:0.0102s ]
SQL: SELECT * FROM `ecshop_goods` WHERE `id` = 6 LIMIT 1   [ RunTime:0.0003s ]
INFO: [ view_parse ] --START--
INFO: [ template_filter ] --START--
INFO: Run Behavior\ContentReplaceBehavior [ RunTime:0.000114s ]
INFO: [ template_filter ] --END-- [ RunTime:0.000147s ]
NOTIC: [8] Undefined variable: catData E:\WWW\myprotect\Shop\Runtime\Cache\Admin\ec780326c3ca7c316905c353f51ce5be.php 第 144 行.
NOTIC: [2] Invalid argument supplied for foreach() E:\WWW\myprotect\Shop\Runtime\Cache\Admin\ec780326c3ca7c316905c353f51ce5be.php 第 144 行.
NOTIC: [8] Undefined variable: extCatId E:\WWW\myprotect\Shop\Runtime\Cache\Admin\ec780326c3ca7c316905c353f51ce5be.php 第 151 行.
NOTIC: [2] Invalid argument supplied for foreach() E:\WWW\myprotect\Shop\Runtime\Cache\Admin\ec780326c3ca7c316905c353f51ce5be.php 第 151 行.
NOTIC: [8] Undefined variable: brandData E:\WWW\myprotect\Shop\Runtime\Cache\Admin\ec780326c3ca7c316905c353f51ce5be.php 第 163 行.
NOTIC: [2] Invalid argument supplied for foreach() E:\WWW\myprotect\Shop\Runtime\Cache\Admin\ec780326c3ca7c316905c353f51ce5be.php 第 163 行.
NOTIC: [8] Undefined variable: memberLevelData E:\WWW\myprotect\Shop\Runtime\Cache\Admin\ec780326c3ca7c316905c353f51ce5be.php 第 212 行.
NOTIC: [8] Undefined variable: typeData E:\WWW\myprotect\Shop\Runtime\Cache\Admin\ec780326c3ca7c316905c353f51ce5be.php 第 220 行.
INFO: Run Behavior\ParseTemplateBehavior [ RunTime:0.007784s ]
INFO: [ view_parse ] --END-- [ RunTime:0.007818s ]
INFO: [ view_filter ] --START--
INFO: Run Behavior\WriteHtmlCacheBehavior [ RunTime:0.000261s ]
INFO: [ view_filter ] --END-- [ RunTime:0.000288s ]
INFO: [ app_end ] --START--
INFO: Run Behavior\ShowPageTraceBehavior [ RunTime:0.000374s ]
INFO: [ app_end ] --END-- [ RunTime:0.000414s ]

[ 2018-05-10T21:19:49+08:00 ] 127.0.0.1 /Admin/Goods/edit/id/6/p/1.html
INFO: [ app_init ] --START--
INFO: Run Behavior\BuildLiteBehavior [ RunTime:0.000013s ]
INFO: [ app_init ] --END-- [ RunTime:0.000310s ]
INFO: [ app_begin ] --START--
INFO: Run Behavior\ReadHtmlCacheBehavior [ RunTime:0.000351s ]
INFO: [ app_begin ] --END-- [ RunTime:0.000392s ]
SQL: SHOW COLUMNS FROM `ecshop_admin` [ RunTime:0.0127s ]
SQL: SELECT `role_id` FROM `ecshop_admin` LIMIT 1   [ RunTime:0.0004s ]
SQL: SHOW COLUMNS FROM `ecshop_role` [ RunTime:0.0057s ]
SQL: SELECT `auth_id` FROM `ecshop_role` WHERE ( id in (1,2) )  [ RunTime:0.0004s ]
SQL: SHOW COLUMNS FROM `ecshop_auth` [ RunTime:0.0070s ]
SQL: SELECT * FROM `ecshop_auth` WHERE ( id in(1,2) )  [ RunTime:0.0005s ]
SQL: SHOW COLUMNS FROM `ecshop_goods` [ RunTime:0.0092s ]
SQL: SELECT * FROM `ecshop_goods` WHERE `id` = 6 LIMIT 1   [ RunTime:0.0003s ]
INFO: [ view_parse ] --START--
INFO: [ template_filter ] --START--
INFO: Run Behavior\ContentReplaceBehavior [ RunTime:0.000115s ]
INFO: [ template_filter ] --END-- [ RunTime:0.000150s ]
NOTIC: [8] Undefined variable: catData E:\WWW\myprotect\Shop\Runtime\Cache\Admin\ec780326c3ca7c316905c353f51ce5be.php 第 144 行.
NOTIC: [2] Invalid argument supplied for foreach() E:\WWW\myprotect\Shop\Runtime\Cache\Admin\ec780326c3ca7c316905c353f51ce5be.php 第 144 行.
NOTIC: [8] Undefined variable: extCatId E:\WWW\myprotect\Shop\Runtime\Cache\Admin\ec780326c3ca7c316905c353f51ce5be.php 第 151 行.
NOTIC: [2] Invalid argument supplied for foreach() E:\WWW\myprotect\Shop\Runtime\Cache\Admin\ec780326c3ca7c316905c353f51ce5be.php 第 151 行.
NOTIC: [8] Undefined variable: brandData E:\WWW\myprotect\Shop\Runtime\Cache\Admin\ec780326c3ca7c316905c353f51ce5be.php 第 163 行.
NOTIC: [2] Invalid argument supplied for foreach() E:\WWW\myprotect\Shop\Runtime\Cache\Admin\ec780326c3ca7c316905c353f51ce5be.php 第 163 行.
NOTIC: [8] Undefined variable: memberLevelData E:\WWW\myprotect\Shop\Runtime\Cache\Admin\ec780326c3ca7c316905c353f51ce5be.php 第 213 行.
NOTIC: [8] Undefined variable: typeData E:\WWW\myprotect\Shop\Runtime\Cache\Admin\ec780326c3ca7c316905c353f51ce5be.php 第 221 行.
INFO: Run Behavior\ParseTemplateBehavior [ RunTime:0.008721s ]
INFO: [ view_parse ] --END-- [ RunTime:0.008768s ]
INFO: [ view_filter ] --START--
INFO: Run Behavior\WriteHtmlCacheBehavior [ RunTime:0.000230s ]
INFO: [ view_filter ] --END-- [ RunTime:0.000256s ]
INFO: [ app_end ] --START--
INFO: Run Behavior\ShowPageTraceBehavior [ RunTime:0.000315s ]
INFO: [ app_end ] --END-- [ RunTime:0.000374s ]

[ 2018-05-10T21:20:18+08:00 ] 127.0.0.1 /Admin/Goods/edit/id/6/p/1.html
INFO: [ app_init ] --START--
INFO: Run Behavior\BuildLiteBehavior [ RunTime:0.000012s ]
INFO: [ app_init ] --END-- [ RunTime:0.000265s ]
INFO: [ app_begin ] --START--
INFO: Run Behavior\ReadHtmlCacheBehavior [ RunTime:0.000291s ]
INFO: [ app_begin ] --END-- [ RunTime:0.000326s ]
SQL: SHOW COLUMNS FROM `ecshop_admin` [ RunTime:0.0123s ]
SQL: SELECT `role_id` FROM `ecshop_admin` LIMIT 1   [ RunTime:0.0004s ]
SQL: SHOW COLUMNS FROM `ecshop_role` [ RunTime:0.0066s ]
SQL: SELECT `auth_id` FROM `ecshop_role` WHERE ( id in (1,2) )  [ RunTime:0.0005s ]
SQL: SHOW COLUMNS FROM `ecshop_auth` [ RunTime:0.0070s ]
SQL: SELECT * FROM `ecshop_auth` WHERE ( id in(1,2) )  [ RunTime:0.0005s ]
SQL: SHOW COLUMNS FROM `ecshop_goods` [ RunTime:0.0091s ]
SQL: SELECT * FROM `ecshop_goods` WHERE `id` = 6 LIMIT 1   [ RunTime:0.0003s ]
INFO: [ view_parse ] --START--
INFO: [ template_filter ] --START--
INFO: Run Behavior\ContentReplaceBehavior [ RunTime:0.000130s ]
INFO: [ template_filter ] --END-- [ RunTime:0.000164s ]
NOTIC: [8] Undefined variable: catData E:\WWW\myprotect\Shop\Runtime\Cache\Admin\ec780326c3ca7c316905c353f51ce5be.php 第 144 行.
NOTIC: [2] Invalid argument supplied for foreach() E:\WWW\myprotect\Shop\Runtime\Cache\Admin\ec780326c3ca7c316905c353f51ce5be.php 第 144 行.
NOTIC: [8] Undefined variable: extCatId E:\WWW\myprotect\Shop\Runtime\Cache\Admin\ec780326c3ca7c316905c353f51ce5be.php 第 151 行.
NOTIC: [2] Invalid argument supplied for foreach() E:\WWW\myprotect\Shop\Runtime\Cache\Admin\ec780326c3ca7c316905c353f51ce5be.php 第 151 行.
NOTIC: [8] Undefined variable: brandData E:\WWW\myprotect\Shop\Runtime\Cache\Admin\ec780326c3ca7c316905c353f51ce5be.php 第 163 行.
NOTIC: [2] Invalid argument supplied for foreach() E:\WWW\myprotect\Shop\Runtime\Cache\Admin\ec780326c3ca7c316905c353f51ce5be.php 第 163 行.
NOTIC: [8] Undefined variable: memberLevelData E:\WWW\myprotect\Shop\Runtime\Cache\Admin\ec780326c3ca7c316905c353f51ce5be.php 第 213 行.
NOTIC: [8] Undefined variable: typeData E:\WWW\myprotect\Shop\Runtime\Cache\Admin\ec780326c3ca7c316905c353f51ce5be.php 第 221 行.
INFO: Run Behavior\ParseTemplateBehavior [ RunTime:0.008760s ]
INFO: [ view_parse ] --END-- [ RunTime:0.008794s ]
INFO: [ view_filter ] --START--
INFO: Run Behavior\WriteHtmlCacheBehavior [ RunTime:0.000228s ]
INFO: [ view_filter ] --END-- [ RunTime:0.000253s ]
INFO: [ app_end ] --START--
INFO: Run Behavior\ShowPageTraceBehavior [ RunTime:0.000297s ]
INFO: [ app_end ] --END-- [ RunTime:0.000342s ]

[ 2018-05-10T21:20:41+08:00 ] 127.0.0.1 /Admin/Goods/edit/id/6/p/1.html
INFO: [ app_init ] --START--
INFO: Run Behavior\BuildLiteBehavior [ RunTime:0.000009s ]
INFO: [ app_init ] --END-- [ RunTime:0.000337s ]
INFO: [ app_begin ] --START--
INFO: Run Behavior\ReadHtmlCacheBehavior [ RunTime:0.000426s ]
INFO: [ app_begin ] --END-- [ RunTime:0.000466s ]
SQL: SHOW COLUMNS FROM `ecshop_admin` [ RunTime:0.0094s ]
SQL: SELECT `role_id` FROM `ecshop_admin` LIMIT 1   [ RunTime:0.0002s ]
SQL: SHOW COLUMNS FROM `ecshop_role` [ RunTime:0.0029s ]
SQL: SELECT `auth_id` FROM `ecshop_role` WHERE ( id in (1,2) )  [ RunTime:0.0005s ]
SQL: SHOW COLUMNS FROM `ecshop_auth` [ RunTime:0.0036s ]
SQL: SELECT * FROM `ecshop_auth` WHERE ( id in(1,2) )  [ RunTime:0.0002s ]
SQL: SHOW COLUMNS FROM `ecshop_goods` [ RunTime:0.0092s ]
SQL: SELECT * FROM `ecshop_goods` WHERE `id` = 6 LIMIT 1   [ RunTime:0.0003s ]
INFO: [ view_parse ] --START--
INFO: [ template_filter ] --START--
INFO: Run Behavior\ContentReplaceBehavior [ RunTime:0.000116s ]
INFO: [ template_filter ] --END-- [ RunTime:0.000152s ]
NOTIC: [8] Undefined variable: catData E:\WWW\myprotect\Shop\Runtime\Cache\Admin\ec780326c3ca7c316905c353f51ce5be.php 第 144 行.
NOTIC: [2] Invalid argument supplied for foreach() E:\WWW\myprotect\Shop\Runtime\Cache\Admin\ec780326c3ca7c316905c353f51ce5be.php 第 144 行.
NOTIC: [8] Undefined variable: extCatId E:\WWW\myprotect\Shop\Runtime\Cache\Admin\ec780326c3ca7c316905c353f51ce5be.php 第 151 行.
NOTIC: [2] Invalid argument supplied for foreach() E:\WWW\myprotect\Shop\Runtime\Cache\Admin\ec780326c3ca7c316905c353f51ce5be.php 第 151 行.
NOTIC: [8] Undefined variable: brandData E:\WWW\myprotect\Shop\Runtime\Cache\Admin\ec780326c3ca7c316905c353f51ce5be.php 第 163 行.
NOTIC: [2] Invalid argument supplied for foreach() E:\WWW\myprotect\Shop\Runtime\Cache\Admin\ec780326c3ca7c316905c353f51ce5be.php 第 163 行.
NOTIC: [8] Undefined variable: memberLevelData E:\WWW\myprotect\Shop\Runtime\Cache\Admin\ec780326c3ca7c316905c353f51ce5be.php 第 213 行.
NOTIC: [8] Undefined variable: typeData E:\WWW\myprotect\Shop\Runtime\Cache\Admin\ec780326c3ca7c316905c353f51ce5be.php 第 221 行.
INFO: Run Behavior\ParseTemplateBehavior [ RunTime:0.008985s ]
INFO: [ view_parse ] --END-- [ RunTime:0.009022s ]
INFO: [ view_filter ] --START--
INFO: Run Behavior\WriteHtmlCacheBehavior [ RunTime:0.000291s ]
INFO: [ view_filter ] --END-- [ RunTime:0.000320s ]
INFO: [ app_end ] --START--
INFO: Run Behavior\ShowPageTraceBehavior [ RunTime:0.000631s ]
INFO: [ app_end ] --END-- [ RunTime:0.000678s ]

[ 2018-05-10T21:22:20+08:00 ] 127.0.0.1 /Admin/Goods/edit/id/6/p/1.html
INFO: [ app_init ] --START--
INFO: Run Behavior\BuildLiteBehavior [ RunTime:0.000008s ]
INFO: [ app_init ] --END-- [ RunTime:0.000256s ]
INFO: [ app_begin ] --START--
INFO: Run Behavior\ReadHtmlCacheBehavior [ RunTime:0.000292s ]
INFO: [ app_begin ] --END-- [ RunTime:0.000327s ]
SQL: SHOW COLUMNS FROM `ecshop_admin` [ RunTime:0.0098s ]
SQL: SELECT `role_id` FROM `ecshop_admin` LIMIT 1   [ RunTime:0.0003s ]
SQL: SHOW COLUMNS FROM `ecshop_role` [ RunTime:0.0042s ]
SQL: SELECT `auth_id` FROM `ecshop_role` WHERE ( id in (1,2) )  [ RunTime:0.0002s ]
SQL: SHOW COLUMNS FROM `ecshop_auth` [ RunTime:0.0034s ]
SQL: SELECT * FROM `ecshop_auth` WHERE ( id in(1,2) )  [ RunTime:0.0002s ]
SQL: SHOW COLUMNS FROM `ecshop_goods` [ RunTime:0.0089s ]
SQL: SELECT * FROM `ecshop_goods` WHERE `id` = 6 LIMIT 1   [ RunTime:0.0003s ]
INFO: [ view_parse ] --START--
INFO: [ template_filter ] --START--
INFO: Run Behavior\ContentReplaceBehavior [ RunTime:0.000115s ]
INFO: [ template_filter ] --END-- [ RunTime:0.000148s ]
NOTIC: [8] Undefined variable: catData E:\WWW\myprotect\Shop\Runtime\Cache\Admin\ec780326c3ca7c316905c353f51ce5be.php 第 144 行.
NOTIC: [2] Invalid argument supplied for foreach() E:\WWW\myprotect\Shop\Runtime\Cache\Admin\ec780326c3ca7c316905c353f51ce5be.php 第 144 行.
NOTIC: [8] Undefined variable: extCatId E:\WWW\myprotect\Shop\Runtime\Cache\Admin\ec780326c3ca7c316905c353f51ce5be.php 第 151 行.
NOTIC: [2] Invalid argument supplied for foreach() E:\WWW\myprotect\Shop\Runtime\Cache\Admin\ec780326c3ca7c316905c353f51ce5be.php 第 151 行.
NOTIC: [8] Undefined variable: brandData E:\WWW\myprotect\Shop\Runtime\Cache\Admin\ec780326c3ca7c316905c353f51ce5be.php 第 163 行.
NOTIC: [2] Invalid argument supplied for foreach() E:\WWW\myprotect\Shop\Runtime\Cache\Admin\ec780326c3ca7c316905c353f51ce5be.php 第 163 行.
NOTIC: [8] Undefined variable: memberLevelData E:\WWW\myprotect\Shop\Runtime\Cache\Admin\ec780326c3ca7c316905c353f51ce5be.php 第 213 行.
NOTIC: [8] Undefined variable: typeData E:\WWW\myprotect\Shop\Runtime\Cache\Admin\ec780326c3ca7c316905c353f51ce5be.php 第 221 行.
INFO: Run Behavior\ParseTemplateBehavior [ RunTime:0.007982s ]
INFO: [ view_parse ] --END-- [ RunTime:0.008018s ]
INFO: [ view_filter ] --START--
INFO: Run Behavior\WriteHtmlCacheBehavior [ RunTime:0.000240s ]
INFO: [ view_filter ] --END-- [ RunTime:0.000266s ]
INFO: [ app_end ] --START--
INFO: Run Behavior\ShowPageTraceBehavior [ RunTime:0.000373s ]
INFO: [ app_end ] --END-- [ RunTime:0.000407s ]

[ 2018-05-10T21:22:24+08:00 ] 127.0.0.1 /Admin/Goods/edit/id/6/p/1.html
INFO: [ app_init ] --START--
INFO: Run Behavior\BuildLiteBehavior [ RunTime:0.000009s ]
INFO: [ app_init ] --END-- [ RunTime:0.000234s ]
INFO: [ app_begin ] --START--
INFO: Run Behavior\ReadHtmlCacheBehavior [ RunTime:0.000288s ]
INFO: [ app_begin ] --END-- [ RunTime:0.000323s ]
SQL: SHOW COLUMNS FROM `ecshop_admin` [ RunTime:0.0087s ]
SQL: SELECT `role_id` FROM `ecshop_admin` LIMIT 1   [ RunTime:0.0003s ]
SQL: SHOW COLUMNS FROM `ecshop_role` [ RunTime:0.0034s ]
SQL: SELECT `auth_id` FROM `ecshop_role` WHERE ( id in (1,2) )  [ RunTime:0.0003s ]
SQL: SHOW COLUMNS FROM `ecshop_auth` [ RunTime:0.0037s ]
SQL: SELECT * FROM `ecshop_auth` WHERE ( id in(1,2) )  [ RunTime:0.0003s ]
SQL: SHOW COLUMNS FROM `ecshop_goods` [ RunTime:0.0098s ]
SQL: SELECT * FROM `ecshop_goods` WHERE `id` = 6 LIMIT 1   [ RunTime:0.0004s ]
INFO: [ view_parse ] --START--
INFO: [ template_filter ] --START--
INFO: Run Behavior\ContentReplaceBehavior [ RunTime:0.000139s ]
INFO: [ template_filter ] --END-- [ RunTime:0.000172s ]
NOTIC: [8] Undefined variable: catData E:\WWW\myprotect\Shop\Runtime\Cache\Admin\ec780326c3ca7c316905c353f51ce5be.php 第 144 行.
NOTIC: [2] Invalid argument supplied for foreach() E:\WWW\myprotect\Shop\Runtime\Cache\Admin\ec780326c3ca7c316905c353f51ce5be.php 第 144 行.
NOTIC: [8] Undefined variable: extCatId E:\WWW\myprotect\Shop\Runtime\Cache\Admin\ec780326c3ca7c316905c353f51ce5be.php 第 151 行.
NOTIC: [2] Invalid argument supplied for foreach() E:\WWW\myprotect\Shop\Runtime\Cache\Admin\ec780326c3ca7c316905c353f51ce5be.php 第 151 行.
NOTIC: [8] Undefined variable: brandData E:\WWW\myprotect\Shop\Runtime\Cache\Admin\ec780326c3ca7c316905c353f51ce5be.php 第 163 行.
NOTIC: [2] Invalid argument supplied for foreach() E:\WWW\myprotect\Shop\Runtime\Cache\Admin\ec780326c3ca7c316905c353f51ce5be.php 第 163 行.
NOTIC: [8] Undefined variable: memberLevelData E:\WWW\myprotect\Shop\Runtime\Cache\Admin\ec780326c3ca7c316905c353f51ce5be.php 第 213 行.
NOTIC: [8] Undefined variable: typeData E:\WWW\myprotect\Shop\Runtime\Cache\Admin\ec780326c3ca7c316905c353f51ce5be.php 第 221 行.
INFO: Run Behavior\ParseTemplateBehavior [ RunTime:0.009242s ]
INFO: [ view_parse ] --END-- [ RunTime:0.009291s ]
INFO: [ view_filter ] --START--
INFO: Run Behavior\WriteHtmlCacheBehavior [ RunTime:0.000358s ]
INFO: [ view_filter ] --END-- [ RunTime:0.000383s ]
INFO: [ app_end ] --START--
INFO: Run Behavior\ShowPageTraceBehavior [ RunTime:0.000496s ]
INFO: [ app_end ] --END-- [ RunTime:0.000540s ]

[ 2018-05-10T21:52:53+08:00 ] 127.0.0.1 /Admin/Goods/edit/id/6/p/1.html
INFO: [ app_init ] --START--
INFO: Run Behavior\BuildLiteBehavior [ RunTime:0.000049s ]
INFO: [ app_init ] --END-- [ RunTime:0.001591s ]
INFO: [ app_begin ] --START--
INFO: Run Behavior\ReadHtmlCacheBehavior [ RunTime:0.000550s ]
INFO: [ app_begin ] --END-- [ RunTime:0.000638s ]
SQL: SHOW COLUMNS FROM `ecshop_admin` [ RunTime:0.0126s ]
SQL: SELECT `role_id` FROM `ecshop_admin` LIMIT 1   [ RunTime:0.0003s ]
SQL: SHOW COLUMNS FROM `ecshop_role` [ RunTime:0.0055s ]
SQL: SELECT `auth_id` FROM `ecshop_role` WHERE ( id in (1,2) )  [ RunTime:0.0003s ]
SQL: SHOW COLUMNS FROM `ecshop_auth` [ RunTime:0.0034s ]
SQL: SELECT * FROM `ecshop_auth` WHERE ( id in(1,2) )  [ RunTime:0.0002s ]
SQL: SHOW COLUMNS FROM `ecshop_goods` [ RunTime:0.0096s ]
SQL: SELECT * FROM `ecshop_goods` WHERE `id` = 6 LIMIT 1   [ RunTime:0.0007s ]
INFO: [ view_parse ] --START--
INFO: [ template_filter ] --START--
INFO: Run Behavior\ContentReplaceBehavior [ RunTime:0.000120s ]
INFO: [ template_filter ] --END-- [ RunTime:0.000157s ]
NOTIC: [8] Undefined variable: catData E:\WWW\myprotect\Shop\Runtime\Cache\Admin\ec780326c3ca7c316905c353f51ce5be.php 第 144 行.
NOTIC: [2] Invalid argument supplied for foreach() E:\WWW\myprotect\Shop\Runtime\Cache\Admin\ec780326c3ca7c316905c353f51ce5be.php 第 144 行.
NOTIC: [8] Undefined variable: extCatId E:\WWW\myprotect\Shop\Runtime\Cache\Admin\ec780326c3ca7c316905c353f51ce5be.php 第 151 行.
NOTIC: [2] Invalid argument supplied for foreach() E:\WWW\myprotect\Shop\Runtime\Cache\Admin\ec780326c3ca7c316905c353f51ce5be.php 第 151 行.
NOTIC: [8] Undefined variable: brandData E:\WWW\myprotect\Shop\Runtime\Cache\Admin\ec780326c3ca7c316905c353f51ce5be.php 第 163 行.
NOTIC: [2] Invalid argument supplied for foreach() E:\WWW\myprotect\Shop\Runtime\Cache\Admin\ec780326c3ca7c316905c353f51ce5be.php 第 163 行.
NOTIC: [8] Undefined variable: mlData E:\WWW\myprotect\Shop\Runtime\Cache\Admin\ec780326c3ca7c316905c353f51ce5be.php 第 213 行.
NOTIC: [2] Invalid argument supplied for foreach() E:\WWW\myprotect\Shop\Runtime\Cache\Admin\ec780326c3ca7c316905c353f51ce5be.php 第 213 行.
NOTIC: [8] Undefined variable: typeData E:\WWW\myprotect\Shop\Runtime\Cache\Admin\ec780326c3ca7c316905c353f51ce5be.php 第 224 行.
NOTIC: [2] Invalid argument supplied for foreach() E:\WWW\myprotect\Shop\Runtime\Cache\Admin\ec780326c3ca7c316905c353f51ce5be.php 第 224 行.
INFO: Run Behavior\ParseTemplateBehavior [ RunTime:0.008568s ]
INFO: [ view_parse ] --END-- [ RunTime:0.008605s ]
INFO: [ view_filter ] --START--
INFO: Run Behavior\WriteHtmlCacheBehavior [ RunTime:0.000268s ]
INFO: [ view_filter ] --END-- [ RunTime:0.000293s ]
INFO: [ app_end ] --START--
INFO: Run Behavior\ShowPageTraceBehavior [ RunTime:0.000499s ]
INFO: [ app_end ] --END-- [ RunTime:0.000530s ]

