[ 2018-05-14T20:38:49+08:00 ] 127.0.0.1 /Admin/Goods/edit/id/6.html
ERR: 1064:You have an error in your SQL syntax; check the manual that corresponds to your MySQL server version for the right syntax to use near ')' at line 1
 [ SQL语句 ] : SELECT id attr_id,`attr_name`,`attr_type`,`attr_option_values` FROM `ecshop_attr` WHERE `type_id` = '1' AND `id` NOT IN () 

[ 2018-05-14T20:39:43+08:00 ] 127.0.0.1 /Admin/Goods/ajaxDeleteAttr.html?id=
INFO: [ app_begin ] --START--
INFO: Run Behavior\ReadHtmlCacheBehavior [ RunTime:0.000393s ]
INFO: [ app_begin ] --END-- [ RunTime:0.000693s ]
SQL: SHOW COLUMNS FROM `ecshop_admin` [ RunTime:0.0156s ]
SQL: SELECT `role_id` FROM `ecshop_admin` LIMIT 1   [ RunTime:0.0005s ]
SQL: SHOW COLUMNS FROM `ecshop_role` [ RunTime:0.0097s ]
SQL: SELECT `auth_id` FROM `ecshop_role` WHERE ( id in (1,2) )  [ RunTime:0.0008s ]
SQL: SHOW COLUMNS FROM `ecshop_auth` [ RunTime:0.0108s ]
SQL: SELECT * FROM `ecshop_auth` WHERE ( id in(1,2) )  [ RunTime:0.0007s ]
SQL: SHOW COLUMNS FROM `ecshop_goods_attr` [ RunTime:0.0104s ]
SQL: SELECT `id` FROM `ecshop_goods_attr` WHERE `id` = 0 LIMIT 1   [ RunTime:0.0002s ]
INFO: [ app_end ] --START--
INFO: Run Behavior\ShowPageTraceBehavior [ RunTime:0.000481s ]
INFO: [ app_end ] --END-- [ RunTime:0.000508s ]

[ 2018-05-14T20:39:53+08:00 ] 127.0.0.1 /Admin/Goods/ajaxDeleteAttr.html?id=1
INFO: [ app_begin ] --START--
INFO: Run Behavior\ReadHtmlCacheBehavior [ RunTime:0.000322s ]
INFO: [ app_begin ] --END-- [ RunTime:0.000564s ]
SQL: SHOW COLUMNS FROM `ecshop_admin` [ RunTime:0.0092s ]
SQL: SELECT `role_id` FROM `ecshop_admin` LIMIT 1   [ RunTime:0.0002s ]
SQL: SHOW COLUMNS FROM `ecshop_role` [ RunTime:0.0030s ]
SQL: SELECT `auth_id` FROM `ecshop_role` WHERE ( id in (1,2) )  [ RunTime:0.0005s ]
SQL: SHOW COLUMNS FROM `ecshop_auth` [ RunTime:0.0071s ]
SQL: SELECT * FROM `ecshop_auth` WHERE ( id in(1,2) )  [ RunTime:0.0003s ]
SQL: SHOW COLUMNS FROM `ecshop_goods_attr` [ RunTime:0.0035s ]
SQL: SELECT `id` FROM `ecshop_goods_attr` WHERE `id` = 1 LIMIT 1   [ RunTime:0.0003s ]
SQL: DELETE FROM `ecshop_goods_attr` WHERE `id` = 1 [ RunTime:0.0002s ]
INFO: [ app_end ] --START--
INFO: Run Behavior\ShowPageTraceBehavior [ RunTime:0.000458s ]
INFO: [ app_end ] --END-- [ RunTime:0.000484s ]

[ 2018-05-14T20:40:19+08:00 ] 127.0.0.1 /Admin/Goods/ajaxDeleteAttr.html?id=
INFO: [ app_begin ] --START--
INFO: Run Behavior\ReadHtmlCacheBehavior [ RunTime:0.000856s ]
INFO: [ app_begin ] --END-- [ RunTime:0.002032s ]
SQL: SHOW COLUMNS FROM `ecshop_admin` [ RunTime:0.0165s ]
SQL: SELECT `role_id` FROM `ecshop_admin` LIMIT 1   [ RunTime:0.0006s ]
SQL: SHOW COLUMNS FROM `ecshop_role` [ RunTime:0.0095s ]
SQL: SELECT `auth_id` FROM `ecshop_role` WHERE ( id in (1,2) )  [ RunTime:0.0007s ]
SQL: SHOW COLUMNS FROM `ecshop_auth` [ RunTime:0.0110s ]
SQL: SELECT * FROM `ecshop_auth` WHERE ( id in(1,2) )  [ RunTime:0.0008s ]
SQL: SHOW COLUMNS FROM `ecshop_goods_attr` [ RunTime:0.0092s ]
SQL: SELECT `id` FROM `ecshop_goods_attr` WHERE `id` = 0 LIMIT 1   [ RunTime:0.0003s ]
INFO: [ app_end ] --START--
INFO: Run Behavior\ShowPageTraceBehavior [ RunTime:0.000562s ]
INFO: [ app_end ] --END-- [ RunTime:0.000590s ]

[ 2018-05-14T20:40:53+08:00 ] 127.0.0.1 /Admin/Goods/ajaxDeleteAttr.html?id=
INFO: [ app_begin ] --START--
INFO: Run Behavior\ReadHtmlCacheBehavior [ RunTime:0.000352s ]
INFO: [ app_begin ] --END-- [ RunTime:0.000714s ]
SQL: SHOW COLUMNS FROM `ecshop_admin` [ RunTime:0.0152s ]
SQL: SELECT `role_id` FROM `ecshop_admin` LIMIT 1   [ RunTime:0.0006s ]
SQL: SHOW COLUMNS FROM `ecshop_role` [ RunTime:0.0088s ]
SQL: SELECT `auth_id` FROM `ecshop_role` WHERE ( id in (1,2) )  [ RunTime:0.0006s ]
SQL: SHOW COLUMNS FROM `ecshop_auth` [ RunTime:0.0098s ]
SQL: SELECT * FROM `ecshop_auth` WHERE ( id in(1,2) )  [ RunTime:0.0007s ]
SQL: SHOW COLUMNS FROM `ecshop_goods_attr` [ RunTime:0.0054s ]
SQL: SELECT `id` FROM `ecshop_goods_attr` WHERE `id` = 0 LIMIT 1   [ RunTime:0.0003s ]
INFO: [ app_end ] --START--
INFO: Run Behavior\ShowPageTraceBehavior [ RunTime:0.000469s ]
INFO: [ app_end ] --END-- [ RunTime:0.000496s ]

[ 2018-05-14T20:40:58+08:00 ] 127.0.0.1 /Admin/Goods/ajaxDeleteAttr.html?id=
INFO: [ app_begin ] --START--
INFO: Run Behavior\ReadHtmlCacheBehavior [ RunTime:0.000799s ]
INFO: [ app_begin ] --END-- [ RunTime:0.001935s ]
SQL: SHOW COLUMNS FROM `ecshop_admin` [ RunTime:0.0160s ]
SQL: SELECT `role_id` FROM `ecshop_admin` LIMIT 1   [ RunTime:0.0006s ]
SQL: SHOW COLUMNS FROM `ecshop_role` [ RunTime:0.0100s ]
SQL: SELECT `auth_id` FROM `ecshop_role` WHERE ( id in (1,2) )  [ RunTime:0.0006s ]
SQL: SHOW COLUMNS FROM `ecshop_auth` [ RunTime:0.0087s ]
SQL: SELECT * FROM `ecshop_auth` WHERE ( id in(1,2) )  [ RunTime:0.0004s ]
SQL: SHOW COLUMNS FROM `ecshop_goods_attr` [ RunTime:0.0065s ]
SQL: SELECT `id` FROM `ecshop_goods_attr` WHERE `id` = 0 LIMIT 1   [ RunTime:0.0003s ]
INFO: [ app_end ] --START--
INFO: Run Behavior\ShowPageTraceBehavior [ RunTime:0.000482s ]
INFO: [ app_end ] --END-- [ RunTime:0.000510s ]

[ 2018-05-14T21:08:14+08:00 ] 127.0.0.1 /Admin/Admin/edit/id/1.html
ERR: 1064:You have an error in your SQL syntax; check the manual that corresponds to your MySQL server version for the right syntax to use near ') )' at line 1
 [ SQL语句 ] : SELECT `auth_id` FROM `ecshop_role` WHERE ( id in () ) 

[ 2018-05-14T21:08:26+08:00 ] 127.0.0.1 /Admin/Admin/lst
ERR: 1064:You have an error in your SQL syntax; check the manual that corresponds to your MySQL server version for the right syntax to use near ') )' at line 1
 [ SQL语句 ] : SELECT `auth_id` FROM `ecshop_role` WHERE ( id in () ) 

[ 2018-05-14T21:08:33+08:00 ] 127.0.0.1 /Admin/Admin/lst
ERR: 1064:You have an error in your SQL syntax; check the manual that corresponds to your MySQL server version for the right syntax to use near ') )' at line 1
 [ SQL语句 ] : SELECT `auth_id` FROM `ecshop_role` WHERE ( id in () ) 

[ 2018-05-14T21:11:53+08:00 ] 127.0.0.1 /Admin/Admin/add.html
ERR: 1064:You have an error in your SQL syntax; check the manual that corresponds to your MySQL server version for the right syntax to use near ') )' at line 1
 [ SQL语句 ] : SELECT `auth_id` FROM `ecshop_role` WHERE ( id in () ) 

[ 2018-05-14T21:12:03+08:00 ] 127.0.0.1 /Admin/Role/edit/id/2.html
ERR: 1064:You have an error in your SQL syntax; check the manual that corresponds to your MySQL server version for the right syntax to use near ') )' at line 1
 [ SQL语句 ] : SELECT `auth_id` FROM `ecshop_role` WHERE ( id in () ) 

[ 2018-05-14T21:12:15+08:00 ] 127.0.0.1 /Admin/Role/lst
ERR: 1064:You have an error in your SQL syntax; check the manual that corresponds to your MySQL server version for the right syntax to use near ') )' at line 1
 [ SQL语句 ] : SELECT `auth_id` FROM `ecshop_role` WHERE ( id in () ) 

[ 2018-05-14T21:12:51+08:00 ] 127.0.0.1 /Admin/Role/lst
ERR: 1064:You have an error in your SQL syntax; check the manual that corresponds to your MySQL server version for the right syntax to use near ') )' at line 1
 [ SQL语句 ] : SELECT `auth_id` FROM `ecshop_role` WHERE ( id in () ) 

[ 2018-05-14T21:13:26+08:00 ] 127.0.0.1 /Admin/Auth/lst
ERR: 1064:You have an error in your SQL syntax; check the manual that corresponds to your MySQL server version for the right syntax to use near ') )' at line 1
 [ SQL语句 ] : SELECT `auth_id` FROM `ecshop_role` WHERE ( id in () ) 

[ 2018-05-14T21:13:38+08:00 ] 127.0.0.1 /Admin/Goods/edit/id/7/p/1.html
ERR: 1064:You have an error in your SQL syntax; check the manual that corresponds to your MySQL server version for the right syntax to use near ') )' at line 1
 [ SQL语句 ] : SELECT `auth_id` FROM `ecshop_role` WHERE ( id in () ) 

[ 2018-05-14T21:18:02+08:00 ] 127.0.0.1 /Admin/Goods/lst.html
ERR: 1064:You have an error in your SQL syntax; check the manual that corresponds to your MySQL server version for the right syntax to use near ') )' at line 1
 [ SQL语句 ] : SELECT `auth_id` FROM `ecshop_role` WHERE ( id in () ) 

[ 2018-05-14T21:18:06+08:00 ] 127.0.0.1 /Admin/Goods/edit/id/7.html
ERR: 1064:You have an error in your SQL syntax; check the manual that corresponds to your MySQL server version for the right syntax to use near ') )' at line 1
 [ SQL语句 ] : SELECT `auth_id` FROM `ecshop_role` WHERE ( id in () ) 

[ 2018-05-14T21:18:12+08:00 ] 127.0.0.1 /Admin/Auth/add
ERR: 1064:You have an error in your SQL syntax; check the manual that corresponds to your MySQL server version for the right syntax to use near ') )' at line 1
 [ SQL语句 ] : SELECT `auth_id` FROM `ecshop_role` WHERE ( id in () ) 

[ 2018-05-14T21:18:16+08:00 ] 127.0.0.1 /Admin/Auth/add
ERR: 1064:You have an error in your SQL syntax; check the manual that corresponds to your MySQL server version for the right syntax to use near ') )' at line 1
 [ SQL语句 ] : SELECT `auth_id` FROM `ecshop_role` WHERE ( id in () ) 

[ 2018-05-14T21:19:22+08:00 ] 127.0.0.1 /Admin/Admin/add
ERR: 1064:You have an error in your SQL syntax; check the manual that corresponds to your MySQL server version for the right syntax to use near ') )' at line 1
 [ SQL语句 ] : SELECT `auth_id` FROM `ecshop_role` WHERE ( id in () ) 

[ 2018-05-14T21:20:57+08:00 ] 127.0.0.1 /Admin/Admin/add
ERR: 1064:You have an error in your SQL syntax; check the manual that corresponds to your MySQL server version for the right syntax to use near ') )' at line 1
 [ SQL语句 ] : SELECT * FROM `ecshop_auth` WHERE ( id in() ) 

[ 2018-05-14T21:26:15+08:00 ] 127.0.0.1 /Admin/Goods/edit/id/7.html
ERR: 1064:You have an error in your SQL syntax; check the manual that corresponds to your MySQL server version for the right syntax to use near ')' at line 1
 [ SQL语句 ] : SELECT id attr_id,`attr_name`,`attr_type`,`attr_option_values` FROM `ecshop_attr` WHERE `type_id` = null AND `id` NOT IN () 

[ 2018-05-14T21:26:20+08:00 ] 127.0.0.1 /Admin/Goods/edit/id/7.html
ERR: 1064:You have an error in your SQL syntax; check the manual that corresponds to your MySQL server version for the right syntax to use near ')' at line 1
 [ SQL语句 ] : SELECT id attr_id,`attr_name`,`attr_type`,`attr_option_values` FROM `ecshop_attr` WHERE `type_id` = null AND `id` NOT IN () 

