[ 2018-05-08T18:51:52+08:00 ] 127.0.0.1 /Admin/Goods/add.html
INFO: [ app_init ] --START--
INFO: Run Behavior\BuildLiteBehavior [ RunTime:0.000018s ]
INFO: [ app_init ] --END-- [ RunTime:0.011737s ]
INFO: [ app_begin ] --START--
INFO: Run Behavior\ReadHtmlCacheBehavior [ RunTime:0.010607s ]
INFO: [ app_begin ] --END-- [ RunTime:0.010695s ]
SQL: SHOW COLUMNS FROM `ecshop_admin` [ RunTime:0.0110s ]
SQL: SELECT `role_id` FROM `ecshop_admin` LIMIT 1   [ RunTime:0.0006s ]
SQL: SHOW COLUMNS FROM `ecshop_role` [ RunTime:0.0084s ]
SQL: SELECT `auth_id` FROM `ecshop_role` WHERE ( id in (1,2) )  [ RunTime:0.0009s ]
SQL: SHOW COLUMNS FROM `ecshop_auth` [ RunTime:0.0104s ]
SQL: SELECT * FROM `ecshop_auth` WHERE ( id in(1,2) )  [ RunTime:0.0007s ]
SQL: SHOW COLUMNS FROM `ecshop_type` [ RunTime:0.0094s ]
SQL: SELECT * FROM `ecshop_type`  [ RunTime:0.0007s ]
INFO: [ view_parse ] --START--
INFO: [ template_filter ] --START--
INFO: Run Behavior\ContentReplaceBehavior [ RunTime:0.010045s ]
INFO: [ template_filter ] --END-- [ RunTime:0.010181s ]
NOTIC: [8] Undefined variable: type_id E:\WWW\myprotect\Shop\Runtime\Cache\Admin\bcf61832b5520a5ca7370143cfc75300.php 第 166 行.
NOTIC: [8] Undefined variable: type_id E:\WWW\myprotect\Shop\Runtime\Cache\Admin\bcf61832b5520a5ca7370143cfc75300.php 第 166 行.
INFO: Run Behavior\ParseTemplateBehavior [ RunTime:0.044822s ]
INFO: [ view_parse ] --END-- [ RunTime:0.045041s ]
INFO: [ view_filter ] --START--
INFO: Run Behavior\WriteHtmlCacheBehavior [ RunTime:0.014042s ]
INFO: [ view_filter ] --END-- [ RunTime:0.014170s ]
INFO: [ app_end ] --START--
INFO: Run Behavior\ShowPageTraceBehavior [ RunTime:0.002911s ]
INFO: [ app_end ] --END-- [ RunTime:0.003088s ]

[ 2018-05-08T18:51:54+08:00 ] 127.0.0.1 /Admin/Goods/lst.html
INFO: [ app_init ] --START--
INFO: Run Behavior\BuildLiteBehavior [ RunTime:0.000023s ]
INFO: [ app_init ] --END-- [ RunTime:0.000882s ]
INFO: [ app_begin ] --START--
INFO: Run Behavior\ReadHtmlCacheBehavior [ RunTime:0.000665s ]
INFO: [ app_begin ] --END-- [ RunTime:0.000735s ]
SQL: SHOW COLUMNS FROM `ecshop_admin` [ RunTime:0.0150s ]
SQL: SELECT `role_id` FROM `ecshop_admin` LIMIT 1   [ RunTime:0.0005s ]
SQL: SHOW COLUMNS FROM `ecshop_role` [ RunTime:0.0093s ]
SQL: SELECT `auth_id` FROM `ecshop_role` WHERE ( id in (1,2) )  [ RunTime:0.0006s ]
SQL: SHOW COLUMNS FROM `ecshop_auth` [ RunTime:0.0095s ]
SQL: SELECT * FROM `ecshop_auth` WHERE ( id in(1,2) )  [ RunTime:0.0006s ]
SQL: SHOW COLUMNS FROM `ecshop_goods` [ RunTime:0.0088s ]
NOTIC: [8] Undefined variable: goods E:\WWW\myprotect\Shop\Admin\Controller\GoodsController.class.php 第 33 行.

[ 2018-05-08T18:51:57+08:00 ] 127.0.0.1 /Admin/Type/lst.html
INFO: [ app_init ] --START--
INFO: Run Behavior\BuildLiteBehavior [ RunTime:0.000009s ]
INFO: [ app_init ] --END-- [ RunTime:0.000236s ]
INFO: [ app_begin ] --START--
INFO: Run Behavior\ReadHtmlCacheBehavior [ RunTime:0.000295s ]
INFO: [ app_begin ] --END-- [ RunTime:0.000329s ]
SQL: SHOW COLUMNS FROM `ecshop_admin` [ RunTime:0.0087s ]
SQL: SELECT `role_id` FROM `ecshop_admin` LIMIT 1   [ RunTime:0.0004s ]
SQL: SHOW COLUMNS FROM `ecshop_role` [ RunTime:0.0070s ]
SQL: SELECT `auth_id` FROM `ecshop_role` WHERE ( id in (1,2) )  [ RunTime:0.0006s ]
SQL: SHOW COLUMNS FROM `ecshop_auth` [ RunTime:0.0074s ]
SQL: SELECT * FROM `ecshop_auth` WHERE ( id in(1,2) )  [ RunTime:0.0005s ]
SQL: SHOW COLUMNS FROM `ecshop_type` [ RunTime:0.0064s ]
SQL: SELECT COUNT(*) AS tp_count FROM ecshop_type a LIMIT 1   [ RunTime:0.0003s ]
SQL: SELECT * FROM ecshop_type a GROUP BY a.id LIMIT 0,10   [ RunTime:0.0003s ]
INFO: [ view_parse ] --START--
INFO: [ template_filter ] --START--
INFO: Run Behavior\ContentReplaceBehavior [ RunTime:0.000157s ]
INFO: [ template_filter ] --END-- [ RunTime:0.000305s ]
INFO: Run Behavior\ParseTemplateBehavior [ RunTime:0.030319s ]
INFO: [ view_parse ] --END-- [ RunTime:0.030470s ]
INFO: [ view_filter ] --START--
INFO: Run Behavior\WriteHtmlCacheBehavior [ RunTime:0.001167s ]
INFO: [ view_filter ] --END-- [ RunTime:0.001283s ]
INFO: [ app_end ] --START--
INFO: Run Behavior\ShowPageTraceBehavior [ RunTime:0.001533s ]
INFO: [ app_end ] --END-- [ RunTime:0.001638s ]

[ 2018-05-08T18:52:01+08:00 ] 127.0.0.1 /Admin/Goods/lst.html
INFO: [ app_init ] --START--
INFO: Run Behavior\BuildLiteBehavior [ RunTime:0.000008s ]
INFO: [ app_init ] --END-- [ RunTime:0.000269s ]
INFO: [ app_begin ] --START--
INFO: Run Behavior\ReadHtmlCacheBehavior [ RunTime:0.000299s ]
INFO: [ app_begin ] --END-- [ RunTime:0.000337s ]
SQL: SHOW COLUMNS FROM `ecshop_admin` [ RunTime:0.0173s ]
SQL: SELECT `role_id` FROM `ecshop_admin` LIMIT 1   [ RunTime:0.0007s ]
SQL: SHOW COLUMNS FROM `ecshop_role` [ RunTime:0.0134s ]
SQL: SELECT `auth_id` FROM `ecshop_role` WHERE ( id in (1,2) )  [ RunTime:0.0008s ]
SQL: SHOW COLUMNS FROM `ecshop_auth` [ RunTime:0.0104s ]
SQL: SELECT * FROM `ecshop_auth` WHERE ( id in(1,2) )  [ RunTime:0.0005s ]
SQL: SHOW COLUMNS FROM `ecshop_goods` [ RunTime:0.0088s ]
NOTIC: [8] Undefined variable: goods E:\WWW\myprotect\Shop\Admin\Controller\GoodsController.class.php 第 33 行.

[ 2018-05-08T18:54:57+08:00 ] 127.0.0.1 /Admin/Goods/lst.html
INFO: [ app_init ] --START--
INFO: Run Behavior\BuildLiteBehavior [ RunTime:0.000012s ]
INFO: [ app_init ] --END-- [ RunTime:0.000452s ]
INFO: [ app_begin ] --START--
INFO: Run Behavior\ReadHtmlCacheBehavior [ RunTime:0.000802s ]
INFO: [ app_begin ] --END-- [ RunTime:0.000877s ]
SQL: SHOW COLUMNS FROM `ecshop_admin` [ RunTime:0.0120s ]
SQL: SELECT `role_id` FROM `ecshop_admin` LIMIT 1   [ RunTime:0.0004s ]
SQL: SHOW COLUMNS FROM `ecshop_role` [ RunTime:0.0058s ]
SQL: SELECT `auth_id` FROM `ecshop_role` WHERE ( id in (1,2) )  [ RunTime:0.0004s ]
SQL: SHOW COLUMNS FROM `ecshop_auth` [ RunTime:0.0064s ]
SQL: SELECT * FROM `ecshop_auth` WHERE ( id in(1,2) )  [ RunTime:0.0010s ]
SQL: SHOW COLUMNS FROM `ecshop_goods` [ RunTime:0.0044s ]
NOTIC: [8] Undefined variable: goods E:\WWW\myprotect\Shop\Admin\Controller\GoodsController.class.php 第 33 行.

[ 2018-05-08T18:55:29+08:00 ] 127.0.0.1 /Admin/Goods/lst.html
INFO: [ app_init ] --START--
INFO: Run Behavior\BuildLiteBehavior [ RunTime:0.000009s ]
INFO: [ app_init ] --END-- [ RunTime:0.000296s ]
INFO: [ app_begin ] --START--
INFO: Run Behavior\ReadHtmlCacheBehavior [ RunTime:0.000564s ]
INFO: [ app_begin ] --END-- [ RunTime:0.000664s ]
SQL: SHOW COLUMNS FROM `ecshop_admin` [ RunTime:0.0174s ]
SQL: SELECT `role_id` FROM `ecshop_admin` LIMIT 1   [ RunTime:0.0007s ]
SQL: SHOW COLUMNS FROM `ecshop_role` [ RunTime:0.0103s ]
SQL: SELECT `auth_id` FROM `ecshop_role` WHERE ( id in (1,2) )  [ RunTime:0.0007s ]
SQL: SHOW COLUMNS FROM `ecshop_auth` [ RunTime:0.0101s ]
SQL: SELECT * FROM `ecshop_auth` WHERE ( id in(1,2) )  [ RunTime:0.0005s ]
SQL: SHOW COLUMNS FROM `ecshop_goods` [ RunTime:0.0086s ]
SQL: SELECT COUNT(*) AS tp_count FROM ecshop_goods a LIMIT 1   [ RunTime:0.0004s ]
SQL: SELECT * FROM ecshop_goods a GROUP BY a.id LIMIT 0,10   [ RunTime:0.0007s ]
INFO: [ view_parse ] --START--
INFO: [ template_filter ] --START--
INFO: Run Behavior\ContentReplaceBehavior [ RunTime:0.000290s ]
INFO: [ template_filter ] --END-- [ RunTime:0.000489s ]
INFO: Run Behavior\ParseTemplateBehavior [ RunTime:0.015870s ]
INFO: [ view_parse ] --END-- [ RunTime:0.015963s ]
INFO: [ view_filter ] --START--
INFO: Run Behavior\WriteHtmlCacheBehavior [ RunTime:0.000630s ]
INFO: [ view_filter ] --END-- [ RunTime:0.000693s ]
INFO: [ app_end ] --START--
INFO: Run Behavior\ShowPageTraceBehavior [ RunTime:0.000952s ]
INFO: [ app_end ] --END-- [ RunTime:0.001018s ]

[ 2018-05-08T18:56:02+08:00 ] 127.0.0.1 /Admin/Goods/add.html
INFO: [ app_init ] --START--
INFO: Run Behavior\BuildLiteBehavior [ RunTime:0.000011s ]
INFO: [ app_init ] --END-- [ RunTime:0.000457s ]
INFO: [ app_begin ] --START--
INFO: Run Behavior\ReadHtmlCacheBehavior [ RunTime:0.000779s ]
INFO: [ app_begin ] --END-- [ RunTime:0.000866s ]
SQL: SHOW COLUMNS FROM `ecshop_admin` [ RunTime:0.0172s ]
SQL: SELECT `role_id` FROM `ecshop_admin` LIMIT 1   [ RunTime:0.0007s ]
SQL: SHOW COLUMNS FROM `ecshop_role` [ RunTime:0.0097s ]
SQL: SELECT `auth_id` FROM `ecshop_role` WHERE ( id in (1,2) )  [ RunTime:0.0008s ]
SQL: SHOW COLUMNS FROM `ecshop_auth` [ RunTime:0.0116s ]
SQL: SELECT * FROM `ecshop_auth` WHERE ( id in(1,2) )  [ RunTime:0.0008s ]
SQL: SHOW COLUMNS FROM `ecshop_type` [ RunTime:0.0113s ]
SQL: SELECT * FROM `ecshop_type`  [ RunTime:0.0010s ]
INFO: [ view_parse ] --START--
INFO: [ template_filter ] --START--
INFO: Run Behavior\ContentReplaceBehavior [ RunTime:0.000180s ]
INFO: [ template_filter ] --END-- [ RunTime:0.000256s ]
NOTIC: [8] Undefined variable: type_id E:\WWW\myprotect\Shop\Runtime\Cache\Admin\bcf61832b5520a5ca7370143cfc75300.php 第 166 行.
NOTIC: [8] Undefined variable: type_id E:\WWW\myprotect\Shop\Runtime\Cache\Admin\bcf61832b5520a5ca7370143cfc75300.php 第 166 行.
INFO: Run Behavior\ParseTemplateBehavior [ RunTime:0.016697s ]
INFO: [ view_parse ] --END-- [ RunTime:0.016797s ]
INFO: [ view_filter ] --START--
INFO: Run Behavior\WriteHtmlCacheBehavior [ RunTime:0.000575s ]
INFO: [ view_filter ] --END-- [ RunTime:0.000633s ]
INFO: [ app_end ] --START--
INFO: Run Behavior\ShowPageTraceBehavior [ RunTime:0.000886s ]
INFO: [ app_end ] --END-- [ RunTime:0.000959s ]

[ 2018-05-08T19:02:57+08:00 ] 127.0.0.1 /Admin/Goods/lst.html
INFO: [ app_init ] --START--
INFO: Run Behavior\BuildLiteBehavior [ RunTime:0.000009s ]
INFO: [ app_init ] --END-- [ RunTime:0.000275s ]
INFO: [ app_begin ] --START--
INFO: Run Behavior\ReadHtmlCacheBehavior [ RunTime:0.000393s ]
INFO: [ app_begin ] --END-- [ RunTime:0.000429s ]
SQL: SHOW COLUMNS FROM `ecshop_admin` [ RunTime:0.0215s ]
SQL: SELECT `role_id` FROM `ecshop_admin` LIMIT 1   [ RunTime:0.0012s ]
SQL: SHOW COLUMNS FROM `ecshop_role` [ RunTime:0.0164s ]
SQL: SELECT `auth_id` FROM `ecshop_role` WHERE ( id in (1,2) )  [ RunTime:0.0003s ]
SQL: SHOW COLUMNS FROM `ecshop_auth` [ RunTime:0.0038s ]
SQL: SELECT * FROM `ecshop_auth` WHERE ( id in(1,2) )  [ RunTime:0.0003s ]
SQL: SHOW COLUMNS FROM `ecshop_goods` [ RunTime:0.0055s ]
SQL: SELECT COUNT(*) AS tp_count FROM ecshop_goods a LIMIT 1   [ RunTime:0.0002s ]
SQL: SELECT * FROM ecshop_goods a GROUP BY a.id LIMIT 0,10   [ RunTime:0.0003s ]
INFO: [ view_parse ] --START--
INFO: [ template_filter ] --START--
INFO: Run Behavior\ContentReplaceBehavior [ RunTime:0.000065s ]
INFO: [ template_filter ] --END-- [ RunTime:0.000141s ]
INFO: Run Behavior\ParseTemplateBehavior [ RunTime:0.007648s ]
INFO: [ view_parse ] --END-- [ RunTime:0.007687s ]
INFO: [ view_filter ] --START--
INFO: Run Behavior\WriteHtmlCacheBehavior [ RunTime:0.000348s ]
INFO: [ view_filter ] --END-- [ RunTime:0.000374s ]
INFO: [ app_end ] --START--
INFO: Run Behavior\ShowPageTraceBehavior [ RunTime:0.000423s ]
INFO: [ app_end ] --END-- [ RunTime:0.000451s ]

[ 2018-05-08T19:02:59+08:00 ] 127.0.0.1 /Admin/Goods/edit/id/3/p/1.html
INFO: [ app_init ] --START--
INFO: Run Behavior\BuildLiteBehavior [ RunTime:0.000009s ]
INFO: [ app_init ] --END-- [ RunTime:0.000269s ]
INFO: [ app_begin ] --START--
INFO: Run Behavior\ReadHtmlCacheBehavior [ RunTime:0.000414s ]
INFO: [ app_begin ] --END-- [ RunTime:0.000467s ]
SQL: SHOW COLUMNS FROM `ecshop_admin` [ RunTime:0.0160s ]
SQL: SELECT `role_id` FROM `ecshop_admin` LIMIT 1   [ RunTime:0.0006s ]
SQL: SHOW COLUMNS FROM `ecshop_role` [ RunTime:0.0105s ]
SQL: SELECT `auth_id` FROM `ecshop_role` WHERE ( id in (1,2) )  [ RunTime:0.0006s ]
SQL: SHOW COLUMNS FROM `ecshop_auth` [ RunTime:0.0115s ]
SQL: SELECT * FROM `ecshop_auth` WHERE ( id in(1,2) )  [ RunTime:0.0007s ]
SQL: SHOW COLUMNS FROM `ecshop_goods` [ RunTime:0.0117s ]
SQL: SELECT * FROM `ecshop_goods` WHERE `id` = 3 LIMIT 1   [ RunTime:0.0009s ]
INFO: [ view_parse ] --START--
INFO: [ template_filter ] --START--
INFO: Run Behavior\ContentReplaceBehavior [ RunTime:0.000146s ]
INFO: [ template_filter ] --END-- [ RunTime:0.000290s ]
INFO: Run Behavior\ParseTemplateBehavior [ RunTime:0.048864s ]
INFO: [ view_parse ] --END-- [ RunTime:0.049020s ]
INFO: [ view_filter ] --START--
INFO: Run Behavior\WriteHtmlCacheBehavior [ RunTime:0.000754s ]
INFO: [ view_filter ] --END-- [ RunTime:0.000878s ]
INFO: [ app_end ] --START--
INFO: Run Behavior\ShowPageTraceBehavior [ RunTime:0.001472s ]
INFO: [ app_end ] --END-- [ RunTime:0.001593s ]

[ 2018-05-08T20:03:53+08:00 ] 127.0.0.1 /Admin/Goods/edit/id/3/p/1.html
INFO: [ app_init ] --START--
INFO: Run Behavior\BuildLiteBehavior [ RunTime:0.000013s ]
INFO: [ app_init ] --END-- [ RunTime:0.000631s ]
INFO: [ app_begin ] --START--
INFO: Run Behavior\ReadHtmlCacheBehavior [ RunTime:0.000680s ]
INFO: [ app_begin ] --END-- [ RunTime:0.000747s ]
SQL: SHOW COLUMNS FROM `ecshop_admin` [ RunTime:0.0173s ]
SQL: SELECT `role_id` FROM `ecshop_admin` LIMIT 1   [ RunTime:0.0006s ]
SQL: SHOW COLUMNS FROM `ecshop_role` [ RunTime:0.0123s ]
SQL: SELECT `auth_id` FROM `ecshop_role` WHERE ( id in (1,2) )  [ RunTime:0.0008s ]
SQL: SHOW COLUMNS FROM `ecshop_auth` [ RunTime:0.0120s ]
SQL: SELECT * FROM `ecshop_auth` WHERE ( id in(1,2) )  [ RunTime:0.0008s ]
SQL: SHOW COLUMNS FROM `ecshop_goods` [ RunTime:0.0092s ]
SQL: SELECT * FROM `ecshop_goods` WHERE `id` = 3 LIMIT 1   [ RunTime:0.0003s ]
INFO: [ view_parse ] --START--
INFO: [ template_filter ] --START--
INFO: Run Behavior\ContentReplaceBehavior [ RunTime:0.000066s ]
INFO: [ template_filter ] --END-- [ RunTime:0.000102s ]
NOTIC: [8] Undefined index: description E:\WWW\myprotect\Shop\Runtime\Cache\Admin\ec780326c3ca7c316905c353f51ce5be.php 第 73 行.
INFO: Run Behavior\ParseTemplateBehavior [ RunTime:0.006948s ]
INFO: [ view_parse ] --END-- [ RunTime:0.006984s ]
INFO: [ view_filter ] --START--
INFO: Run Behavior\WriteHtmlCacheBehavior [ RunTime:0.000339s ]
INFO: [ view_filter ] --END-- [ RunTime:0.000364s ]
INFO: [ app_end ] --START--
INFO: Run Behavior\ShowPageTraceBehavior [ RunTime:0.000383s ]
INFO: [ app_end ] --END-- [ RunTime:0.000412s ]

[ 2018-05-08T20:03:53+08:00 ] 127.0.0.1 /Admin/Goods/edit/id/3/p/Public/Uploads/Public/Uploads/2018-04-29/5ae5df2e6522e.png
INFO: [ app_init ] --START--
INFO: Run Behavior\BuildLiteBehavior [ RunTime:0.000008s ]
INFO: [ app_init ] --END-- [ RunTime:0.000235s ]

[ 2018-05-08T20:04:04+08:00 ] 127.0.0.1 /Admin/Goods/lst.html
INFO: [ app_init ] --START--
INFO: Run Behavior\BuildLiteBehavior [ RunTime:0.000008s ]
INFO: [ app_init ] --END-- [ RunTime:0.000284s ]
INFO: [ app_begin ] --START--
INFO: Run Behavior\ReadHtmlCacheBehavior [ RunTime:0.000293s ]
INFO: [ app_begin ] --END-- [ RunTime:0.000328s ]
SQL: SHOW COLUMNS FROM `ecshop_admin` [ RunTime:0.0101s ]
SQL: SELECT `role_id` FROM `ecshop_admin` LIMIT 1   [ RunTime:0.0002s ]
SQL: SHOW COLUMNS FROM `ecshop_role` [ RunTime:0.0041s ]
SQL: SELECT `auth_id` FROM `ecshop_role` WHERE ( id in (1,2) )  [ RunTime:0.0003s ]
SQL: SHOW COLUMNS FROM `ecshop_auth` [ RunTime:0.0046s ]
SQL: SELECT * FROM `ecshop_auth` WHERE ( id in(1,2) )  [ RunTime:0.0003s ]
SQL: SHOW COLUMNS FROM `ecshop_goods` [ RunTime:0.0043s ]
SQL: SELECT COUNT(*) AS tp_count FROM ecshop_goods a LIMIT 1   [ RunTime:0.0002s ]
SQL: SELECT * FROM ecshop_goods a GROUP BY a.id LIMIT 0,10   [ RunTime:0.0003s ]
INFO: [ view_parse ] --START--
INFO: [ template_filter ] --START--
INFO: Run Behavior\ContentReplaceBehavior [ RunTime:0.000061s ]
INFO: [ template_filter ] --END-- [ RunTime:0.000096s ]
INFO: Run Behavior\ParseTemplateBehavior [ RunTime:0.006950s ]
INFO: [ view_parse ] --END-- [ RunTime:0.007001s ]
INFO: [ view_filter ] --START--
INFO: Run Behavior\WriteHtmlCacheBehavior [ RunTime:0.000312s ]
INFO: [ view_filter ] --END-- [ RunTime:0.000340s ]
INFO: [ app_end ] --START--
INFO: Run Behavior\ShowPageTraceBehavior [ RunTime:0.000322s ]
INFO: [ app_end ] --END-- [ RunTime:0.000352s ]

[ 2018-05-08T20:23:06+08:00 ] 127.0.0.1 /Admin/Auth/lst.html
INFO: [ app_init ] --START--
INFO: Run Behavior\BuildLiteBehavior [ RunTime:0.000008s ]
INFO: [ app_init ] --END-- [ RunTime:0.000279s ]
INFO: [ app_begin ] --START--
INFO: Run Behavior\ReadHtmlCacheBehavior [ RunTime:0.000441s ]
INFO: [ app_begin ] --END-- [ RunTime:0.000477s ]
SQL: SHOW COLUMNS FROM `ecshop_admin` [ RunTime:0.0163s ]
SQL: SELECT `role_id` FROM `ecshop_admin` LIMIT 1   [ RunTime:0.0010s ]
SQL: SHOW COLUMNS FROM `ecshop_role` [ RunTime:0.0098s ]
SQL: SELECT `auth_id` FROM `ecshop_role` WHERE ( id in (1,2) )  [ RunTime:0.0008s ]
SQL: SHOW COLUMNS FROM `ecshop_auth` [ RunTime:0.0113s ]
SQL: SELECT * FROM `ecshop_auth` WHERE ( id in(1,2) )  [ RunTime:0.0007s ]
SQL: SHOW COLUMNS FROM `ecshop_auth` [ RunTime:0.0059s ]
SQL: SELECT * FROM `ecshop_auth`  [ RunTime:0.0003s ]
INFO: [ view_parse ] --START--
INFO: [ template_filter ] --START--
INFO: Run Behavior\ContentReplaceBehavior [ RunTime:0.000075s ]
INFO: [ template_filter ] --END-- [ RunTime:0.000143s ]
NOTIC: [8] Undefined variable: page E:\WWW\myprotect\Shop\Runtime\Cache\Admin\43f8f52d0c757010faf47a4e9b15b56f.php 第 65 行.
INFO: Run Behavior\ParseTemplateBehavior [ RunTime:0.040042s ]
INFO: [ view_parse ] --END-- [ RunTime:0.040104s ]
INFO: [ view_filter ] --START--
INFO: Run Behavior\WriteHtmlCacheBehavior [ RunTime:0.000466s ]
INFO: [ view_filter ] --END-- [ RunTime:0.000509s ]
INFO: [ app_end ] --START--
INFO: Run Behavior\ShowPageTraceBehavior [ RunTime:0.000672s ]
INFO: [ app_end ] --END-- [ RunTime:0.000720s ]

[ 2018-05-08T20:23:09+08:00 ] 127.0.0.1 /Admin/Auth/add.html
INFO: [ app_init ] --START--
INFO: Run Behavior\BuildLiteBehavior [ RunTime:0.000034s ]
INFO: [ app_init ] --END-- [ RunTime:0.001311s ]
INFO: [ app_begin ] --START--
INFO: Run Behavior\ReadHtmlCacheBehavior [ RunTime:0.000676s ]
INFO: [ app_begin ] --END-- [ RunTime:0.000762s ]
SQL: SHOW COLUMNS FROM `ecshop_admin` [ RunTime:0.0091s ]
SQL: SELECT `role_id` FROM `ecshop_admin` LIMIT 1   [ RunTime:0.0002s ]
SQL: SHOW COLUMNS FROM `ecshop_role` [ RunTime:0.0028s ]
SQL: SELECT `auth_id` FROM `ecshop_role` WHERE ( id in (1,2) )  [ RunTime:0.0002s ]
SQL: SHOW COLUMNS FROM `ecshop_auth` [ RunTime:0.0032s ]
SQL: SELECT * FROM `ecshop_auth` WHERE ( id in(1,2) )  [ RunTime:0.0002s ]
SQL: SELECT `id`,`auth_name`,`auth_level` FROM `ecshop_auth`  [ RunTime:0.0001s ]
INFO: [ view_parse ] --START--
INFO: [ template_filter ] --START--
INFO: Run Behavior\ContentReplaceBehavior [ RunTime:0.000186s ]
INFO: [ template_filter ] --END-- [ RunTime:0.000314s ]
INFO: Run Behavior\ParseTemplateBehavior [ RunTime:0.058829s ]
INFO: [ view_parse ] --END-- [ RunTime:0.058907s ]
INFO: [ view_filter ] --START--
INFO: Run Behavior\WriteHtmlCacheBehavior [ RunTime:0.000634s ]
INFO: [ view_filter ] --END-- [ RunTime:0.000738s ]
INFO: [ app_end ] --START--
INFO: Run Behavior\ShowPageTraceBehavior [ RunTime:0.000971s ]
INFO: [ app_end ] --END-- [ RunTime:0.001083s ]

[ 2018-05-08T20:28:50+08:00 ] 127.0.0.1 /Admin/ABrand/add.html
INFO: [ app_init ] --START--
INFO: Run Behavior\BuildLiteBehavior [ RunTime:0.000011s ]
INFO: [ app_init ] --END-- [ RunTime:0.000348s ]
INFO: [ app_begin ] --START--
INFO: Run Behavior\ReadHtmlCacheBehavior [ RunTime:0.000470s ]
INFO: [ app_begin ] --END-- [ RunTime:0.000515s ]
ERR: 无法加载控制器:ABrand

[ 2018-05-08T20:28:55+08:00 ] 127.0.0.1 /Admin/Brand/add.html
INFO: [ app_init ] --START--
INFO: Run Behavior\BuildLiteBehavior [ RunTime:0.000037s ]
INFO: [ app_init ] --END-- [ RunTime:0.002136s ]
INFO: [ app_begin ] --START--
INFO: Run Behavior\ReadHtmlCacheBehavior [ RunTime:0.000713s ]
INFO: [ app_begin ] --END-- [ RunTime:0.000816s ]
SQL: SHOW COLUMNS FROM `ecshop_admin` [ RunTime:0.0158s ]
SQL: SELECT `role_id` FROM `ecshop_admin` LIMIT 1   [ RunTime:0.0006s ]
SQL: SHOW COLUMNS FROM `ecshop_role` [ RunTime:0.0104s ]
SQL: SELECT `auth_id` FROM `ecshop_role` WHERE ( id in (1,2) )  [ RunTime:0.0008s ]
SQL: SHOW COLUMNS FROM `ecshop_auth` [ RunTime:0.0108s ]
SQL: SELECT * FROM `ecshop_auth` WHERE ( id in(1,2) )  [ RunTime:0.0005s ]
INFO: [ view_parse ] --START--
INFO: [ template_filter ] --START--
INFO: Run Behavior\ContentReplaceBehavior [ RunTime:0.000096s ]
INFO: [ template_filter ] --END-- [ RunTime:0.000218s ]
INFO: Run Behavior\ParseTemplateBehavior [ RunTime:0.010199s ]
INFO: [ view_parse ] --END-- [ RunTime:0.010288s ]
INFO: [ view_filter ] --START--
INFO: Run Behavior\WriteHtmlCacheBehavior [ RunTime:0.000626s ]
INFO: [ view_filter ] --END-- [ RunTime:0.000688s ]
INFO: [ app_end ] --START--
INFO: Run Behavior\ShowPageTraceBehavior [ RunTime:0.000901s ]
INFO: [ app_end ] --END-- [ RunTime:0.000969s ]

[ 2018-05-08T20:49:00+08:00 ] 127.0.0.1 /Admin/Brand/add.html
INFO: [ app_init ] --START--
INFO: Run Behavior\BuildLiteBehavior [ RunTime:0.000012s ]
INFO: [ app_init ] --END-- [ RunTime:0.000418s ]
INFO: [ app_begin ] --START--
INFO: Run Behavior\ReadHtmlCacheBehavior [ RunTime:0.000670s ]
INFO: [ app_begin ] --END-- [ RunTime:0.000718s ]
SQL: SHOW COLUMNS FROM `ecshop_admin` [ RunTime:0.0178s ]
SQL: SELECT `role_id` FROM `ecshop_admin` LIMIT 1   [ RunTime:0.0006s ]
SQL: SHOW COLUMNS FROM `ecshop_role` [ RunTime:0.0111s ]
SQL: SELECT `auth_id` FROM `ecshop_role` WHERE ( id in (1,2) )  [ RunTime:0.0008s ]
SQL: SHOW COLUMNS FROM `ecshop_auth` [ RunTime:0.0151s ]
SQL: SELECT * FROM `ecshop_auth` WHERE ( id in(1,2) )  [ RunTime:0.0007s ]
INFO: [ view_parse ] --START--
INFO: [ template_filter ] --START--
INFO: Run Behavior\ContentReplaceBehavior [ RunTime:0.000148s ]
INFO: [ template_filter ] --END-- [ RunTime:0.000304s ]
INFO: Run Behavior\ParseTemplateBehavior [ RunTime:0.015859s ]
INFO: [ view_parse ] --END-- [ RunTime:0.015949s ]
INFO: [ view_filter ] --START--
INFO: Run Behavior\WriteHtmlCacheBehavior [ RunTime:0.000411s ]
INFO: [ view_filter ] --END-- [ RunTime:0.000454s ]
INFO: [ app_end ] --START--
INFO: Run Behavior\ShowPageTraceBehavior [ RunTime:0.000638s ]
INFO: [ app_end ] --END-- [ RunTime:0.000685s ]

[ 2018-05-08T21:03:46+08:00 ] 127.0.0.1 /Admin/Brand/add.html
INFO: [ app_init ] --START--
INFO: Run Behavior\BuildLiteBehavior [ RunTime:0.000010s ]
INFO: [ app_init ] --END-- [ RunTime:0.000387s ]
INFO: [ app_begin ] --START--
INFO: Run Behavior\ReadHtmlCacheBehavior [ RunTime:0.000761s ]
INFO: [ app_begin ] --END-- [ RunTime:0.000825s ]
SQL: SHOW COLUMNS FROM `ecshop_admin` [ RunTime:0.0163s ]
SQL: SELECT `role_id` FROM `ecshop_admin` LIMIT 1   [ RunTime:0.0006s ]
SQL: SHOW COLUMNS FROM `ecshop_role` [ RunTime:0.0101s ]
SQL: SELECT `auth_id` FROM `ecshop_role` WHERE ( id in (1,2) )  [ RunTime:0.0008s ]
SQL: SHOW COLUMNS FROM `ecshop_auth` [ RunTime:0.0121s ]
SQL: SELECT * FROM `ecshop_auth` WHERE ( id in(1,2) )  [ RunTime:0.0008s ]
INFO: [ view_parse ] --START--
INFO: [ template_filter ] --START--
INFO: Run Behavior\ContentReplaceBehavior [ RunTime:0.000112s ]
INFO: [ template_filter ] --END-- [ RunTime:0.000270s ]
INFO: Run Behavior\ParseTemplateBehavior [ RunTime:0.013259s ]
INFO: [ view_parse ] --END-- [ RunTime:0.013369s ]
INFO: [ view_filter ] --START--
INFO: Run Behavior\WriteHtmlCacheBehavior [ RunTime:0.000565s ]
INFO: [ view_filter ] --END-- [ RunTime:0.000627s ]
INFO: [ app_end ] --START--
INFO: Run Behavior\ShowPageTraceBehavior [ RunTime:0.000747s ]
INFO: [ app_end ] --END-- [ RunTime:0.000804s ]

[ 2018-05-08T21:05:08+08:00 ] 127.0.0.1 /Admin/Brand/add.html
INFO: [ app_init ] --START--
INFO: Run Behavior\BuildLiteBehavior [ RunTime:0.000016s ]
INFO: [ app_init ] --END-- [ RunTime:0.000298s ]
INFO: [ app_begin ] --START--
INFO: Run Behavior\ReadHtmlCacheBehavior [ RunTime:0.000397s ]
INFO: [ app_begin ] --END-- [ RunTime:0.000434s ]
SQL: SHOW COLUMNS FROM `ecshop_admin` [ RunTime:0.0177s ]
SQL: SELECT `role_id` FROM `ecshop_admin` LIMIT 1   [ RunTime:0.0006s ]
SQL: SHOW COLUMNS FROM `ecshop_role` [ RunTime:0.0107s ]
SQL: SELECT `auth_id` FROM `ecshop_role` WHERE ( id in (1,2) )  [ RunTime:0.0010s ]
SQL: SHOW COLUMNS FROM `ecshop_auth` [ RunTime:0.0075s ]
SQL: SELECT * FROM `ecshop_auth` WHERE ( id in(1,2) )  [ RunTime:0.0005s ]
SQL: SHOW COLUMNS FROM `ecshop_brand` [ RunTime:0.0073s ]
NOTIC: [8] Undefined index: validate E:\WWW\myprotect\ThinkPHP\Library\Think\Model.class.php 第 1185 行.
NOTIC: [8] Undefined index: auto E:\WWW\myprotect\ThinkPHP\Library\Think\Model.class.php 第 1128 行.
SQL: INSERT INTO `ecshop_brand` (`brand_name`,`site_url`) VALUES ('诺基亚','gwe') [ RunTime:0.0364s ]
INFO: [ view_parse ] --START--
INFO: [ template_filter ] --START--
INFO: Run Behavior\ContentReplaceBehavior [ RunTime:0.000192s ]
INFO: [ template_filter ] --END-- [ RunTime:0.000395s ]
INFO: Run Behavior\ParseTemplateBehavior [ RunTime:0.023421s ]
INFO: [ view_parse ] --END-- [ RunTime:0.023535s ]
INFO: [ view_filter ] --START--
INFO: Run Behavior\WriteHtmlCacheBehavior [ RunTime:0.000855s ]
INFO: [ view_filter ] --END-- [ RunTime:0.000938s ]

[ 2018-05-08T21:05:10+08:00 ] 127.0.0.1 /Admin/Brand/lst.html
INFO: [ app_init ] --START--
INFO: Run Behavior\BuildLiteBehavior [ RunTime:0.000015s ]
INFO: [ app_init ] --END-- [ RunTime:0.000406s ]
INFO: [ app_begin ] --START--
INFO: Run Behavior\ReadHtmlCacheBehavior [ RunTime:0.000611s ]
INFO: [ app_begin ] --END-- [ RunTime:0.000675s ]
SQL: SHOW COLUMNS FROM `ecshop_admin` [ RunTime:0.0176s ]
SQL: SELECT `role_id` FROM `ecshop_admin` LIMIT 1   [ RunTime:0.0010s ]
SQL: SHOW COLUMNS FROM `ecshop_role` [ RunTime:0.0113s ]
SQL: SELECT `auth_id` FROM `ecshop_role` WHERE ( id in (1,2) )  [ RunTime:0.0008s ]
SQL: SHOW COLUMNS FROM `ecshop_auth` [ RunTime:0.0133s ]
SQL: SELECT * FROM `ecshop_auth` WHERE ( id in(1,2) )  [ RunTime:0.0005s ]
SQL: SHOW COLUMNS FROM `ecshop_type` [ RunTime:0.0067s ]
SQL: SELECT COUNT(*) AS tp_count FROM ecshop_type a LIMIT 1   [ RunTime:0.0003s ]
SQL: SELECT * FROM ecshop_type a GROUP BY a.id LIMIT 0,10   [ RunTime:0.0004s ]
INFO: [ view_parse ] --START--
INFO: [ template_filter ] --START--
INFO: Run Behavior\ContentReplaceBehavior [ RunTime:0.000090s ]
INFO: [ template_filter ] --END-- [ RunTime:0.000176s ]
NOTIC: [8] Undefined index:  E:\WWW\myprotect\Shop\Runtime\Cache\Admin\055111096d43d00758545c239a0a0ecf.php 第 57 行.
NOTIC: [8] Undefined index:  E:\WWW\myprotect\Shop\Runtime\Cache\Admin\055111096d43d00758545c239a0a0ecf.php 第 58 行.
NOTIC: [8] Undefined index:  E:\WWW\myprotect\Shop\Runtime\Cache\Admin\055111096d43d00758545c239a0a0ecf.php 第 59 行.
NOTIC: [8] Undefined index:  E:\WWW\myprotect\Shop\Runtime\Cache\Admin\055111096d43d00758545c239a0a0ecf.php 第 57 行.
NOTIC: [8] Undefined index:  E:\WWW\myprotect\Shop\Runtime\Cache\Admin\055111096d43d00758545c239a0a0ecf.php 第 58 行.
NOTIC: [8] Undefined index:  E:\WWW\myprotect\Shop\Runtime\Cache\Admin\055111096d43d00758545c239a0a0ecf.php 第 59 行.
INFO: Run Behavior\ParseTemplateBehavior [ RunTime:0.011703s ]
INFO: [ view_parse ] --END-- [ RunTime:0.011775s ]
INFO: [ view_filter ] --START--
INFO: Run Behavior\WriteHtmlCacheBehavior [ RunTime:0.000497s ]
INFO: [ view_filter ] --END-- [ RunTime:0.000549s ]
INFO: [ app_end ] --START--
INFO: Run Behavior\ShowPageTraceBehavior [ RunTime:0.000916s ]
INFO: [ app_end ] --END-- [ RunTime:0.000987s ]

[ 2018-05-08T21:05:23+08:00 ] 127.0.0.1 /Admin/Brand/add.html
INFO: [ app_init ] --START--
INFO: Run Behavior\BuildLiteBehavior [ RunTime:0.000010s ]
INFO: [ app_init ] --END-- [ RunTime:0.000270s ]
INFO: [ app_begin ] --START--
INFO: Run Behavior\ReadHtmlCacheBehavior [ RunTime:0.000878s ]
INFO: [ app_begin ] --END-- [ RunTime:0.000945s ]
SQL: SHOW COLUMNS FROM `ecshop_admin` [ RunTime:0.0174s ]
SQL: SELECT `role_id` FROM `ecshop_admin` LIMIT 1   [ RunTime:0.0006s ]
SQL: SHOW COLUMNS FROM `ecshop_role` [ RunTime:0.0106s ]
SQL: SELECT `auth_id` FROM `ecshop_role` WHERE ( id in (1,2) )  [ RunTime:0.0006s ]
SQL: SHOW COLUMNS FROM `ecshop_auth` [ RunTime:0.0122s ]
SQL: SELECT * FROM `ecshop_auth` WHERE ( id in(1,2) )  [ RunTime:0.0007s ]
INFO: [ view_parse ] --START--
INFO: [ template_filter ] --START--
INFO: Run Behavior\ContentReplaceBehavior [ RunTime:0.000143s ]
INFO: [ template_filter ] --END-- [ RunTime:0.000317s ]
INFO: Run Behavior\ParseTemplateBehavior [ RunTime:0.015675s ]
INFO: [ view_parse ] --END-- [ RunTime:0.015818s ]
INFO: [ view_filter ] --START--
INFO: Run Behavior\WriteHtmlCacheBehavior [ RunTime:0.000791s ]
INFO: [ view_filter ] --END-- [ RunTime:0.000897s ]
INFO: [ app_end ] --START--
INFO: Run Behavior\ShowPageTraceBehavior [ RunTime:0.001175s ]
INFO: [ app_end ] --END-- [ RunTime:0.001296s ]

[ 2018-05-08T21:05:46+08:00 ] 127.0.0.1 /Admin/Brand/add.html
INFO: [ app_init ] --START--
INFO: Run Behavior\BuildLiteBehavior [ RunTime:0.000009s ]
INFO: [ app_init ] --END-- [ RunTime:0.000275s ]
INFO: [ app_begin ] --START--
INFO: Run Behavior\ReadHtmlCacheBehavior [ RunTime:0.000287s ]
INFO: [ app_begin ] --END-- [ RunTime:0.000323s ]
SQL: SHOW COLUMNS FROM `ecshop_admin` [ RunTime:0.0160s ]
SQL: SELECT `role_id` FROM `ecshop_admin` LIMIT 1   [ RunTime:0.0002s ]
SQL: SHOW COLUMNS FROM `ecshop_role` [ RunTime:0.0034s ]
SQL: SELECT `auth_id` FROM `ecshop_role` WHERE ( id in (1,2) )  [ RunTime:0.0003s ]
SQL: SHOW COLUMNS FROM `ecshop_auth` [ RunTime:0.0117s ]
SQL: SELECT * FROM `ecshop_auth` WHERE ( id in(1,2) )  [ RunTime:0.0009s ]
SQL: SHOW COLUMNS FROM `ecshop_brand` [ RunTime:0.0152s ]
NOTIC: [8] Undefined index: validate E:\WWW\myprotect\ThinkPHP\Library\Think\Model.class.php 第 1185 行.
NOTIC: [8] Undefined index: auto E:\WWW\myprotect\ThinkPHP\Library\Think\Model.class.php 第 1128 行.
SQL: INSERT INTO `ecshop_brand` (`brand_name`,`site_url`) VALUES ('小米','www.xiaomi.com') [ RunTime:0.0003s ]
INFO: [ view_parse ] --START--
INFO: [ template_filter ] --START--
INFO: Run Behavior\ContentReplaceBehavior [ RunTime:0.000035s ]
INFO: [ template_filter ] --END-- [ RunTime:0.000069s ]
INFO: Run Behavior\ParseTemplateBehavior [ RunTime:0.004980s ]
INFO: [ view_parse ] --END-- [ RunTime:0.005021s ]
INFO: [ view_filter ] --START--
INFO: Run Behavior\WriteHtmlCacheBehavior [ RunTime:0.000215s ]
INFO: [ view_filter ] --END-- [ RunTime:0.000244s ]

[ 2018-05-08T21:05:49+08:00 ] 127.0.0.1 /Admin/Brand/lst.html
INFO: [ app_init ] --START--
INFO: Run Behavior\BuildLiteBehavior [ RunTime:0.000010s ]
INFO: [ app_init ] --END-- [ RunTime:0.000304s ]
INFO: [ app_begin ] --START--
INFO: Run Behavior\ReadHtmlCacheBehavior [ RunTime:0.000340s ]
INFO: [ app_begin ] --END-- [ RunTime:0.000405s ]
SQL: SHOW COLUMNS FROM `ecshop_admin` [ RunTime:0.0160s ]
SQL: SELECT `role_id` FROM `ecshop_admin` LIMIT 1   [ RunTime:0.0006s ]
SQL: SHOW COLUMNS FROM `ecshop_role` [ RunTime:0.0033s ]
SQL: SELECT `auth_id` FROM `ecshop_role` WHERE ( id in (1,2) )  [ RunTime:0.0002s ]
SQL: SHOW COLUMNS FROM `ecshop_auth` [ RunTime:0.0147s ]
SQL: SELECT * FROM `ecshop_auth` WHERE ( id in(1,2) )  [ RunTime:0.0006s ]
SQL: SHOW COLUMNS FROM `ecshop_type` [ RunTime:0.0106s ]
SQL: SELECT COUNT(*) AS tp_count FROM ecshop_type a LIMIT 1   [ RunTime:0.0006s ]
SQL: SELECT * FROM ecshop_type a GROUP BY a.id LIMIT 0,10   [ RunTime:0.0002s ]
INFO: [ view_parse ] --START--
INFO: [ template_filter ] --START--
INFO: Run Behavior\ContentReplaceBehavior [ RunTime:0.000043s ]
INFO: [ template_filter ] --END-- [ RunTime:0.000079s ]
NOTIC: [8] Undefined index:  E:\WWW\myprotect\Shop\Runtime\Cache\Admin\055111096d43d00758545c239a0a0ecf.php 第 57 行.
NOTIC: [8] Undefined index:  E:\WWW\myprotect\Shop\Runtime\Cache\Admin\055111096d43d00758545c239a0a0ecf.php 第 58 行.
NOTIC: [8] Undefined index:  E:\WWW\myprotect\Shop\Runtime\Cache\Admin\055111096d43d00758545c239a0a0ecf.php 第 59 行.
NOTIC: [8] Undefined index:  E:\WWW\myprotect\Shop\Runtime\Cache\Admin\055111096d43d00758545c239a0a0ecf.php 第 57 行.
NOTIC: [8] Undefined index:  E:\WWW\myprotect\Shop\Runtime\Cache\Admin\055111096d43d00758545c239a0a0ecf.php 第 58 行.
NOTIC: [8] Undefined index:  E:\WWW\myprotect\Shop\Runtime\Cache\Admin\055111096d43d00758545c239a0a0ecf.php 第 59 行.
INFO: Run Behavior\ParseTemplateBehavior [ RunTime:0.006249s ]
INFO: [ view_parse ] --END-- [ RunTime:0.006288s ]
INFO: [ view_filter ] --START--
INFO: Run Behavior\WriteHtmlCacheBehavior [ RunTime:0.001787s ]
INFO: [ view_filter ] --END-- [ RunTime:0.002342s ]
INFO: [ app_end ] --START--
INFO: Run Behavior\ShowPageTraceBehavior [ RunTime:0.000571s ]
INFO: [ app_end ] --END-- [ RunTime:0.000612s ]

[ 2018-05-08T21:08:08+08:00 ] 127.0.0.1 /Admin/Brand/lst.html
INFO: [ app_init ] --START--
INFO: Run Behavior\BuildLiteBehavior [ RunTime:0.000024s ]
INFO: [ app_init ] --END-- [ RunTime:0.000652s ]
INFO: [ app_begin ] --START--
INFO: Run Behavior\ReadHtmlCacheBehavior [ RunTime:0.001739s ]
INFO: [ app_begin ] --END-- [ RunTime:0.002171s ]
SQL: SHOW COLUMNS FROM `ecshop_admin` [ RunTime:0.0171s ]
SQL: SELECT `role_id` FROM `ecshop_admin` LIMIT 1   [ RunTime:0.0018s ]
SQL: SHOW COLUMNS FROM `ecshop_role` [ RunTime:0.0111s ]
SQL: SELECT `auth_id` FROM `ecshop_role` WHERE ( id in (1,2) )  [ RunTime:0.0003s ]
SQL: SHOW COLUMNS FROM `ecshop_auth` [ RunTime:0.0136s ]
SQL: SELECT * FROM `ecshop_auth` WHERE ( id in(1,2) )  [ RunTime:0.0004s ]
SQL: SHOW COLUMNS FROM `ecshop_type` [ RunTime:0.0085s ]
SQL: SELECT COUNT(*) AS tp_count FROM ecshop_type a LIMIT 1   [ RunTime:0.0008s ]
SQL: SELECT * FROM ecshop_type a GROUP BY a.id LIMIT 0,10   [ RunTime:0.0003s ]
INFO: [ view_parse ] --START--
INFO: [ template_filter ] --START--
INFO: Run Behavior\ContentReplaceBehavior [ RunTime:0.000042s ]
INFO: [ template_filter ] --END-- [ RunTime:0.000078s ]
NOTIC: [8] Undefined index:  E:\WWW\myprotect\Shop\Runtime\Cache\Admin\055111096d43d00758545c239a0a0ecf.php 第 57 行.
NOTIC: [8] Undefined index:  E:\WWW\myprotect\Shop\Runtime\Cache\Admin\055111096d43d00758545c239a0a0ecf.php 第 58 行.
NOTIC: [8] Undefined index:  E:\WWW\myprotect\Shop\Runtime\Cache\Admin\055111096d43d00758545c239a0a0ecf.php 第 59 行.
NOTIC: [8] Undefined index:  E:\WWW\myprotect\Shop\Runtime\Cache\Admin\055111096d43d00758545c239a0a0ecf.php 第 57 行.
NOTIC: [8] Undefined index:  E:\WWW\myprotect\Shop\Runtime\Cache\Admin\055111096d43d00758545c239a0a0ecf.php 第 58 行.
NOTIC: [8] Undefined index:  E:\WWW\myprotect\Shop\Runtime\Cache\Admin\055111096d43d00758545c239a0a0ecf.php 第 59 行.
INFO: Run Behavior\ParseTemplateBehavior [ RunTime:0.006756s ]
INFO: [ view_parse ] --END-- [ RunTime:0.006790s ]
INFO: [ view_filter ] --START--
INFO: Run Behavior\WriteHtmlCacheBehavior [ RunTime:0.000256s ]
INFO: [ view_filter ] --END-- [ RunTime:0.000282s ]
INFO: [ app_end ] --START--
INFO: Run Behavior\ShowPageTraceBehavior [ RunTime:0.000413s ]
INFO: [ app_end ] --END-- [ RunTime:0.000440s ]

[ 2018-05-08T21:08:12+08:00 ] 127.0.0.1 /Admin/Brand/lst.html
INFO: [ app_init ] --START--
INFO: Run Behavior\BuildLiteBehavior [ RunTime:0.000010s ]
INFO: [ app_init ] --END-- [ RunTime:0.000286s ]
INFO: [ app_begin ] --START--
INFO: Run Behavior\ReadHtmlCacheBehavior [ RunTime:0.000415s ]
INFO: [ app_begin ] --END-- [ RunTime:0.000475s ]
SQL: SHOW COLUMNS FROM `ecshop_admin` [ RunTime:0.0190s ]
SQL: SELECT `role_id` FROM `ecshop_admin` LIMIT 1   [ RunTime:0.0007s ]
SQL: SHOW COLUMNS FROM `ecshop_role` [ RunTime:0.0106s ]
SQL: SELECT `auth_id` FROM `ecshop_role` WHERE ( id in (1,2) )  [ RunTime:0.0006s ]
SQL: SHOW COLUMNS FROM `ecshop_auth` [ RunTime:0.0127s ]
SQL: SELECT * FROM `ecshop_auth` WHERE ( id in(1,2) )  [ RunTime:0.0005s ]
SQL: SHOW COLUMNS FROM `ecshop_type` [ RunTime:0.0072s ]
SQL: SELECT COUNT(*) AS tp_count FROM ecshop_type a LIMIT 1   [ RunTime:0.0003s ]
SQL: SELECT * FROM ecshop_type a GROUP BY a.id LIMIT 0,10   [ RunTime:0.0004s ]
INFO: [ view_parse ] --START--
INFO: [ template_filter ] --START--
INFO: Run Behavior\ContentReplaceBehavior [ RunTime:0.000111s ]
INFO: [ template_filter ] --END-- [ RunTime:0.000185s ]
NOTIC: [8] Undefined index:  E:\WWW\myprotect\Shop\Runtime\Cache\Admin\055111096d43d00758545c239a0a0ecf.php 第 57 行.
NOTIC: [8] Undefined index:  E:\WWW\myprotect\Shop\Runtime\Cache\Admin\055111096d43d00758545c239a0a0ecf.php 第 58 行.
NOTIC: [8] Undefined index:  E:\WWW\myprotect\Shop\Runtime\Cache\Admin\055111096d43d00758545c239a0a0ecf.php 第 59 行.
NOTIC: [8] Undefined index:  E:\WWW\myprotect\Shop\Runtime\Cache\Admin\055111096d43d00758545c239a0a0ecf.php 第 57 行.
NOTIC: [8] Undefined index:  E:\WWW\myprotect\Shop\Runtime\Cache\Admin\055111096d43d00758545c239a0a0ecf.php 第 58 行.
NOTIC: [8] Undefined index:  E:\WWW\myprotect\Shop\Runtime\Cache\Admin\055111096d43d00758545c239a0a0ecf.php 第 59 行.
INFO: Run Behavior\ParseTemplateBehavior [ RunTime:0.009916s ]
INFO: [ view_parse ] --END-- [ RunTime:0.009994s ]
INFO: [ view_filter ] --START--
INFO: Run Behavior\WriteHtmlCacheBehavior [ RunTime:0.000561s ]
INFO: [ view_filter ] --END-- [ RunTime:0.000629s ]
INFO: [ app_end ] --START--
INFO: Run Behavior\ShowPageTraceBehavior [ RunTime:0.000747s ]
INFO: [ app_end ] --END-- [ RunTime:0.000815s ]

[ 2018-05-08T21:12:22+08:00 ] 127.0.0.1 /Admin/Brand/lst.html
INFO: [ app_init ] --START--
INFO: Run Behavior\BuildLiteBehavior [ RunTime:0.000065s ]
INFO: [ app_init ] --END-- [ RunTime:0.001340s ]
INFO: [ app_begin ] --START--
INFO: Run Behavior\ReadHtmlCacheBehavior [ RunTime:0.000584s ]
INFO: [ app_begin ] --END-- [ RunTime:0.000663s ]
SQL: SHOW COLUMNS FROM `ecshop_admin` [ RunTime:0.0198s ]
SQL: SELECT `role_id` FROM `ecshop_admin` LIMIT 1   [ RunTime:0.0007s ]
SQL: SHOW COLUMNS FROM `ecshop_role` [ RunTime:0.0131s ]
SQL: SELECT `auth_id` FROM `ecshop_role` WHERE ( id in (1,2) )  [ RunTime:0.0005s ]
SQL: SHOW COLUMNS FROM `ecshop_auth` [ RunTime:0.0085s ]
SQL: SELECT * FROM `ecshop_auth` WHERE ( id in(1,2) )  [ RunTime:0.0005s ]
SQL: SHOW COLUMNS FROM `ecshop_brand` [ RunTime:0.0090s ]
SQL: SELECT COUNT(*) AS tp_count FROM ecshop_brand a LIMIT 1   [ RunTime:0.0004s ]
SQL: SELECT * FROM ecshop_brand a GROUP BY a.id LIMIT 0,10   [ RunTime:0.0005s ]
INFO: [ view_parse ] --START--
INFO: [ template_filter ] --START--
INFO: Run Behavior\ContentReplaceBehavior [ RunTime:0.000108s ]
INFO: [ template_filter ] --END-- [ RunTime:0.000202s ]
NOTIC: [8] Undefined index:  E:\WWW\myprotect\Shop\Runtime\Cache\Admin\055111096d43d00758545c239a0a0ecf.php 第 57 行.
NOTIC: [8] Undefined index:  E:\WWW\myprotect\Shop\Runtime\Cache\Admin\055111096d43d00758545c239a0a0ecf.php 第 58 行.
NOTIC: [8] Undefined index:  E:\WWW\myprotect\Shop\Runtime\Cache\Admin\055111096d43d00758545c239a0a0ecf.php 第 59 行.
NOTIC: [8] Undefined index:  E:\WWW\myprotect\Shop\Runtime\Cache\Admin\055111096d43d00758545c239a0a0ecf.php 第 57 行.
NOTIC: [8] Undefined index:  E:\WWW\myprotect\Shop\Runtime\Cache\Admin\055111096d43d00758545c239a0a0ecf.php 第 58 行.
NOTIC: [8] Undefined index:  E:\WWW\myprotect\Shop\Runtime\Cache\Admin\055111096d43d00758545c239a0a0ecf.php 第 59 行.
INFO: Run Behavior\ParseTemplateBehavior [ RunTime:0.013359s ]
INFO: [ view_parse ] --END-- [ RunTime:0.013479s ]
INFO: [ view_filter ] --START--
INFO: Run Behavior\WriteHtmlCacheBehavior [ RunTime:0.000822s ]
INFO: [ view_filter ] --END-- [ RunTime:0.000903s ]
INFO: [ app_end ] --START--
INFO: Run Behavior\ShowPageTraceBehavior [ RunTime:0.001088s ]
INFO: [ app_end ] --END-- [ RunTime:0.001168s ]

[ 2018-05-08T21:14:16+08:00 ] 127.0.0.1 /Admin/Brand/lst.html
INFO: [ app_init ] --START--
INFO: Run Behavior\BuildLiteBehavior [ RunTime:0.000010s ]
INFO: [ app_init ] --END-- [ RunTime:0.000255s ]
INFO: [ app_begin ] --START--
INFO: Run Behavior\ReadHtmlCacheBehavior [ RunTime:0.000291s ]
INFO: [ app_begin ] --END-- [ RunTime:0.000329s ]
SQL: SHOW COLUMNS FROM `ecshop_admin` [ RunTime:0.0220s ]
SQL: SELECT `role_id` FROM `ecshop_admin` LIMIT 1   [ RunTime:0.0012s ]
SQL: SHOW COLUMNS FROM `ecshop_role` [ RunTime:0.0117s ]
SQL: SELECT `auth_id` FROM `ecshop_role` WHERE ( id in (1,2) )  [ RunTime:0.0005s ]
SQL: SHOW COLUMNS FROM `ecshop_auth` [ RunTime:0.0041s ]
SQL: SELECT * FROM `ecshop_auth` WHERE ( id in(1,2) )  [ RunTime:0.0002s ]
SQL: SHOW COLUMNS FROM `ecshop_brand` [ RunTime:0.0031s ]
SQL: SELECT COUNT(*) AS tp_count FROM ecshop_brand a LIMIT 1   [ RunTime:0.0002s ]
SQL: SELECT * FROM ecshop_brand a GROUP BY a.id LIMIT 0,10   [ RunTime:0.0002s ]
INFO: [ view_parse ] --START--
INFO: [ template_filter ] --START--
INFO: Run Behavior\ContentReplaceBehavior [ RunTime:0.000042s ]
INFO: [ template_filter ] --END-- [ RunTime:0.000079s ]
INFO: Run Behavior\ParseTemplateBehavior [ RunTime:0.004734s ]
INFO: [ view_parse ] --END-- [ RunTime:0.004768s ]
INFO: [ view_filter ] --START--
INFO: Run Behavior\WriteHtmlCacheBehavior [ RunTime:0.000211s ]
INFO: [ view_filter ] --END-- [ RunTime:0.000239s ]
INFO: [ app_end ] --START--
INFO: Run Behavior\ShowPageTraceBehavior [ RunTime:0.000324s ]
INFO: [ app_end ] --END-- [ RunTime:0.000352s ]

[ 2018-05-08T21:14:53+08:00 ] 127.0.0.1 /Admin/Brand/lst.html
INFO: [ app_init ] --START--
INFO: Run Behavior\BuildLiteBehavior [ RunTime:0.000015s ]
INFO: [ app_init ] --END-- [ RunTime:0.000481s ]
INFO: [ app_begin ] --START--
INFO: Run Behavior\ReadHtmlCacheBehavior [ RunTime:0.000698s ]
INFO: [ app_begin ] --END-- [ RunTime:0.000761s ]
SQL: SHOW COLUMNS FROM `ecshop_admin` [ RunTime:0.0161s ]
SQL: SELECT `role_id` FROM `ecshop_admin` LIMIT 1   [ RunTime:0.0006s ]
SQL: SHOW COLUMNS FROM `ecshop_role` [ RunTime:0.0114s ]
SQL: SELECT `auth_id` FROM `ecshop_role` WHERE ( id in (1,2) )  [ RunTime:0.0007s ]
SQL: SHOW COLUMNS FROM `ecshop_auth` [ RunTime:0.0124s ]
SQL: SELECT * FROM `ecshop_auth` WHERE ( id in(1,2) )  [ RunTime:0.0007s ]
SQL: SHOW COLUMNS FROM `ecshop_brand` [ RunTime:0.0114s ]
SQL: SELECT COUNT(*) AS tp_count FROM ecshop_brand a LIMIT 1   [ RunTime:0.0005s ]
SQL: SELECT * FROM ecshop_brand a GROUP BY a.id LIMIT 0,1   [ RunTime:0.0007s ]
INFO: [ view_parse ] --START--
INFO: [ template_filter ] --START--
INFO: Run Behavior\ContentReplaceBehavior [ RunTime:0.000154s ]
INFO: [ template_filter ] --END-- [ RunTime:0.000291s ]
INFO: Run Behavior\ParseTemplateBehavior [ RunTime:0.019124s ]
INFO: [ view_parse ] --END-- [ RunTime:0.019289s ]
INFO: [ view_filter ] --START--
INFO: Run Behavior\WriteHtmlCacheBehavior [ RunTime:0.001045s ]
INFO: [ view_filter ] --END-- [ RunTime:0.001159s ]
INFO: [ app_end ] --START--
INFO: Run Behavior\ShowPageTraceBehavior [ RunTime:0.001477s ]
INFO: [ app_end ] --END-- [ RunTime:0.001582s ]

[ 2018-05-08T21:14:56+08:00 ] 127.0.0.1 /Admin/Brand/lst/p/2.html
INFO: [ app_init ] --START--
INFO: Run Behavior\BuildLiteBehavior [ RunTime:0.000009s ]
INFO: [ app_init ] --END-- [ RunTime:0.000240s ]
INFO: [ app_begin ] --START--
INFO: Run Behavior\ReadHtmlCacheBehavior [ RunTime:0.000301s ]
INFO: [ app_begin ] --END-- [ RunTime:0.000338s ]
SQL: SHOW COLUMNS FROM `ecshop_admin` [ RunTime:0.0130s ]
SQL: SELECT `role_id` FROM `ecshop_admin` LIMIT 1   [ RunTime:0.0004s ]
SQL: SHOW COLUMNS FROM `ecshop_role` [ RunTime:0.0072s ]
SQL: SELECT `auth_id` FROM `ecshop_role` WHERE ( id in (1,2) )  [ RunTime:0.0004s ]
SQL: SHOW COLUMNS FROM `ecshop_auth` [ RunTime:0.0081s ]
SQL: SELECT * FROM `ecshop_auth` WHERE ( id in(1,2) )  [ RunTime:0.0005s ]
SQL: SHOW COLUMNS FROM `ecshop_brand` [ RunTime:0.0046s ]
SQL: SELECT COUNT(*) AS tp_count FROM ecshop_brand a LIMIT 1   [ RunTime:0.0002s ]
SQL: SELECT * FROM ecshop_brand a GROUP BY a.id LIMIT 1,1   [ RunTime:0.0003s ]
INFO: [ view_parse ] --START--
INFO: [ template_filter ] --START--
INFO: Run Behavior\ContentReplaceBehavior [ RunTime:0.000065s ]
INFO: [ template_filter ] --END-- [ RunTime:0.000120s ]
INFO: Run Behavior\ParseTemplateBehavior [ RunTime:0.073016s ]
INFO: [ view_parse ] --END-- [ RunTime:0.073073s ]
INFO: [ view_filter ] --START--
INFO: Run Behavior\WriteHtmlCacheBehavior [ RunTime:0.000267s ]
INFO: [ view_filter ] --END-- [ RunTime:0.000292s ]
INFO: [ app_end ] --START--
INFO: Run Behavior\ShowPageTraceBehavior [ RunTime:0.000304s ]
INFO: [ app_end ] --END-- [ RunTime:0.000331s ]

[ 2018-05-08T21:14:59+08:00 ] 127.0.0.1 /Admin/Brand/lst/p/1.html
INFO: [ app_init ] --START--
INFO: Run Behavior\BuildLiteBehavior [ RunTime:0.000009s ]
INFO: [ app_init ] --END-- [ RunTime:0.000297s ]
INFO: [ app_begin ] --START--
INFO: Run Behavior\ReadHtmlCacheBehavior [ RunTime:0.000322s ]
INFO: [ app_begin ] --END-- [ RunTime:0.000357s ]
SQL: SHOW COLUMNS FROM `ecshop_admin` [ RunTime:0.0173s ]
SQL: SELECT `role_id` FROM `ecshop_admin` LIMIT 1   [ RunTime:0.0006s ]
SQL: SHOW COLUMNS FROM `ecshop_role` [ RunTime:0.0102s ]
SQL: SELECT `auth_id` FROM `ecshop_role` WHERE ( id in (1,2) )  [ RunTime:0.0010s ]
SQL: SHOW COLUMNS FROM `ecshop_auth` [ RunTime:0.0099s ]
SQL: SELECT * FROM `ecshop_auth` WHERE ( id in(1,2) )  [ RunTime:0.0005s ]
SQL: SHOW COLUMNS FROM `ecshop_brand` [ RunTime:0.0091s ]
SQL: SELECT COUNT(*) AS tp_count FROM ecshop_brand a LIMIT 1   [ RunTime:0.0004s ]
SQL: SELECT * FROM ecshop_brand a GROUP BY a.id LIMIT 0,1   [ RunTime:0.0004s ]
INFO: [ view_parse ] --START--
INFO: [ template_filter ] --START--
INFO: Run Behavior\ContentReplaceBehavior [ RunTime:0.000157s ]
INFO: [ template_filter ] --END-- [ RunTime:0.000369s ]
INFO: Run Behavior\ParseTemplateBehavior [ RunTime:0.088823s ]
INFO: [ view_parse ] --END-- [ RunTime:0.088885s ]
INFO: [ view_filter ] --START--
INFO: Run Behavior\WriteHtmlCacheBehavior [ RunTime:0.000243s ]
INFO: [ view_filter ] --END-- [ RunTime:0.000268s ]
INFO: [ app_end ] --START--
INFO: Run Behavior\ShowPageTraceBehavior [ RunTime:0.000331s ]
INFO: [ app_end ] --END-- [ RunTime:0.000382s ]

[ 2018-05-08T21:15:09+08:00 ] 127.0.0.1 /Admin/Brand/lst/p/1.html
INFO: [ app_init ] --START--
INFO: Run Behavior\BuildLiteBehavior [ RunTime:0.000009s ]
INFO: [ app_init ] --END-- [ RunTime:0.000227s ]
INFO: [ app_begin ] --START--
INFO: Run Behavior\ReadHtmlCacheBehavior [ RunTime:0.000364s ]
INFO: [ app_begin ] --END-- [ RunTime:0.000398s ]
SQL: SHOW COLUMNS FROM `ecshop_admin` [ RunTime:0.0167s ]
SQL: SELECT `role_id` FROM `ecshop_admin` LIMIT 1   [ RunTime:0.0006s ]
SQL: SHOW COLUMNS FROM `ecshop_role` [ RunTime:0.0102s ]
SQL: SELECT `auth_id` FROM `ecshop_role` WHERE ( id in (1,2) )  [ RunTime:0.0007s ]
SQL: SHOW COLUMNS FROM `ecshop_auth` [ RunTime:0.0117s ]
SQL: SELECT * FROM `ecshop_auth` WHERE ( id in(1,2) )  [ RunTime:0.0009s ]
SQL: SHOW COLUMNS FROM `ecshop_brand` [ RunTime:0.0109s ]
SQL: SELECT COUNT(*) AS tp_count FROM ecshop_brand a LIMIT 1   [ RunTime:0.0005s ]
SQL: SELECT * FROM ecshop_brand a GROUP BY a.id LIMIT 0,10   [ RunTime:0.0007s ]
INFO: [ view_parse ] --START--
INFO: [ template_filter ] --START--
INFO: Run Behavior\ContentReplaceBehavior [ RunTime:0.000150s ]
INFO: [ template_filter ] --END-- [ RunTime:0.000299s ]
INFO: Run Behavior\ParseTemplateBehavior [ RunTime:0.092908s ]
INFO: [ view_parse ] --END-- [ RunTime:0.092985s ]
INFO: [ view_filter ] --START--
INFO: Run Behavior\WriteHtmlCacheBehavior [ RunTime:0.000260s ]
INFO: [ view_filter ] --END-- [ RunTime:0.000286s ]
INFO: [ app_end ] --START--
INFO: Run Behavior\ShowPageTraceBehavior [ RunTime:0.000343s ]
INFO: [ app_end ] --END-- [ RunTime:0.000369s ]

[ 2018-05-08T21:21:00+08:00 ] 127.0.0.1 /Admin/Brand/lst/p/1.html
INFO: [ app_init ] --START--
INFO: Run Behavior\BuildLiteBehavior [ RunTime:0.000009s ]
INFO: [ app_init ] --END-- [ RunTime:0.000283s ]
INFO: [ app_begin ] --START--
INFO: Run Behavior\ReadHtmlCacheBehavior [ RunTime:0.000422s ]
INFO: [ app_begin ] --END-- [ RunTime:0.000461s ]
SQL: SHOW COLUMNS FROM `ecshop_admin` [ RunTime:0.0175s ]
SQL: SELECT `role_id` FROM `ecshop_admin` LIMIT 1   [ RunTime:0.0008s ]
SQL: SHOW COLUMNS FROM `ecshop_role` [ RunTime:0.0114s ]
SQL: SELECT `auth_id` FROM `ecshop_role` WHERE ( id in (1,2) )  [ RunTime:0.0008s ]
SQL: SHOW COLUMNS FROM `ecshop_auth` [ RunTime:0.0090s ]
SQL: SELECT * FROM `ecshop_auth` WHERE ( id in(1,2) )  [ RunTime:0.0005s ]
SQL: SHOW COLUMNS FROM `ecshop_brand` [ RunTime:0.0063s ]
SQL: SELECT COUNT(*) AS tp_count FROM ecshop_brand a LIMIT 1   [ RunTime:0.0004s ]
SQL: SELECT * FROM ecshop_brand a GROUP BY a.id LIMIT 0,10   [ RunTime:0.0008s ]
INFO: [ view_parse ] --START--
INFO: [ template_filter ] --START--
INFO: Run Behavior\ContentReplaceBehavior [ RunTime:0.000109s ]
INFO: [ template_filter ] --END-- [ RunTime:0.000193s ]
INFO: Run Behavior\ParseTemplateBehavior [ RunTime:0.090019s ]
INFO: [ view_parse ] --END-- [ RunTime:0.090076s ]
INFO: [ view_filter ] --START--
INFO: Run Behavior\WriteHtmlCacheBehavior [ RunTime:0.000367s ]
INFO: [ view_filter ] --END-- [ RunTime:0.000393s ]
INFO: [ app_end ] --START--
INFO: Run Behavior\ShowPageTraceBehavior [ RunTime:0.000424s ]
INFO: [ app_end ] --END-- [ RunTime:0.000452s ]

[ 2018-05-08T21:21:03+08:00 ] 127.0.0.1 /Admin/Brand/add.html
INFO: [ app_init ] --START--
INFO: Run Behavior\BuildLiteBehavior [ RunTime:0.000028s ]
INFO: [ app_init ] --END-- [ RunTime:0.001266s ]
INFO: [ app_begin ] --START--
INFO: Run Behavior\ReadHtmlCacheBehavior [ RunTime:0.000550s ]
INFO: [ app_begin ] --END-- [ RunTime:0.000615s ]
SQL: SHOW COLUMNS FROM `ecshop_admin` [ RunTime:0.0169s ]
SQL: SELECT `role_id` FROM `ecshop_admin` LIMIT 1   [ RunTime:0.0006s ]
SQL: SHOW COLUMNS FROM `ecshop_role` [ RunTime:0.0109s ]
SQL: SELECT `auth_id` FROM `ecshop_role` WHERE ( id in (1,2) )  [ RunTime:0.0008s ]
SQL: SHOW COLUMNS FROM `ecshop_auth` [ RunTime:0.0130s ]
SQL: SELECT * FROM `ecshop_auth` WHERE ( id in(1,2) )  [ RunTime:0.0008s ]
INFO: [ view_parse ] --START--
INFO: [ template_filter ] --START--
INFO: Run Behavior\ContentReplaceBehavior [ RunTime:0.000196s ]
INFO: [ template_filter ] --END-- [ RunTime:0.000408s ]
INFO: Run Behavior\ParseTemplateBehavior [ RunTime:0.011240s ]
INFO: [ view_parse ] --END-- [ RunTime:0.011345s ]
INFO: [ view_filter ] --START--
INFO: Run Behavior\WriteHtmlCacheBehavior [ RunTime:0.000461s ]
INFO: [ view_filter ] --END-- [ RunTime:0.000519s ]
INFO: [ app_end ] --START--
INFO: Run Behavior\ShowPageTraceBehavior [ RunTime:0.000660s ]
INFO: [ app_end ] --END-- [ RunTime:0.000718s ]

[ 2018-05-08T21:21:40+08:00 ] 127.0.0.1 /Admin/Brand/add.html
INFO: [ app_init ] --START--
INFO: Run Behavior\BuildLiteBehavior [ RunTime:0.000022s ]
INFO: [ app_init ] --END-- [ RunTime:0.001373s ]
INFO: [ app_begin ] --START--
INFO: Run Behavior\ReadHtmlCacheBehavior [ RunTime:0.002121s ]
INFO: [ app_begin ] --END-- [ RunTime:0.002195s ]
SQL: SHOW COLUMNS FROM `ecshop_admin` [ RunTime:0.0241s ]
SQL: SELECT `role_id` FROM `ecshop_admin` LIMIT 1   [ RunTime:0.0004s ]
SQL: SHOW COLUMNS FROM `ecshop_role` [ RunTime:0.0101s ]
SQL: SELECT `auth_id` FROM `ecshop_role` WHERE ( id in (1,2) )  [ RunTime:0.0008s ]
SQL: SHOW COLUMNS FROM `ecshop_auth` [ RunTime:0.0170s ]
SQL: SELECT * FROM `ecshop_auth` WHERE ( id in(1,2) )  [ RunTime:0.0004s ]
SQL: SHOW COLUMNS FROM `ecshop_brand` [ RunTime:0.0131s ]
NOTIC: [8] Undefined index: validate E:\WWW\myprotect\ThinkPHP\Library\Think\Model.class.php 第 1185 行.
NOTIC: [8] Undefined index: auto E:\WWW\myprotect\ThinkPHP\Library\Think\Model.class.php 第 1128 行.
INFO: [ view_parse ] --START--
INFO: [ template_filter ] --START--
INFO: Run Behavior\ContentReplaceBehavior [ RunTime:0.000045s ]
INFO: [ template_filter ] --END-- [ RunTime:0.000090s ]
INFO: Run Behavior\ParseTemplateBehavior [ RunTime:0.004465s ]
INFO: [ view_parse ] --END-- [ RunTime:0.004503s ]
INFO: [ view_filter ] --START--
INFO: Run Behavior\WriteHtmlCacheBehavior [ RunTime:0.000218s ]
INFO: [ view_filter ] --END-- [ RunTime:0.000243s ]

[ 2018-05-08T21:21:44+08:00 ] 127.0.0.1 /Admin/Brand/add.html
INFO: [ app_init ] --START--
INFO: Run Behavior\BuildLiteBehavior [ RunTime:0.000036s ]
INFO: [ app_init ] --END-- [ RunTime:0.000594s ]
INFO: [ app_begin ] --START--
INFO: Run Behavior\ReadHtmlCacheBehavior [ RunTime:0.000803s ]
INFO: [ app_begin ] --END-- [ RunTime:0.000877s ]
SQL: SHOW COLUMNS FROM `ecshop_admin` [ RunTime:0.0177s ]
SQL: SELECT `role_id` FROM `ecshop_admin` LIMIT 1   [ RunTime:0.0006s ]
SQL: SHOW COLUMNS FROM `ecshop_role` [ RunTime:0.0118s ]
SQL: SELECT `auth_id` FROM `ecshop_role` WHERE ( id in (1,2) )  [ RunTime:0.0006s ]
SQL: SHOW COLUMNS FROM `ecshop_auth` [ RunTime:0.0130s ]
SQL: SELECT * FROM `ecshop_auth` WHERE ( id in(1,2) )  [ RunTime:0.0008s ]
INFO: [ view_parse ] --START--
INFO: [ template_filter ] --START--
INFO: Run Behavior\ContentReplaceBehavior [ RunTime:0.000079s ]
INFO: [ template_filter ] --END-- [ RunTime:0.000171s ]
INFO: Run Behavior\ParseTemplateBehavior [ RunTime:0.009732s ]
INFO: [ view_parse ] --END-- [ RunTime:0.009834s ]
INFO: [ view_filter ] --START--
INFO: Run Behavior\WriteHtmlCacheBehavior [ RunTime:0.000465s ]
INFO: [ view_filter ] --END-- [ RunTime:0.000523s ]
INFO: [ app_end ] --START--
INFO: Run Behavior\ShowPageTraceBehavior [ RunTime:0.000718s ]
INFO: [ app_end ] --END-- [ RunTime:0.000784s ]

[ 2018-05-08T21:25:20+08:00 ] 127.0.0.1 /Admin/Brand/add.html
INFO: [ app_init ] --START--
INFO: Run Behavior\BuildLiteBehavior [ RunTime:0.000043s ]
INFO: [ app_init ] --END-- [ RunTime:0.001443s ]
INFO: [ app_begin ] --START--
INFO: Run Behavior\ReadHtmlCacheBehavior [ RunTime:0.002350s ]
INFO: [ app_begin ] --END-- [ RunTime:0.002456s ]
SQL: SHOW COLUMNS FROM `ecshop_admin` [ RunTime:0.0138s ]
SQL: SELECT `role_id` FROM `ecshop_admin` LIMIT 1   [ RunTime:0.0024s ]
SQL: SHOW COLUMNS FROM `ecshop_role` [ RunTime:0.0101s ]
SQL: SELECT `auth_id` FROM `ecshop_role` WHERE ( id in (1,2) )  [ RunTime:0.0004s ]
SQL: SHOW COLUMNS FROM `ecshop_auth` [ RunTime:0.0127s ]
SQL: SELECT * FROM `ecshop_auth` WHERE ( id in(1,2) )  [ RunTime:0.0012s ]
SQL: SHOW COLUMNS FROM `ecshop_brand` [ RunTime:0.0134s ]
NOTIC: [8] Undefined index: validate E:\WWW\myprotect\ThinkPHP\Library\Think\Model.class.php 第 1185 行.
NOTIC: [8] Undefined index: auto E:\WWW\myprotect\ThinkPHP\Library\Think\Model.class.php 第 1128 行.
INFO: [ view_parse ] --START--
INFO: [ template_filter ] --START--
INFO: Run Behavior\ContentReplaceBehavior [ RunTime:0.000034s ]
INFO: [ template_filter ] --END-- [ RunTime:0.000071s ]
INFO: Run Behavior\ParseTemplateBehavior [ RunTime:0.005311s ]
INFO: [ view_parse ] --END-- [ RunTime:0.005344s ]
INFO: [ view_filter ] --START--
INFO: Run Behavior\WriteHtmlCacheBehavior [ RunTime:0.000254s ]
INFO: [ view_filter ] --END-- [ RunTime:0.000303s ]

[ 2018-05-08T21:25:24+08:00 ] 127.0.0.1 /Admin/Brand/add.html
INFO: [ app_init ] --START--
INFO: Run Behavior\BuildLiteBehavior [ RunTime:0.000019s ]
INFO: [ app_init ] --END-- [ RunTime:0.000576s ]
INFO: [ app_begin ] --START--
INFO: Run Behavior\ReadHtmlCacheBehavior [ RunTime:0.000704s ]
INFO: [ app_begin ] --END-- [ RunTime:0.000787s ]
SQL: SHOW COLUMNS FROM `ecshop_admin` [ RunTime:0.0173s ]
SQL: SELECT `role_id` FROM `ecshop_admin` LIMIT 1   [ RunTime:0.0007s ]
SQL: SHOW COLUMNS FROM `ecshop_role` [ RunTime:0.0119s ]
SQL: SELECT `auth_id` FROM `ecshop_role` WHERE ( id in (1,2) )  [ RunTime:0.0009s ]
SQL: SHOW COLUMNS FROM `ecshop_auth` [ RunTime:0.0118s ]
SQL: SELECT * FROM `ecshop_auth` WHERE ( id in(1,2) )  [ RunTime:0.0008s ]
INFO: [ view_parse ] --START--
INFO: [ template_filter ] --START--
INFO: Run Behavior\ContentReplaceBehavior [ RunTime:0.000143s ]
INFO: [ template_filter ] --END-- [ RunTime:0.000302s ]
INFO: Run Behavior\ParseTemplateBehavior [ RunTime:0.018554s ]
INFO: [ view_parse ] --END-- [ RunTime:0.018658s ]
INFO: [ view_filter ] --START--
INFO: Run Behavior\WriteHtmlCacheBehavior [ RunTime:0.000468s ]
INFO: [ view_filter ] --END-- [ RunTime:0.000523s ]
INFO: [ app_end ] --START--
INFO: Run Behavior\ShowPageTraceBehavior [ RunTime:0.000832s ]
INFO: [ app_end ] --END-- [ RunTime:0.000889s ]

[ 2018-05-08T21:27:36+08:00 ] 127.0.0.1 /Admin/Brand/add.html
INFO: [ app_init ] --START--
INFO: Run Behavior\BuildLiteBehavior [ RunTime:0.000009s ]
INFO: [ app_init ] --END-- [ RunTime:0.000284s ]
INFO: [ app_begin ] --START--
INFO: Run Behavior\ReadHtmlCacheBehavior [ RunTime:0.000395s ]
INFO: [ app_begin ] --END-- [ RunTime:0.000433s ]
SQL: SHOW COLUMNS FROM `ecshop_admin` [ RunTime:0.0149s ]
SQL: SELECT `role_id` FROM `ecshop_admin` LIMIT 1   [ RunTime:0.0007s ]
SQL: SHOW COLUMNS FROM `ecshop_role` [ RunTime:0.0061s ]
SQL: SELECT `auth_id` FROM `ecshop_role` WHERE ( id in (1,2) )  [ RunTime:0.0004s ]
SQL: SHOW COLUMNS FROM `ecshop_auth` [ RunTime:0.0062s ]
SQL: SELECT * FROM `ecshop_auth` WHERE ( id in(1,2) )  [ RunTime:0.0006s ]
SQL: SHOW COLUMNS FROM `ecshop_brand` [ RunTime:0.0104s ]
NOTIC: [8] Undefined index: validate E:\WWW\myprotect\ThinkPHP\Library\Think\Model.class.php 第 1185 行.
NOTIC: [8] Undefined index: auto E:\WWW\myprotect\ThinkPHP\Library\Think\Model.class.php 第 1128 行.
NOTIC: [2] call_user_func() expects parameter 1 to be a valid callback, no array or string given E:\WWW\myprotect\ThinkPHP\Library\Think\Upload.class.php 第 170 行.
SQL: INSERT INTO `ecshop_brand` (`brand_name`,`site_url`,`logo`) VALUES ('苹果','www.apple.com','Brand/2018-05-08/5af1a5c8344d5.gif') [ RunTime:0.0004s ]
INFO: [ view_parse ] --START--
INFO: [ template_filter ] --START--
INFO: Run Behavior\ContentReplaceBehavior [ RunTime:0.000036s ]
INFO: [ template_filter ] --END-- [ RunTime:0.000072s ]
INFO: Run Behavior\ParseTemplateBehavior [ RunTime:0.007058s ]
INFO: [ view_parse ] --END-- [ RunTime:0.007092s ]
INFO: [ view_filter ] --START--
INFO: Run Behavior\WriteHtmlCacheBehavior [ RunTime:0.001010s ]
INFO: [ view_filter ] --END-- [ RunTime:0.001048s ]

[ 2018-05-08T21:27:38+08:00 ] 127.0.0.1 /Admin/Brand/lst.html
INFO: [ app_init ] --START--
INFO: Run Behavior\BuildLiteBehavior [ RunTime:0.000009s ]
INFO: [ app_init ] --END-- [ RunTime:0.000443s ]
INFO: [ app_begin ] --START--
INFO: Run Behavior\ReadHtmlCacheBehavior [ RunTime:0.002307s ]
INFO: [ app_begin ] --END-- [ RunTime:0.002358s ]
SQL: SHOW COLUMNS FROM `ecshop_admin` [ RunTime:0.0212s ]
SQL: SELECT `role_id` FROM `ecshop_admin` LIMIT 1   [ RunTime:0.0005s ]
SQL: SHOW COLUMNS FROM `ecshop_role` [ RunTime:0.0106s ]
SQL: SELECT `auth_id` FROM `ecshop_role` WHERE ( id in (1,2) )  [ RunTime:0.0014s ]
SQL: SHOW COLUMNS FROM `ecshop_auth` [ RunTime:0.0194s ]
SQL: SELECT * FROM `ecshop_auth` WHERE ( id in(1,2) )  [ RunTime:0.0003s ]
SQL: SHOW COLUMNS FROM `ecshop_brand` [ RunTime:0.0050s ]
SQL: SELECT COUNT(*) AS tp_count FROM ecshop_brand a LIMIT 1   [ RunTime:0.0002s ]
SQL: SELECT * FROM ecshop_brand a GROUP BY a.id LIMIT 0,10   [ RunTime:0.0003s ]
INFO: [ view_parse ] --START--
INFO: [ template_filter ] --START--
INFO: Run Behavior\ContentReplaceBehavior [ RunTime:0.000089s ]
INFO: [ template_filter ] --END-- [ RunTime:0.000169s ]
INFO: Run Behavior\ParseTemplateBehavior [ RunTime:0.009040s ]
INFO: [ view_parse ] --END-- [ RunTime:0.009077s ]
INFO: [ view_filter ] --START--
INFO: Run Behavior\WriteHtmlCacheBehavior [ RunTime:0.000981s ]
INFO: [ view_filter ] --END-- [ RunTime:0.001011s ]
INFO: [ app_end ] --START--
INFO: Run Behavior\ShowPageTraceBehavior [ RunTime:0.001115s ]
INFO: [ app_end ] --END-- [ RunTime:0.001144s ]

[ 2018-05-08T21:28:14+08:00 ] 127.0.0.1 /Admin/Brand/lst.html
INFO: [ app_init ] --START--
INFO: Run Behavior\BuildLiteBehavior [ RunTime:0.000009s ]
INFO: [ app_init ] --END-- [ RunTime:0.000443s ]
INFO: [ app_begin ] --START--
INFO: Run Behavior\ReadHtmlCacheBehavior [ RunTime:0.000999s ]
INFO: [ app_begin ] --END-- [ RunTime:0.001041s ]
SQL: SHOW COLUMNS FROM `ecshop_admin` [ RunTime:0.0181s ]
SQL: SELECT `role_id` FROM `ecshop_admin` LIMIT 1   [ RunTime:0.0007s ]
SQL: SHOW COLUMNS FROM `ecshop_role` [ RunTime:0.0104s ]
SQL: SELECT `auth_id` FROM `ecshop_role` WHERE ( id in (1,2) )  [ RunTime:0.0007s ]
SQL: SHOW COLUMNS FROM `ecshop_auth` [ RunTime:0.0110s ]
SQL: SELECT * FROM `ecshop_auth` WHERE ( id in(1,2) )  [ RunTime:0.0005s ]
SQL: SHOW COLUMNS FROM `ecshop_brand` [ RunTime:0.0080s ]
SQL: SELECT COUNT(*) AS tp_count FROM ecshop_brand a LIMIT 1   [ RunTime:0.0003s ]
SQL: SELECT * FROM ecshop_brand a GROUP BY a.id LIMIT 0,10   [ RunTime:0.0005s ]
INFO: [ view_parse ] --START--
INFO: [ template_filter ] --START--
INFO: Run Behavior\ContentReplaceBehavior [ RunTime:0.000137s ]
INFO: [ template_filter ] --END-- [ RunTime:0.000207s ]
INFO: Run Behavior\ParseTemplateBehavior [ RunTime:0.015414s ]
INFO: [ view_parse ] --END-- [ RunTime:0.015484s ]
INFO: [ view_filter ] --START--
INFO: Run Behavior\WriteHtmlCacheBehavior [ RunTime:0.001264s ]
INFO: [ view_filter ] --END-- [ RunTime:0.001304s ]
INFO: [ app_end ] --START--
INFO: Run Behavior\ShowPageTraceBehavior [ RunTime:0.001465s ]
INFO: [ app_end ] --END-- [ RunTime:0.001506s ]

[ 2018-05-08T21:28:23+08:00 ] 127.0.0.1 /Admin/Brand/edit/id/3.html
INFO: [ app_init ] --START--
INFO: Run Behavior\BuildLiteBehavior [ RunTime:0.000009s ]
INFO: [ app_init ] --END-- [ RunTime:0.000415s ]
INFO: [ app_begin ] --START--
INFO: Run Behavior\ReadHtmlCacheBehavior [ RunTime:0.000983s ]
INFO: [ app_begin ] --END-- [ RunTime:0.001018s ]
SQL: SHOW COLUMNS FROM `ecshop_admin` [ RunTime:0.0155s ]
SQL: SELECT `role_id` FROM `ecshop_admin` LIMIT 1   [ RunTime:0.0005s ]
SQL: SHOW COLUMNS FROM `ecshop_role` [ RunTime:0.0104s ]
SQL: SELECT `auth_id` FROM `ecshop_role` WHERE ( id in (1,2) )  [ RunTime:0.0007s ]
SQL: SHOW COLUMNS FROM `ecshop_auth` [ RunTime:0.0119s ]
SQL: SELECT * FROM `ecshop_auth` WHERE ( id in(1,2) )  [ RunTime:0.0004s ]
SQL: SHOW COLUMNS FROM `ecshop_brand` [ RunTime:0.0087s ]
SQL: SELECT * FROM `ecshop_brand` WHERE `id` = 3 LIMIT 1   [ RunTime:0.0002s ]
INFO: [ view_parse ] --START--
INFO: [ template_filter ] --START--
INFO: Run Behavior\ContentReplaceBehavior [ RunTime:0.000044s ]
INFO: [ template_filter ] --END-- [ RunTime:0.000112s ]
INFO: Run Behavior\ParseTemplateBehavior [ RunTime:0.030676s ]
INFO: [ view_parse ] --END-- [ RunTime:0.030719s ]
INFO: [ view_filter ] --START--
INFO: Run Behavior\WriteHtmlCacheBehavior [ RunTime:0.000709s ]
INFO: [ view_filter ] --END-- [ RunTime:0.000741s ]
INFO: [ app_end ] --START--
INFO: Run Behavior\ShowPageTraceBehavior [ RunTime:0.000875s ]
INFO: [ app_end ] --END-- [ RunTime:0.000904s ]

[ 2018-05-08T21:31:34+08:00 ] 127.0.0.1 /Admin/Brand/edit/id/1.html
INFO: [ app_init ] --START--
INFO: Run Behavior\BuildLiteBehavior [ RunTime:0.000032s ]
INFO: [ app_init ] --END-- [ RunTime:0.000623s ]
INFO: [ app_begin ] --START--
INFO: Run Behavior\ReadHtmlCacheBehavior [ RunTime:0.000912s ]
INFO: [ app_begin ] --END-- [ RunTime:0.001278s ]
SQL: SHOW COLUMNS FROM `ecshop_admin` [ RunTime:0.0115s ]
SQL: SELECT `role_id` FROM `ecshop_admin` LIMIT 1   [ RunTime:0.0008s ]
SQL: SHOW COLUMNS FROM `ecshop_role` [ RunTime:0.0096s ]
SQL: SELECT `auth_id` FROM `ecshop_role` WHERE ( id in (1,2) )  [ RunTime:0.0008s ]
SQL: SHOW COLUMNS FROM `ecshop_auth` [ RunTime:0.0106s ]
SQL: SELECT * FROM `ecshop_auth` WHERE ( id in(1,2) )  [ RunTime:0.0008s ]
SQL: SHOW COLUMNS FROM `ecshop_brand` [ RunTime:0.0094s ]
SQL: SELECT * FROM `ecshop_brand` WHERE `id` = 1 LIMIT 1   [ RunTime:0.0002s ]
INFO: [ view_parse ] --START--
INFO: [ template_filter ] --START--
INFO: Run Behavior\ContentReplaceBehavior [ RunTime:0.000040s ]
INFO: [ template_filter ] --END-- [ RunTime:0.000073s ]
INFO: Run Behavior\ParseTemplateBehavior [ RunTime:0.005583s ]
INFO: [ view_parse ] --END-- [ RunTime:0.005619s ]
INFO: [ view_filter ] --START--
INFO: Run Behavior\WriteHtmlCacheBehavior [ RunTime:0.000337s ]
INFO: [ view_filter ] --END-- [ RunTime:0.000367s ]
INFO: [ app_end ] --START--
INFO: Run Behavior\ShowPageTraceBehavior [ RunTime:0.000522s ]
INFO: [ app_end ] --END-- [ RunTime:0.000549s ]

[ 2018-05-08T21:31:54+08:00 ] 127.0.0.1 /Admin/Brand/edit/id/1.html
INFO: [ app_init ] --START--
INFO: Run Behavior\BuildLiteBehavior [ RunTime:0.000041s ]
INFO: [ app_init ] --END-- [ RunTime:0.002766s ]
INFO: [ app_begin ] --START--
INFO: Run Behavior\ReadHtmlCacheBehavior [ RunTime:0.002332s ]
INFO: [ app_begin ] --END-- [ RunTime:0.002805s ]
SQL: SHOW COLUMNS FROM `ecshop_admin` [ RunTime:0.0173s ]
SQL: SELECT `role_id` FROM `ecshop_admin` LIMIT 1   [ RunTime:0.0007s ]
SQL: SHOW COLUMNS FROM `ecshop_role` [ RunTime:0.0101s ]
SQL: SELECT `auth_id` FROM `ecshop_role` WHERE ( id in (1,2) )  [ RunTime:0.0003s ]
SQL: SHOW COLUMNS FROM `ecshop_auth` [ RunTime:0.0057s ]
SQL: SELECT * FROM `ecshop_auth` WHERE ( id in(1,2) )  [ RunTime:0.0008s ]
SQL: SHOW COLUMNS FROM `ecshop_brand` [ RunTime:0.0086s ]
SQL: SELECT * FROM `ecshop_brand` WHERE `id` = 1 LIMIT 1   [ RunTime:0.0002s ]
INFO: [ view_parse ] --START--
INFO: [ template_filter ] --START--
INFO: Run Behavior\ContentReplaceBehavior [ RunTime:0.000040s ]
INFO: [ template_filter ] --END-- [ RunTime:0.000078s ]
INFO: Run Behavior\ParseTemplateBehavior [ RunTime:0.007239s ]
INFO: [ view_parse ] --END-- [ RunTime:0.007309s ]
INFO: [ view_filter ] --START--
INFO: Run Behavior\WriteHtmlCacheBehavior [ RunTime:0.000331s ]
INFO: [ view_filter ] --END-- [ RunTime:0.000359s ]
INFO: [ app_end ] --START--
INFO: Run Behavior\ShowPageTraceBehavior [ RunTime:0.000520s ]
INFO: [ app_end ] --END-- [ RunTime:0.000547s ]

[ 2018-05-08T21:31:58+08:00 ] 127.0.0.1 /Admin/Brand/edit/id/1.html
INFO: [ app_init ] --START--
INFO: Run Behavior\BuildLiteBehavior [ RunTime:0.000022s ]
INFO: [ app_init ] --END-- [ RunTime:0.000662s ]
INFO: [ app_begin ] --START--
INFO: Run Behavior\ReadHtmlCacheBehavior [ RunTime:0.001138s ]
INFO: [ app_begin ] --END-- [ RunTime:0.001224s ]
SQL: SHOW COLUMNS FROM `ecshop_admin` [ RunTime:0.0165s ]
SQL: SELECT `role_id` FROM `ecshop_admin` LIMIT 1   [ RunTime:0.0008s ]
SQL: SHOW COLUMNS FROM `ecshop_role` [ RunTime:0.0108s ]
SQL: SELECT `auth_id` FROM `ecshop_role` WHERE ( id in (1,2) )  [ RunTime:0.0008s ]
SQL: SHOW COLUMNS FROM `ecshop_auth` [ RunTime:0.0130s ]
SQL: SELECT * FROM `ecshop_auth` WHERE ( id in(1,2) )  [ RunTime:0.0008s ]
SQL: SHOW COLUMNS FROM `ecshop_brand` [ RunTime:0.0099s ]
SQL: SELECT * FROM `ecshop_brand` WHERE `id` = 1 LIMIT 1   [ RunTime:0.0008s ]
INFO: [ view_parse ] --START--
INFO: [ template_filter ] --START--
INFO: Run Behavior\ContentReplaceBehavior [ RunTime:0.000039s ]
INFO: [ template_filter ] --END-- [ RunTime:0.000071s ]
INFO: Run Behavior\ParseTemplateBehavior [ RunTime:0.004986s ]
INFO: [ view_parse ] --END-- [ RunTime:0.005025s ]
INFO: [ view_filter ] --START--
INFO: Run Behavior\WriteHtmlCacheBehavior [ RunTime:0.000411s ]
INFO: [ view_filter ] --END-- [ RunTime:0.000438s ]
INFO: [ app_end ] --START--
INFO: Run Behavior\ShowPageTraceBehavior [ RunTime:0.000509s ]
INFO: [ app_end ] --END-- [ RunTime:0.000537s ]

[ 2018-05-08T21:32:00+08:00 ] 127.0.0.1 /Admin/Brand/edit/id/1.html
INFO: [ app_init ] --START--
INFO: Run Behavior\BuildLiteBehavior [ RunTime:0.000015s ]
INFO: [ app_init ] --END-- [ RunTime:0.000522s ]
INFO: [ app_begin ] --START--
INFO: Run Behavior\ReadHtmlCacheBehavior [ RunTime:0.000742s ]
INFO: [ app_begin ] --END-- [ RunTime:0.000807s ]
SQL: SHOW COLUMNS FROM `ecshop_admin` [ RunTime:0.0175s ]
SQL: SELECT `role_id` FROM `ecshop_admin` LIMIT 1   [ RunTime:0.0006s ]
SQL: SHOW COLUMNS FROM `ecshop_role` [ RunTime:0.0111s ]
SQL: SELECT `auth_id` FROM `ecshop_role` WHERE ( id in (1,2) )  [ RunTime:0.0007s ]
SQL: SHOW COLUMNS FROM `ecshop_auth` [ RunTime:0.0118s ]
SQL: SELECT * FROM `ecshop_auth` WHERE ( id in(1,2) )  [ RunTime:0.0007s ]
SQL: SHOW COLUMNS FROM `ecshop_brand` [ RunTime:0.0090s ]
SQL: SELECT * FROM `ecshop_brand` WHERE `id` = 1 LIMIT 1   [ RunTime:0.0003s ]
INFO: [ view_parse ] --START--
INFO: [ template_filter ] --START--
INFO: Run Behavior\ContentReplaceBehavior [ RunTime:0.000074s ]
INFO: [ template_filter ] --END-- [ RunTime:0.000144s ]
INFO: Run Behavior\ParseTemplateBehavior [ RunTime:0.007458s ]
INFO: [ view_parse ] --END-- [ RunTime:0.007498s ]
INFO: [ view_filter ] --START--
INFO: Run Behavior\WriteHtmlCacheBehavior [ RunTime:0.000346s ]
INFO: [ view_filter ] --END-- [ RunTime:0.000373s ]
INFO: [ app_end ] --START--
INFO: Run Behavior\ShowPageTraceBehavior [ RunTime:0.000514s ]
INFO: [ app_end ] --END-- [ RunTime:0.000541s ]

[ 2018-05-08T21:32:01+08:00 ] 127.0.0.1 /Admin/Brand/edit/id/1.html
INFO: [ app_init ] --START--
INFO: Run Behavior\BuildLiteBehavior [ RunTime:0.000031s ]
INFO: [ app_init ] --END-- [ RunTime:0.001097s ]
INFO: [ app_begin ] --START--
INFO: Run Behavior\ReadHtmlCacheBehavior [ RunTime:0.001578s ]
INFO: [ app_begin ] --END-- [ RunTime:0.001718s ]
SQL: SHOW COLUMNS FROM `ecshop_admin` [ RunTime:0.0161s ]
SQL: SELECT `role_id` FROM `ecshop_admin` LIMIT 1   [ RunTime:0.0005s ]
SQL: SHOW COLUMNS FROM `ecshop_role` [ RunTime:0.0105s ]
SQL: SELECT `auth_id` FROM `ecshop_role` WHERE ( id in (1,2) )  [ RunTime:0.0007s ]
SQL: SHOW COLUMNS FROM `ecshop_auth` [ RunTime:0.0103s ]
SQL: SELECT * FROM `ecshop_auth` WHERE ( id in(1,2) )  [ RunTime:0.0004s ]
SQL: SHOW COLUMNS FROM `ecshop_brand` [ RunTime:0.0139s ]
SQL: SELECT * FROM `ecshop_brand` WHERE `id` = 1 LIMIT 1   [ RunTime:0.0004s ]
INFO: [ view_parse ] --START--
INFO: [ template_filter ] --START--
INFO: Run Behavior\ContentReplaceBehavior [ RunTime:0.000055s ]
INFO: [ template_filter ] --END-- [ RunTime:0.000113s ]
INFO: Run Behavior\ParseTemplateBehavior [ RunTime:0.006548s ]
INFO: [ view_parse ] --END-- [ RunTime:0.006609s ]
INFO: [ view_filter ] --START--
INFO: Run Behavior\WriteHtmlCacheBehavior [ RunTime:0.000555s ]
INFO: [ view_filter ] --END-- [ RunTime:0.000599s ]
INFO: [ app_end ] --START--
INFO: Run Behavior\ShowPageTraceBehavior [ RunTime:0.000538s ]
INFO: [ app_end ] --END-- [ RunTime:0.000566s ]

[ 2018-05-08T21:38:45+08:00 ] 127.0.0.1 /Admin/Brand/edit/id/1.html
INFO: [ app_init ] --START--
INFO: Run Behavior\BuildLiteBehavior [ RunTime:0.000009s ]
INFO: [ app_init ] --END-- [ RunTime:0.000337s ]
INFO: [ app_begin ] --START--
INFO: Run Behavior\ReadHtmlCacheBehavior [ RunTime:0.000937s ]
INFO: [ app_begin ] --END-- [ RunTime:0.001060s ]
SQL: SHOW COLUMNS FROM `ecshop_admin` [ RunTime:0.0163s ]
SQL: SELECT `role_id` FROM `ecshop_admin` LIMIT 1   [ RunTime:0.0006s ]
SQL: SHOW COLUMNS FROM `ecshop_role` [ RunTime:0.0106s ]
SQL: SELECT `auth_id` FROM `ecshop_role` WHERE ( id in (1,2) )  [ RunTime:0.0008s ]
SQL: SHOW COLUMNS FROM `ecshop_auth` [ RunTime:0.0119s ]
SQL: SELECT * FROM `ecshop_auth` WHERE ( id in(1,2) )  [ RunTime:0.0008s ]
SQL: SHOW COLUMNS FROM `ecshop_brand` [ RunTime:0.0089s ]
SQL: SELECT * FROM `ecshop_brand` WHERE `id` = 1 LIMIT 1   [ RunTime:0.0003s ]
INFO: [ view_parse ] --START--
INFO: [ template_filter ] --START--
INFO: Run Behavior\ContentReplaceBehavior [ RunTime:0.000040s ]
INFO: [ template_filter ] --END-- [ RunTime:0.000072s ]
INFO: Run Behavior\ParseTemplateBehavior [ RunTime:0.004855s ]
INFO: [ view_parse ] --END-- [ RunTime:0.004891s ]
INFO: [ view_filter ] --START--
INFO: Run Behavior\WriteHtmlCacheBehavior [ RunTime:0.000373s ]
INFO: [ view_filter ] --END-- [ RunTime:0.000399s ]
INFO: [ app_end ] --START--
INFO: Run Behavior\ShowPageTraceBehavior [ RunTime:0.000629s ]
INFO: [ app_end ] --END-- [ RunTime:0.000683s ]

[ 2018-05-08T21:40:14+08:00 ] 127.0.0.1 /Admin/Brand/edit/id/1.html
INFO: [ app_init ] --START--
INFO: Run Behavior\BuildLiteBehavior [ RunTime:0.000020s ]
INFO: [ app_init ] --END-- [ RunTime:0.000595s ]
INFO: [ app_begin ] --START--
INFO: Run Behavior\ReadHtmlCacheBehavior [ RunTime:0.000681s ]
INFO: [ app_begin ] --END-- [ RunTime:0.000751s ]
SQL: SHOW COLUMNS FROM `ecshop_admin` [ RunTime:0.0170s ]
SQL: SELECT `role_id` FROM `ecshop_admin` LIMIT 1   [ RunTime:0.0007s ]
SQL: SHOW COLUMNS FROM `ecshop_role` [ RunTime:0.0112s ]
SQL: SELECT `auth_id` FROM `ecshop_role` WHERE ( id in (1,2) )  [ RunTime:0.0005s ]
SQL: SHOW COLUMNS FROM `ecshop_auth` [ RunTime:0.0073s ]
SQL: SELECT * FROM `ecshop_auth` WHERE ( id in(1,2) )  [ RunTime:0.0006s ]
SQL: SHOW COLUMNS FROM `ecshop_brand` [ RunTime:0.0114s ]
SQL: SELECT * FROM `ecshop_brand` WHERE `id` = 1 LIMIT 1   [ RunTime:0.0004s ]
INFO: [ view_parse ] --START--
INFO: [ template_filter ] --START--
INFO: Run Behavior\ContentReplaceBehavior [ RunTime:0.000078s ]
INFO: [ template_filter ] --END-- [ RunTime:0.000145s ]
INFO: Run Behavior\ParseTemplateBehavior [ RunTime:0.009662s ]
INFO: [ view_parse ] --END-- [ RunTime:0.009735s ]
INFO: [ view_filter ] --START--
INFO: Run Behavior\WriteHtmlCacheBehavior [ RunTime:0.000671s ]
INFO: [ view_filter ] --END-- [ RunTime:0.000726s ]
INFO: [ app_end ] --START--
INFO: Run Behavior\ShowPageTraceBehavior [ RunTime:0.000950s ]
INFO: [ app_end ] --END-- [ RunTime:0.001006s ]

[ 2018-05-08T21:40:25+08:00 ] 127.0.0.1 /Admin/Brand/edit/id/1.html
INFO: [ app_init ] --START--
INFO: Run Behavior\BuildLiteBehavior [ RunTime:0.000012s ]
INFO: [ app_init ] --END-- [ RunTime:0.000320s ]
INFO: [ app_begin ] --START--
INFO: Run Behavior\ReadHtmlCacheBehavior [ RunTime:0.000315s ]
INFO: [ app_begin ] --END-- [ RunTime:0.000351s ]
SQL: SHOW COLUMNS FROM `ecshop_admin` [ RunTime:0.0159s ]
SQL: SELECT `role_id` FROM `ecshop_admin` LIMIT 1   [ RunTime:0.0006s ]
SQL: SHOW COLUMNS FROM `ecshop_role` [ RunTime:0.0098s ]
SQL: SELECT `auth_id` FROM `ecshop_role` WHERE ( id in (1,2) )  [ RunTime:0.0007s ]
SQL: SHOW COLUMNS FROM `ecshop_auth` [ RunTime:0.0120s ]
SQL: SELECT * FROM `ecshop_auth` WHERE ( id in(1,2) )  [ RunTime:0.0004s ]
SQL: SHOW COLUMNS FROM `ecshop_brand` [ RunTime:0.0091s ]
NOTIC: [8] Undefined index: validate E:\WWW\myprotect\ThinkPHP\Library\Think\Model.class.php 第 1185 行.
NOTIC: [8] Undefined index: auto E:\WWW\myprotect\ThinkPHP\Library\Think\Model.class.php 第 1128 行.
NOTIC: [2] call_user_func() expects parameter 1 to be a valid callback, no array or string given E:\WWW\myprotect\ThinkPHP\Library\Think\Upload.class.php 第 170 行.
NOTIC: [2] unlink(./Public/Uploads/): Permission denied E:\WWW\myprotect\Shop\Common\Common\function.php 第 100 行.
SQL: UPDATE `ecshop_brand` SET `brand_name`='诺基亚',`site_url`='gwe',`logo`='Brand/2018-05-08/5af1a8c9d4c50.gif' WHERE `id` = 1 [ RunTime:0.0322s ]
INFO: [ view_parse ] --START--
INFO: [ template_filter ] --START--
INFO: Run Behavior\ContentReplaceBehavior [ RunTime:0.000035s ]
INFO: [ template_filter ] --END-- [ RunTime:0.000067s ]
INFO: Run Behavior\ParseTemplateBehavior [ RunTime:0.006847s ]
INFO: [ view_parse ] --END-- [ RunTime:0.006882s ]
INFO: [ view_filter ] --START--
INFO: Run Behavior\WriteHtmlCacheBehavior [ RunTime:0.000967s ]
INFO: [ view_filter ] --END-- [ RunTime:0.000994s ]

[ 2018-05-08T21:40:28+08:00 ] 127.0.0.1 /Admin/Brand/lst/p/1.html
INFO: [ app_init ] --START--
INFO: Run Behavior\BuildLiteBehavior [ RunTime:0.000016s ]
INFO: [ app_init ] --END-- [ RunTime:0.000838s ]
INFO: [ app_begin ] --START--
INFO: Run Behavior\ReadHtmlCacheBehavior [ RunTime:0.002853s ]
INFO: [ app_begin ] --END-- [ RunTime:0.002988s ]
SQL: SHOW COLUMNS FROM `ecshop_admin` [ RunTime:0.0162s ]
SQL: SELECT `role_id` FROM `ecshop_admin` LIMIT 1   [ RunTime:0.0006s ]
SQL: SHOW COLUMNS FROM `ecshop_role` [ RunTime:0.0107s ]
SQL: SELECT `auth_id` FROM `ecshop_role` WHERE ( id in (1,2) )  [ RunTime:0.0008s ]
SQL: SHOW COLUMNS FROM `ecshop_auth` [ RunTime:0.0111s ]
SQL: SELECT * FROM `ecshop_auth` WHERE ( id in(1,2) )  [ RunTime:0.0007s ]
SQL: SHOW COLUMNS FROM `ecshop_brand` [ RunTime:0.0129s ]
SQL: SELECT COUNT(*) AS tp_count FROM ecshop_brand a LIMIT 1   [ RunTime:0.0002s ]
SQL: SELECT * FROM ecshop_brand a GROUP BY a.id LIMIT 0,10   [ RunTime:0.0003s ]
INFO: [ view_parse ] --START--
INFO: [ template_filter ] --START--
INFO: Run Behavior\ContentReplaceBehavior [ RunTime:0.000043s ]
INFO: [ template_filter ] --END-- [ RunTime:0.000100s ]
INFO: Run Behavior\ParseTemplateBehavior [ RunTime:0.159591s ]
INFO: [ view_parse ] --END-- [ RunTime:0.159632s ]
INFO: [ view_filter ] --START--
INFO: Run Behavior\WriteHtmlCacheBehavior [ RunTime:0.001102s ]
INFO: [ view_filter ] --END-- [ RunTime:0.001132s ]
INFO: [ app_end ] --START--
INFO: Run Behavior\ShowPageTraceBehavior [ RunTime:0.001083s ]
INFO: [ app_end ] --END-- [ RunTime:0.001110s ]

[ 2018-05-08T21:40:39+08:00 ] 127.0.0.1 /Admin/Brand/edit/id/3/p/1.html
INFO: [ app_init ] --START--
INFO: Run Behavior\BuildLiteBehavior [ RunTime:0.000010s ]
INFO: [ app_init ] --END-- [ RunTime:0.000664s ]
INFO: [ app_begin ] --START--
INFO: Run Behavior\ReadHtmlCacheBehavior [ RunTime:0.001082s ]
INFO: [ app_begin ] --END-- [ RunTime:0.001120s ]
SQL: SHOW COLUMNS FROM `ecshop_admin` [ RunTime:0.0156s ]
SQL: SELECT `role_id` FROM `ecshop_admin` LIMIT 1   [ RunTime:0.0006s ]
SQL: SHOW COLUMNS FROM `ecshop_role` [ RunTime:0.0100s ]
SQL: SELECT `auth_id` FROM `ecshop_role` WHERE ( id in (1,2) )  [ RunTime:0.0007s ]
SQL: SHOW COLUMNS FROM `ecshop_auth` [ RunTime:0.0106s ]
SQL: SELECT * FROM `ecshop_auth` WHERE ( id in(1,2) )  [ RunTime:0.0008s ]
SQL: SHOW COLUMNS FROM `ecshop_brand` [ RunTime:0.0087s ]
SQL: SELECT * FROM `ecshop_brand` WHERE `id` = 3 LIMIT 1   [ RunTime:0.0003s ]
INFO: [ view_parse ] --START--
INFO: [ template_filter ] --START--
INFO: Run Behavior\ContentReplaceBehavior [ RunTime:0.000041s ]
INFO: [ template_filter ] --END-- [ RunTime:0.000076s ]
INFO: Run Behavior\ParseTemplateBehavior [ RunTime:0.008423s ]
INFO: [ view_parse ] --END-- [ RunTime:0.008526s ]
INFO: [ view_filter ] --START--
INFO: Run Behavior\WriteHtmlCacheBehavior [ RunTime:0.001138s ]
INFO: [ view_filter ] --END-- [ RunTime:0.001175s ]
INFO: [ app_end ] --START--
INFO: Run Behavior\ShowPageTraceBehavior [ RunTime:0.001130s ]
INFO: [ app_end ] --END-- [ RunTime:0.001158s ]

[ 2018-05-08T21:40:49+08:00 ] 127.0.0.1 /Admin/Brand/edit/id/3/p/1.html
INFO: [ app_init ] --START--
INFO: Run Behavior\BuildLiteBehavior [ RunTime:0.000008s ]
INFO: [ app_init ] --END-- [ RunTime:0.000319s ]
INFO: [ app_begin ] --START--
INFO: Run Behavior\ReadHtmlCacheBehavior [ RunTime:0.000571s ]
INFO: [ app_begin ] --END-- [ RunTime:0.000606s ]
SQL: SHOW COLUMNS FROM `ecshop_admin` [ RunTime:0.0157s ]
SQL: SELECT `role_id` FROM `ecshop_admin` LIMIT 1   [ RunTime:0.0006s ]
SQL: SHOW COLUMNS FROM `ecshop_role` [ RunTime:0.0093s ]
SQL: SELECT `auth_id` FROM `ecshop_role` WHERE ( id in (1,2) )  [ RunTime:0.0006s ]
SQL: SHOW COLUMNS FROM `ecshop_auth` [ RunTime:0.0114s ]
SQL: SELECT * FROM `ecshop_auth` WHERE ( id in(1,2) )  [ RunTime:0.0007s ]
SQL: SHOW COLUMNS FROM `ecshop_brand` [ RunTime:0.0103s ]
NOTIC: [8] Undefined index: validate E:\WWW\myprotect\ThinkPHP\Library\Think\Model.class.php 第 1185 行.
NOTIC: [8] Undefined index: auto E:\WWW\myprotect\ThinkPHP\Library\Think\Model.class.php 第 1128 行.
NOTIC: [2] call_user_func() expects parameter 1 to be a valid callback, no array or string given E:\WWW\myprotect\ThinkPHP\Library\Think\Upload.class.php 第 170 行.
NOTIC: [2] unlink(./Public/Uploads/): Permission denied E:\WWW\myprotect\Shop\Common\Common\function.php 第 100 行.
SQL: UPDATE `ecshop_brand` SET `brand_name`='苹果',`site_url`='www.apple.com',`logo`='Brand/2018-05-08/5af1a8e103e2f.jpg' WHERE `id` = 3 [ RunTime:0.0004s ]
INFO: [ view_parse ] --START--
INFO: [ template_filter ] --START--
INFO: Run Behavior\ContentReplaceBehavior [ RunTime:0.000034s ]
INFO: [ template_filter ] --END-- [ RunTime:0.000067s ]
INFO: Run Behavior\ParseTemplateBehavior [ RunTime:0.005516s ]
INFO: [ view_parse ] --END-- [ RunTime:0.005583s ]
INFO: [ view_filter ] --START--
INFO: Run Behavior\WriteHtmlCacheBehavior [ RunTime:0.001155s ]
INFO: [ view_filter ] --END-- [ RunTime:0.001218s ]

[ 2018-05-08T21:40:51+08:00 ] 127.0.0.1 /Admin/Brand/lst/p/1.html
INFO: [ app_init ] --START--
INFO: Run Behavior\BuildLiteBehavior [ RunTime:0.000035s ]
INFO: [ app_init ] --END-- [ RunTime:0.000891s ]
INFO: [ app_begin ] --START--
INFO: Run Behavior\ReadHtmlCacheBehavior [ RunTime:0.001353s ]
INFO: [ app_begin ] --END-- [ RunTime:0.001438s ]
SQL: SHOW COLUMNS FROM `ecshop_admin` [ RunTime:0.0180s ]
SQL: SELECT `role_id` FROM `ecshop_admin` LIMIT 1   [ RunTime:0.0006s ]
SQL: SHOW COLUMNS FROM `ecshop_role` [ RunTime:0.0076s ]
SQL: SELECT `auth_id` FROM `ecshop_role` WHERE ( id in (1,2) )  [ RunTime:0.0004s ]
SQL: SHOW COLUMNS FROM `ecshop_auth` [ RunTime:0.0075s ]
SQL: SELECT * FROM `ecshop_auth` WHERE ( id in(1,2) )  [ RunTime:0.0005s ]
SQL: SHOW COLUMNS FROM `ecshop_brand` [ RunTime:0.0071s ]
SQL: SELECT COUNT(*) AS tp_count FROM ecshop_brand a LIMIT 1   [ RunTime:0.0003s ]
SQL: SELECT * FROM ecshop_brand a GROUP BY a.id LIMIT 0,10   [ RunTime:0.0004s ]
INFO: [ view_parse ] --START--
INFO: [ template_filter ] --START--
INFO: Run Behavior\ContentReplaceBehavior [ RunTime:0.000058s ]
INFO: [ template_filter ] --END-- [ RunTime:0.000115s ]
INFO: Run Behavior\ParseTemplateBehavior [ RunTime:0.077218s ]
INFO: [ view_parse ] --END-- [ RunTime:0.077423s ]
INFO: [ view_filter ] --START--
INFO: Run Behavior\WriteHtmlCacheBehavior [ RunTime:0.002127s ]
INFO: [ view_filter ] --END-- [ RunTime:0.002203s ]
INFO: [ app_end ] --START--
INFO: Run Behavior\ShowPageTraceBehavior [ RunTime:0.000779s ]
INFO: [ app_end ] --END-- [ RunTime:0.000817s ]

[ 2018-05-08T21:40:59+08:00 ] 127.0.0.1 /Admin/Brand/edit/id/2/p/1.html
INFO: [ app_init ] --START--
INFO: Run Behavior\BuildLiteBehavior [ RunTime:0.000009s ]
INFO: [ app_init ] --END-- [ RunTime:0.000358s ]
INFO: [ app_begin ] --START--
INFO: Run Behavior\ReadHtmlCacheBehavior [ RunTime:0.000567s ]
INFO: [ app_begin ] --END-- [ RunTime:0.000603s ]
SQL: SHOW COLUMNS FROM `ecshop_admin` [ RunTime:0.0163s ]
SQL: SELECT `role_id` FROM `ecshop_admin` LIMIT 1   [ RunTime:0.0006s ]
SQL: SHOW COLUMNS FROM `ecshop_role` [ RunTime:0.0101s ]
SQL: SELECT `auth_id` FROM `ecshop_role` WHERE ( id in (1,2) )  [ RunTime:0.0008s ]
SQL: SHOW COLUMNS FROM `ecshop_auth` [ RunTime:0.0078s ]
SQL: SELECT * FROM `ecshop_auth` WHERE ( id in(1,2) )  [ RunTime:0.0004s ]
SQL: SHOW COLUMNS FROM `ecshop_brand` [ RunTime:0.0046s ]
SQL: SELECT * FROM `ecshop_brand` WHERE `id` = 2 LIMIT 1   [ RunTime:0.0003s ]
INFO: [ view_parse ] --START--
INFO: [ template_filter ] --START--
INFO: Run Behavior\ContentReplaceBehavior [ RunTime:0.000074s ]
INFO: [ template_filter ] --END-- [ RunTime:0.000144s ]
INFO: Run Behavior\ParseTemplateBehavior [ RunTime:0.006350s ]
INFO: [ view_parse ] --END-- [ RunTime:0.006391s ]
INFO: [ view_filter ] --START--
INFO: Run Behavior\WriteHtmlCacheBehavior [ RunTime:0.000423s ]
INFO: [ view_filter ] --END-- [ RunTime:0.000450s ]
INFO: [ app_end ] --START--
INFO: Run Behavior\ShowPageTraceBehavior [ RunTime:0.000662s ]
INFO: [ app_end ] --END-- [ RunTime:0.000690s ]

[ 2018-05-08T21:41:05+08:00 ] 127.0.0.1 /Admin/Brand/edit/id/2/p/1.html
INFO: [ app_init ] --START--
INFO: Run Behavior\BuildLiteBehavior [ RunTime:0.000008s ]
INFO: [ app_init ] --END-- [ RunTime:0.000273s ]
INFO: [ app_begin ] --START--
INFO: Run Behavior\ReadHtmlCacheBehavior [ RunTime:0.000668s ]
INFO: [ app_begin ] --END-- [ RunTime:0.000716s ]
SQL: SHOW COLUMNS FROM `ecshop_admin` [ RunTime:0.0171s ]
SQL: SELECT `role_id` FROM `ecshop_admin` LIMIT 1   [ RunTime:0.0006s ]
SQL: SHOW COLUMNS FROM `ecshop_role` [ RunTime:0.0107s ]
SQL: SELECT `auth_id` FROM `ecshop_role` WHERE ( id in (1,2) )  [ RunTime:0.0013s ]
SQL: SHOW COLUMNS FROM `ecshop_auth` [ RunTime:0.0104s ]
SQL: SELECT * FROM `ecshop_auth` WHERE ( id in(1,2) )  [ RunTime:0.0005s ]
SQL: SHOW COLUMNS FROM `ecshop_brand` [ RunTime:0.0100s ]
NOTIC: [8] Undefined index: validate E:\WWW\myprotect\ThinkPHP\Library\Think\Model.class.php 第 1185 行.
NOTIC: [8] Undefined index: auto E:\WWW\myprotect\ThinkPHP\Library\Think\Model.class.php 第 1128 行.
NOTIC: [2] call_user_func() expects parameter 1 to be a valid callback, no array or string given E:\WWW\myprotect\ThinkPHP\Library\Think\Upload.class.php 第 170 行.
NOTIC: [2] unlink(./Public/Uploads/): Permission denied E:\WWW\myprotect\Shop\Common\Common\function.php 第 100 行.
SQL: UPDATE `ecshop_brand` SET `brand_name`='小米',`site_url`='www.xiaomi.com',`logo`='Brand/2018-05-08/5af1a8f18f6df.gif' WHERE `id` = 2 [ RunTime:0.0004s ]
INFO: [ view_parse ] --START--
INFO: [ template_filter ] --START--
INFO: Run Behavior\ContentReplaceBehavior [ RunTime:0.000033s ]
INFO: [ template_filter ] --END-- [ RunTime:0.000068s ]
INFO: Run Behavior\ParseTemplateBehavior [ RunTime:0.004821s ]
INFO: [ view_parse ] --END-- [ RunTime:0.004893s ]
INFO: [ view_filter ] --START--
INFO: Run Behavior\WriteHtmlCacheBehavior [ RunTime:0.000512s ]
INFO: [ view_filter ] --END-- [ RunTime:0.000541s ]

[ 2018-05-08T21:41:07+08:00 ] 127.0.0.1 /Admin/Brand/lst/p/1.html
INFO: [ app_init ] --START--
INFO: Run Behavior\BuildLiteBehavior [ RunTime:0.000014s ]
INFO: [ app_init ] --END-- [ RunTime:0.000479s ]
INFO: [ app_begin ] --START--
INFO: Run Behavior\ReadHtmlCacheBehavior [ RunTime:0.001021s ]
INFO: [ app_begin ] --END-- [ RunTime:0.001088s ]
SQL: SHOW COLUMNS FROM `ecshop_admin` [ RunTime:0.0139s ]
SQL: SELECT `role_id` FROM `ecshop_admin` LIMIT 1   [ RunTime:0.0013s ]
SQL: SHOW COLUMNS FROM `ecshop_role` [ RunTime:0.0047s ]
SQL: SELECT `auth_id` FROM `ecshop_role` WHERE ( id in (1,2) )  [ RunTime:0.0002s ]
SQL: SHOW COLUMNS FROM `ecshop_auth` [ RunTime:0.0035s ]
SQL: SELECT * FROM `ecshop_auth` WHERE ( id in(1,2) )  [ RunTime:0.0004s ]
SQL: SHOW COLUMNS FROM `ecshop_brand` [ RunTime:0.0039s ]
SQL: SELECT COUNT(*) AS tp_count FROM ecshop_brand a LIMIT 1   [ RunTime:0.0003s ]
SQL: SELECT * FROM ecshop_brand a GROUP BY a.id LIMIT 0,10   [ RunTime:0.0003s ]
INFO: [ view_parse ] --START--
INFO: [ template_filter ] --START--
INFO: Run Behavior\ContentReplaceBehavior [ RunTime:0.000042s ]
INFO: [ template_filter ] --END-- [ RunTime:0.000075s ]
INFO: Run Behavior\ParseTemplateBehavior [ RunTime:0.065087s ]
INFO: [ view_parse ] --END-- [ RunTime:0.065127s ]
INFO: [ view_filter ] --START--
INFO: Run Behavior\WriteHtmlCacheBehavior [ RunTime:0.000535s ]
INFO: [ view_filter ] --END-- [ RunTime:0.000563s ]
INFO: [ app_end ] --START--
INFO: Run Behavior\ShowPageTraceBehavior [ RunTime:0.000587s ]
INFO: [ app_end ] --END-- [ RunTime:0.000615s ]

[ 2018-05-08T21:41:43+08:00 ] 127.0.0.1 /Admin/Brand/delete/id/3/p/1.html
INFO: [ app_init ] --START--
INFO: Run Behavior\BuildLiteBehavior [ RunTime:0.000019s ]
INFO: [ app_init ] --END-- [ RunTime:0.000609s ]
INFO: [ app_begin ] --START--
INFO: Run Behavior\ReadHtmlCacheBehavior [ RunTime:0.001085s ]
INFO: [ app_begin ] --END-- [ RunTime:0.001164s ]
SQL: SHOW COLUMNS FROM `ecshop_admin` [ RunTime:0.0165s ]
SQL: SELECT `role_id` FROM `ecshop_admin` LIMIT 1   [ RunTime:0.0006s ]
SQL: SHOW COLUMNS FROM `ecshop_role` [ RunTime:0.0108s ]
SQL: SELECT `auth_id` FROM `ecshop_role` WHERE ( id in (1,2) )  [ RunTime:0.0007s ]
SQL: SHOW COLUMNS FROM `ecshop_auth` [ RunTime:0.0068s ]
SQL: SELECT * FROM `ecshop_auth` WHERE ( id in(1,2) )  [ RunTime:0.0004s ]
SQL: SHOW COLUMNS FROM `ecshop_brand` [ RunTime:0.0055s ]
SQL: SELECT `logo` FROM `ecshop_brand` WHERE `id` = 3 LIMIT 1   [ RunTime:0.0002s ]
SQL: DELETE FROM `ecshop_brand` WHERE `id` = 3 [ RunTime:0.0003s ]
INFO: [ view_parse ] --START--
INFO: [ template_filter ] --START--
INFO: Run Behavior\ContentReplaceBehavior [ RunTime:0.000035s ]
INFO: [ template_filter ] --END-- [ RunTime:0.000075s ]
INFO: Run Behavior\ParseTemplateBehavior [ RunTime:0.004670s ]
INFO: [ view_parse ] --END-- [ RunTime:0.004710s ]
INFO: [ view_filter ] --START--
INFO: Run Behavior\WriteHtmlCacheBehavior [ RunTime:0.000632s ]
INFO: [ view_filter ] --END-- [ RunTime:0.000681s ]

[ 2018-05-08T21:41:45+08:00 ] 127.0.0.1 /Admin/Brand/lst/p/1.html
INFO: [ app_init ] --START--
INFO: Run Behavior\BuildLiteBehavior [ RunTime:0.000012s ]
INFO: [ app_init ] --END-- [ RunTime:0.000544s ]
INFO: [ app_begin ] --START--
INFO: Run Behavior\ReadHtmlCacheBehavior [ RunTime:0.001104s ]
INFO: [ app_begin ] --END-- [ RunTime:0.001231s ]
SQL: SHOW COLUMNS FROM `ecshop_admin` [ RunTime:0.0120s ]
SQL: SELECT `role_id` FROM `ecshop_admin` LIMIT 1   [ RunTime:0.0002s ]
SQL: SHOW COLUMNS FROM `ecshop_role` [ RunTime:0.0034s ]
SQL: SELECT `auth_id` FROM `ecshop_role` WHERE ( id in (1,2) )  [ RunTime:0.0003s ]
SQL: SHOW COLUMNS FROM `ecshop_auth` [ RunTime:0.0037s ]
SQL: SELECT * FROM `ecshop_auth` WHERE ( id in(1,2) )  [ RunTime:0.0003s ]
SQL: SHOW COLUMNS FROM `ecshop_brand` [ RunTime:0.0037s ]
SQL: SELECT COUNT(*) AS tp_count FROM ecshop_brand a LIMIT 1   [ RunTime:0.0002s ]
SQL: SELECT * FROM ecshop_brand a GROUP BY a.id LIMIT 0,10   [ RunTime:0.0002s ]
INFO: [ view_parse ] --START--
INFO: [ template_filter ] --START--
INFO: Run Behavior\ContentReplaceBehavior [ RunTime:0.000043s ]
INFO: [ template_filter ] --END-- [ RunTime:0.000079s ]
INFO: Run Behavior\ParseTemplateBehavior [ RunTime:0.073631s ]
INFO: [ view_parse ] --END-- [ RunTime:0.073677s ]
INFO: [ view_filter ] --START--
INFO: Run Behavior\WriteHtmlCacheBehavior [ RunTime:0.000200s ]
INFO: [ view_filter ] --END-- [ RunTime:0.000226s ]
INFO: [ app_end ] --START--
INFO: Run Behavior\ShowPageTraceBehavior [ RunTime:0.000465s ]
INFO: [ app_end ] --END-- [ RunTime:0.000491s ]

